0.23467092216014862
0.29726147651672363
0.2884419858455658
0.2526722550392151
0.21330691874027252
0.32598647475242615
0.23862487077713013
0.11992723494768143
0.2378215789794922
0.263616681098938
0.3790096044540405
0.34658706188201904
0.3670814335346222
0.22943881154060364
0.2693801820278168
0.4047417938709259
0.3042924106121063
0.2158561795949936
0.24082425236701965
0.4130261540412903
0.3714861273765564
0.2944066822528839
0.3568969666957855
0.2977786362171173
0.2682792842388153
0.39000287652015686
0.219894140958786
0.18193981051445007
0.48497122526168823
0.2395845502614975
0.22796525061130524
0.2892996668815613
0.17633074522018433
0.31518858671188354
0.463828444480896
0.34556102752685547
0.41483578085899353
0.30502849817276
0.1803845763206482
0.37858590483665466
0.2691330015659332
0.21345333755016327
0.32897883653640747
0.32638078927993774
0.32863494753837585
0.11309139430522919
0.2806870639324188
0.260590523481369
0.14267750084400177
0.1966722011566162
0.28061991930007935
0.2576037645339966
0.4894339144229889
0.43078529834747314
0.22180913388729095
0.34187015891075134
0.25821012258529663
0.18200814723968506
0.2815820276737213
0.31875061988830566
0.2449360340833664
0.28156039118766785
0.3385019600391388
0.27284321188926697
0.24295377731323242
0.3317464590072632
0.25072139501571655
0.3207037150859833
0.4427521526813507
0.30969706177711487
0.4077836871147156
0.23400764167308807
0.1897813081741333
0.30770325660705566
0.39876458048820496
0.2608290910720825
0.3323840796947479
0.4001246690750122
0.2857258915901184
0.2948426306247711
0.20500408113002777
0.21533364057540894
0.302936315536499
0.38111189007759094
0.5003498792648315
0.19225895404815674
0.20784075558185577
0.25267836451530457
0.27447789907455444
0.5952837467193604
0.22030605375766754
0.35765567421913147
0.36314934492111206
0.20576728880405426
0.1965092271566391
0.5454242825508118
0.2462659478187561
0.329619437456131
0.2012183666229248
0.2279459536075592
0.29074278473854065
0.3208085298538208
0.16663891077041626
0.2497745007276535
0.31053099036216736
0.37269648909568787
0.3565569818019867
0.24684889614582062
0.27547523379325867
0.25498056411743164
0.5635163187980652
0.18864226341247559
0.2773432731628418
0.1729469895362854
0.3034524619579315
0.20154795050621033
0.19935283064842224
0.34042319655418396
0.17200277745723724
0.26897725462913513
0.3332561254501343
0.3335782587528229
0.22973079979419708
0.10834262520074844
0.5879987478256226
0.29334524273872375
0.19769611954689026
0.3092747926712036
0.167854443192482
0.3010842204093933
0.20473697781562805
0.1254746913909912
0.2167472392320633
0.20828713476657867
0.34368300437927246
0.22851203382015228
0.5795437097549438
0.37784984707832336
0.1569649577140808
0.3210519254207611
0.37144824862480164
0.38658738136291504
0.13960805535316467
0.16570983827114105
0.4004364013671875
0.5248306393623352
0.25301268696784973
0.3674425184726715
0.3137610852718353
0.27761712670326233
0.2051209658384323
0.15557990968227386
0.22887367010116577
0.264312744140625
0.39160487055778503
0.4908592998981476
0.1906009018421173
0.2939532399177551
0.15000316500663757
0.2483295351266861
0.22302505373954773
0.3288230299949646
0.3444366753101349
0.2633548676967621
0.2419479340314865
0.34772828221321106
0.37475112080574036
0.40513038635253906
0.16606274247169495
0.26201629638671875
0.12655708193778992
0.30935466289520264
0.26990807056427
0.19751113653182983
0.17125919461250305
0.2492666244506836
0.1746932715177536
0.14735041558742523
0.2442038655281067
0.34639739990234375
0.35313576459884644
0.2576715052127838
0.20385031402111053
0.20767845213413239
0.28495433926582336
0.346418559551239
0.2099793553352356
0.2775876224040985
0.5198622345924377
0.24045322835445404
0.24050885438919067
0.2866828441619873
0.17992542684078217
0.33560141921043396
0.2184954434633255
0.23207969963550568
0.20822297036647797
0.1393624246120453
0.4576159715652466
0.23942238092422485
0.19210608303546906
0.37194210290908813
0.21547219157218933
0.2517555356025696
0.3448655605316162
0.2640284299850464
0.28503739833831787
0.25816723704338074
0.2044277936220169
0.31253582239151
0.2713022232055664
0.14851005375385284
0.40297484397888184
0.16578786075115204
0.19827906787395477
0.2780766785144806
0.24989596009254456
0.14075228571891785
0.18268117308616638
0.19333896040916443
0.16380813717842102
0.2594132721424103
0.5218469500541687
0.32034584879875183
0.2519757151603699
0.17498329281806946
0.17728878557682037
0.18127897381782532
0.2563801109790802
0.3576154410839081
0.5185515284538269
0.30150097608566284
0.21978287398815155
0.34002602100372314
0.30709728598594666
0.25212305784225464
0.26164355874061584
0.33903583884239197
0.26887014508247375
0.3218570351600647
0.3886336386203766
0.28828397393226624
0.23070788383483887
0.25657033920288086
0.22651726007461548
0.2467324286699295
0.2798738479614258
0.2199982851743698
0.3199029862880707
0.2690315544605255
0.4336124658584595
0.14579789340496063
0.19226515293121338
0.20179322361946106
0.1495640128850937
0.36615243554115295
0.2305917590856552
0.3005838990211487
0.16251422464847565
0.25765931606292725
0.4040854275226593
0.33917465806007385
0.21993057429790497
0.40635401010513306
0.2815893292427063
0.2901763916015625
0.14552301168441772
0.1497003585100174
0.19869670271873474
0.3803403973579407
0.2326383739709854
0.3401864171028137
0.1536320298910141
0.34101346135139465
0.1522059589624405
0.3929717242717743
0.5661244988441467
0.1772618591785431
0.18906661868095398
0.13544760644435883
0.28369396924972534
0.17872682213783264
0.1343398541212082
0.24132469296455383
0.16843187808990479
0.1229306012392044
0.2545803189277649
0.26991337537765503
0.24750936031341553
0.32657063007354736
0.17788571119308472
0.41525840759277344
0.30085429549217224
0.2171572893857956
0.24330435693264008
0.387169748544693
0.23538823425769806
0.39759886264801025
0.5516597628593445
0.31636595726013184
0.19386206567287445
0.2972770631313324
0.21450479328632355
0.18444156646728516
0.1668989658355713
0.24495083093643188
0.24322116374969482
0.21456599235534668
0.26698070764541626
0.2309872806072235
0.2194424867630005
0.2964370846748352
0.30339571833610535
0.15665854513645172
0.4813401699066162
0.2372836023569107
0.24995099008083344
0.27902084589004517
0.324203222990036
0.4285144805908203
0.3690488338470459
0.220354825258255
0.2572702169418335
0.2607730031013489
0.4202907085418701
0.3374823331832886
0.38611721992492676
0.328350305557251
0.27219852805137634
0.4531020224094391
0.29475483298301697
0.19461609423160553
0.26410508155822754
0.31934815645217896
0.25035205483436584
0.20575478672981262
0.19921578466892242
0.12194173038005829
0.3248956501483917
0.19513793289661407
0.27972352504730225
0.29886361956596375
0.1977059692144394
0.2952497601509094
0.20897501707077026
0.3399434983730316
0.25406453013420105
0.14736682176589966
0.12926827371120453
0.17185278236865997
0.24080191552639008
0.3127296566963196
0.20387358963489532
0.6148235201835632
0.24762558937072754
0.21117736399173737
0.2614763081073761
0.21912693977355957
0.2280672937631607
0.29876708984375
0.15354356169700623
0.24705778062343597
0.410788357257843
0.2565540075302124
0.22163070738315582
0.23641741275787354
0.4305046498775482
0.36737290024757385
0.17985521256923676
0.1739802062511444
0.1675582081079483
0.28461095690727234
0.17443643510341644
0.2740705609321594
0.3823178708553314
0.205241397023201
0.36554664373397827
0.2137501984834671
0.16599643230438232
0.23739315569400787
0.36359575390815735
0.31395915150642395
0.2598741054534912
0.23787137866020203
0.3141440749168396
0.25424671173095703
0.23834583163261414
0.30697089433670044
0.3613748848438263
0.1870684027671814
0.33671095967292786
0.29744184017181396
0.25569501519203186
0.18447090685367584
0.39330971240997314
0.20957748591899872
0.516551673412323
0.18786486983299255
0.24123267829418182
0.22694502770900726
0.19526910781860352
0.30462130904197693
0.2222861349582672
0.11640765517950058
0.3644070625305176
0.24162256717681885
0.23526199162006378
0.37622225284576416
0.29708847403526306
0.2670581340789795
0.25042724609375
0.4021449685096741
0.28351709246635437
0.2859908938407898
0.45675578713417053
0.21493926644325256
0.18983478844165802
0.2049165964126587
0.3638688623905182
0.31158876419067383
0.13976138830184937
0.3454402983188629
0.09565851092338562
0.5434553027153015
0.23059779405593872
0.09952008724212646
0.17708121240139008
0.1836702525615692
0.32340121269226074
0.28070372343063354
0.24822330474853516
0.19075028598308563
0.14646223187446594
0.3997684419155121
0.12476193904876709
0.33180874586105347
0.33658137917518616
0.18059518933296204
0.15954653918743134
0.17483140528202057
0.2538051903247833
0.2847438156604767
0.22379517555236816
0.3361729085445404
0.2511211037635803
0.20879821479320526
0.4075287878513336
0.18737246096134186
0.20981067419052124
0.3386233448982239
0.1637129783630371
0.1872500479221344
0.22834108769893646
0.17278549075126648
0.14788347482681274
0.30325236916542053
0.18571420013904572
0.2000960260629654
0.1557188779115677
0.4906633198261261
0.21915659308433533
0.2414303570985794
0.22701968252658844
0.18062232434749603
0.27744409441947937
0.24828553199768066
0.31742510199546814
0.3273482918739319
0.21080921590328217
0.08371370285749435
0.19138994812965393
0.14101269841194153
0.21330280601978302
0.25136157870292664
0.5091568231582642
0.29298046231269836
0.22180800139904022
0.12227778136730194
0.1928177922964096
0.4699099063873291
0.3799804449081421
0.1282651573419571
0.2510899305343628
0.16958941519260406
0.3677734136581421
0.26757532358169556
0.28698840737342834
0.13331739604473114
0.17136962711811066
0.28876495361328125
0.17983873188495636
0.2961152195930481
0.22745446860790253
0.10448328405618668
0.3233422040939331
0.13381095230579376
0.23259080946445465
0.21843960881233215
0.3123563230037689
0.10276210308074951
0.3297468423843384
0.1483374834060669
0.21875052154064178
0.171646386384964
0.2289859503507614
0.1458820253610611
0.21039918065071106
0.2600441575050354
0.32339173555374146
0.1482858657836914
0.06375758349895477
0.14547888934612274
0.30706286430358887
0.3002965450286865
0.19949468970298767
0.13039840757846832
0.27888765931129456
0.3462715148925781
0.4489256739616394
0.23238210380077362
0.27824708819389343
0.26068124175071716
0.338772177696228
0.1920998990535736
0.2304524928331375
0.35000601410865784
0.4102979600429535
0.06664271652698517
0.24947381019592285
0.23998185992240906
0.17657683789730072
0.26261287927627563
0.22004084289073944
0.1266992688179016
0.3566264808177948
0.12532871961593628
0.32357218861579895
0.14362496137619019
0.22108356654644012
0.24393390119075775
0.16889606416225433
0.44061702489852905
0.19259680807590485
0.26051753759384155
0.31439095735549927
0.15497595071792603
0.2864210903644562
0.2787879407405853
0.11108729988336563
0.15144112706184387
0.31091246008872986
0.3528996407985687
0.24099615216255188
0.15681320428848267
0.29836148023605347
0.3122437000274658
0.39149239659309387
0.36407023668289185
0.15004637837409973
0.26370179653167725
0.2751534581184387
0.1684543639421463
0.19063176214694977
0.0919758528470993
0.21603752672672272
0.2741641104221344
0.3374619781970978
0.18767507374286652
0.1310134381055832
0.21179458498954773
0.31380677223205566
0.12936128675937653
0.12577810883522034
0.1544211059808731
0.3125961422920227
0.14033648371696472
0.30187177658081055
0.2761876881122589
0.08017310500144958
0.28791543841362
0.284582257270813
0.2486695945262909
0.2497359663248062
0.29945001006126404
0.22026415169239044
0.2936284840106964
0.13689278066158295
0.19459818303585052
0.40651434659957886
0.25278234481811523
0.15876393020153046
0.18392853438854218
0.1924738883972168
0.1967034935951233
0.23523631691932678
0.16852475702762604
0.22212165594100952
0.32442232966423035
0.23272748291492462
0.12090573459863663
0.2579038143157959
0.07144864648580551
0.16886073350906372
0.24809199571609497
0.1392602175474167
0.3982650339603424
0.34142452478408813
0.3792826533317566
0.365403413772583
0.11426088958978653
0.2132788449525833
0.13955722749233246
0.24020834267139435
0.1460011750459671
0.3737711012363434
0.31425240635871887
0.1487453430891037
0.27384451031684875
0.35908830165863037
0.17764045298099518
0.2837774157524109
0.19179967045783997
0.3594490587711334
0.18104228377342224
0.29972612857818604
0.12944155931472778
0.132034569978714
0.16037912666797638
0.2638051211833954
0.26361966133117676
0.14483365416526794
0.18308107554912567
0.09316695481538773
0.33814314007759094
0.09858298301696777
0.23627562820911407
0.13985319435596466
0.31002098321914673
0.29742494225502014
0.19913332164287567
0.2810365557670593
0.3499179482460022
0.15614376962184906
0.11443223804235458
0.14217886328697205
0.22128894925117493
0.2509213089942932
0.18146906793117523
0.22905802726745605
0.28144729137420654
0.4150417745113373
0.4008745551109314
0.17773590981960297
0.2800578773021698
0.1514407992362976
0.2112271934747696
0.2866406738758087
0.3939277231693268
0.18003860116004944
0.10275497287511826
0.16746364533901215
0.2119225561618805
0.2576810419559479
0.13364258408546448
0.3026816248893738
0.1592392772436142
0.3012373447418213
0.21262319386005402
0.3675551414489746
0.14751052856445313
0.22076575458049774
0.19482111930847168
0.36805588006973267
0.23333114385604858
0.22322072088718414
0.13850393891334534
0.19753853976726532
0.25325652956962585
0.16016456484794617
0.20584267377853394
0.1220497339963913
0.10249419510364532
0.1255563497543335
0.3132483661174774
0.28017115592956543
0.1705954372882843
0.23122543096542358
0.20753715932369232
0.1528552621603012
0.29448845982551575
0.290679395198822
0.34294894337654114
0.15704205632209778
0.18730281293392181
0.31471577286720276
0.2668830156326294
0.1926887035369873
0.25159943103790283
0.251623272895813
0.39495667815208435
0.17873622477054596
0.2598649859428406
0.30475232005119324
0.09044656157493591
0.17074552178382874
0.1677960753440857
0.21669568121433258
0.2654154896736145
0.179916650056839
0.10522163659334183
0.15261320769786835
0.283325731754303
0.3153379261493683
0.1998969316482544
0.21016916632652283
0.09651190787553787
0.24331462383270264
0.25751689076423645
0.13324037194252014
0.3917504549026489
0.3533838987350464
0.09225553274154663
0.12520866096019745
0.14032110571861267
0.2331194281578064
0.152531698346138
0.3689805269241333
0.3844451606273651
0.13829247653484344
0.24439050257205963
0.26425880193710327
0.16368143260478973
0.19113463163375854
0.21381573379039764
0.23162910342216492
0.20956191420555115
0.11856319010257721
0.25055381655693054
0.10798956453800201
0.1054159626364708
0.250882089138031
0.18591855466365814
0.35093745589256287
0.24927617609500885
0.08854096382856369
0.14767153561115265
0.08512865006923676
0.11124833673238754
0.15034502744674683
0.16319970786571503
0.18476566672325134
0.27794334292411804
0.28320279717445374
0.34854456782341003
0.2906704545021057
0.2857151925563812
0.09084084630012512
0.23214031755924225
0.1995573490858078
0.2569650411605835
0.13960717618465424
0.13639967143535614
0.17267084121704102
0.22445936501026154
0.3808833360671997
0.10871350020170212
0.16848766803741455
0.13296186923980713
0.2189076691865921
0.2568301260471344
0.37026381492614746
0.22188952565193176
0.1244778037071228
0.24792300164699554
0.09619926661252975
0.25430431962013245
0.22912204265594482
0.3167305588722229
0.19635725021362305
0.0898001417517662
0.25359973311424255
0.307422399520874
0.14708049595355988
0.12047700583934784
0.11764158308506012
0.16433264315128326
0.14217118918895721
0.11021239310503006
0.18801751732826233
0.36254218220710754
0.12738054990768433
0.376213937997818
0.1262568086385727
0.1375305950641632
0.24075742065906525
0.2509234845638275
0.2845776379108429
0.31120866537094116
0.27241751551628113
0.24674108624458313
0.20690234005451202
0.22874213755130768
0.3300921320915222
0.42832809686660767
0.13624148070812225
0.2512494623661041
0.2587781846523285
0.195442333817482
0.15612676739692688
0.3964909315109253
0.24311785399913788
0.21038715541362762
0.1885727047920227
0.13438285887241364
0.24008198082447052
0.12713272869586945
0.1662517488002777
0.17724421620368958
0.20319072902202606
0.27608269453048706
0.13623853027820587
0.25610917806625366
0.24694973230361938
0.30485522747039795
0.3365066647529602
0.32496026158332825
0.30663394927978516
0.11716219782829285
0.12359163165092468
0.21268530189990997
0.148826465010643
0.10604017227888107
0.20018865168094635
0.3465609848499298
0.18305864930152893
0.0799316018819809
0.33434292674064636
0.1964683085680008
0.3053570091724396
0.1922302395105362
0.1900985836982727
0.29209697246551514
0.1564525067806244
0.278637558221817
0.22111311554908752
0.24027486145496368
0.21285928785800934
0.09172456711530685
0.1410134732723236
0.2752783000469208
0.18006321787834167
0.2390129715204239
0.19554775953292847
0.1548323631286621
0.14852890372276306
0.0899757370352745
0.10788393765687943
0.07606355845928192
0.1617126613855362
0.30533865094184875
0.10181859135627747
0.2047329843044281
0.2611792981624603
0.1959657371044159
0.20111797749996185
0.1859654188156128
0.0850037932395935
0.2902240455150604
0.1794973611831665
0.29991817474365234
0.23159977793693542
0.16130556166172028
0.08887846022844315
0.43234822154045105
0.14574356377124786
0.16710782051086426
0.16078054904937744
0.13941523432731628
0.18498772382736206
0.29683467745780945
0.09954502433538437
0.19293512403964996
0.20912937819957733
0.15787820518016815
0.3145332932472229
0.33656051754951477
0.3359978199005127
0.24359744787216187
0.20674018561840057
0.08781390637159348
0.21751980483531952
0.38963255286216736
0.11871778219938278
0.19653105735778809
0.2766866385936737
0.3031875193119049
0.30234217643737793
0.2683723270893097
0.18800635635852814
0.24603739380836487
0.10923945158720016
0.22177712619304657
0.2236005663871765
0.19527746737003326
0.15677717328071594
0.0985369011759758
0.25070416927337646
0.1916927993297577
0.21039602160453796
0.27895987033843994
0.05819528549909592
0.06480111926794052
0.26347145438194275
0.18384258449077606
0.12103547900915146
0.10793803632259369
0.40000835061073303
0.09132491797208786
0.19392943382263184
0.39478880167007446
0.2260044366121292
0.22062309086322784
0.12857510149478912
0.21025888621807098
0.09664952009916306
0.14299391210079193
0.13674893975257874
0.19432201981544495
0.10532601922750473
0.0999174639582634
0.17005902528762817
0.18617872893810272
0.11947066336870193
0.2687375545501709
0.22647440433502197
0.3898627758026123
0.15734294056892395
0.08182190358638763
0.23250195384025574
0.19607025384902954
