0.0435461588203907
0.19543728232383728
0.16468922793865204
0.2246674746274948
0.11436978727579117
0.2020983099937439
0.2085535228252411
0.18275853991508484
0.10679774731397629
0.2619590759277344
0.25783976912498474
0.1363721340894699
0.18770332634449005
0.34913453459739685
0.2954936921596527
0.1084209531545639
0.44039082527160645
0.20628777146339417
0.1834973841905594
0.13311946392059326
0.10484328866004944
0.10182243585586548
0.10513154417276382
0.21888424456119537
0.24887584149837494
0.2952459752559662
0.15788455307483673
0.1690361350774765
0.2550053298473358
0.4290335476398468
0.27974411845207214
0.21942320466041565
0.46871551871299744
0.16617347300052643
0.20336924493312836
0.3373106122016907
0.19433043897151947
0.15378068387508392
0.2783958315849304
0.2912629544734955
0.2570878565311432
0.21242113411426544
0.12849225103855133
0.13006579875946045
0.29506051540374756
0.29703518748283386
0.1216723844408989
0.18541525304317474
0.13498179614543915
0.20347650349140167
0.5016130805015564
0.1836615949869156
0.16958637535572052
0.3405975103378296
0.16744641959667206
0.42222487926483154
0.2261350452899933
0.26392224431037903
0.1260235458612442
0.3387172520160675
0.06111801415681839
0.2241217941045761
0.2696794271469116
0.13662411272525787
0.10120996832847595
0.18483595550060272
0.19062654674053192
0.08754822611808777
0.13917751610279083
0.14742478728294373
0.18261751532554626
0.317314088344574
0.26287785172462463
0.3720187544822693
0.12042563408613205
0.18561138212680817
0.1389244943857193
0.2882666289806366
0.13570530712604523
0.22795580327510834
0.2636818289756775
0.23190094530582428
0.2077767699956894
0.1959061175584793
0.21805866062641144
0.2162502557039261
0.18712475895881653
0.13031278550624847
0.3469138741493225
0.16463857889175415
0.2104906588792801
0.09655402600765228
0.22584162652492523
0.15226911008358002
0.27653923630714417
0.15299418568611145
0.26875048875808716
0.12346600741147995
0.08343736827373505
0.08895040303468704
0.1321619302034378
0.15646259486675262
0.13888591527938843
0.1671954095363617
0.2715066969394684
0.3639034926891327
0.07899279147386551
0.24306753277778625
0.2370099276304245
0.07270236313343048
0.2580680251121521
0.24257254600524902
0.3220296800136566
0.19227895140647888
0.18903835117816925
0.2022097110748291
0.3547897934913635
0.29490283131599426
0.3083289563655853
0.19915461540222168
0.18681716918945313
0.31083548069000244
0.22424547374248505
0.08576499670743942
0.16663068532943726
0.1340845674276352
0.0387391559779644
0.15825170278549194
0.24559836089611053
0.1621197760105133
0.42078739404678345
0.12407521158456802
0.24716027081012726
0.1879919022321701
0.22340089082717896
0.23493854701519012
0.2082013189792633
0.15540450811386108
0.2395997941493988
0.10850797593593597
0.18317681550979614
0.23823657631874084
0.17438539862632751
0.05500011146068573
0.2676451504230499
0.21179160475730896
0.10334547609090805
0.2715716063976288
0.07448931783437729
0.1624450981616974
0.28544747829437256
0.13209645450115204
0.12215624004602432
0.2558864653110504
0.2144443839788437
0.23573364317417145
0.067747101187706
0.2341974973678589
0.30429497361183167
0.24359099566936493
0.26735395193099976
0.1963655948638916
0.25972118973731995
0.05216844752430916
0.509024441242218
0.1568998098373413
0.2685905396938324
0.17641709744930267
0.3816886246204376
0.17112351953983307
0.29601430892944336
0.14221438765525818
0.11673206090927124
0.15879665315151215
0.14367066323757172
0.2784428298473358
0.1345098316669464
0.22089500725269318
0.16714850068092346
0.16022852063179016
0.12719310820102692
0.31641823053359985
0.21590803563594818
0.13510794937610626
0.13194423913955688
0.19494403898715973
0.23732157051563263
0.24802355468273163
0.21392199397087097
0.0875353142619133
0.24429486691951752
0.21617701649665833
0.11910507827997208
0.22915011644363403
0.25903555750846863
0.34365785121917725
0.12080484628677368
0.07619689404964447
0.1559339165687561
0.1701166182756424
0.09822215139865875
0.2236187607049942
0.28235507011413574
0.24369582533836365
0.06526271998882294
0.14414627850055695
0.16546551883220673
0.10927058011293411
0.15816061198711395
0.1721622496843338
0.09186884760856628
0.0867355465888977
0.1805526167154312
0.17923559248447418
0.1516685038805008
0.16653205454349518
0.2330457717180252
0.07627370953559875
0.15518730878829956
0.13054348528385162
0.3197081983089447
0.1261376440525055
0.2331235706806183
0.10534479469060898
0.12951278686523438
0.19570820033550262
0.14806100726127625
0.19290556013584137
0.32462483644485474
0.1753513216972351
0.07885494828224182
0.20979565382003784
0.10934092104434967
0.14599727094173431
0.16437813639640808
0.10559336841106415
0.27492842078208923
0.08743920922279358
0.16839905083179474
0.22752632200717926
0.3854191303253174
0.11405929923057556
0.08739374577999115
0.21241024136543274
0.20096737146377563
0.0842503011226654
0.3505432605743408
0.2785607874393463
0.31939762830734253
0.1598205864429474
0.17710372805595398
0.07871413975954056
0.20878642797470093
0.1086433008313179
0.13430845737457275
0.10849588364362717
0.21998395025730133
0.21559619903564453
0.06878592818975449
0.20532606542110443
0.2934458255767822
0.3227534294128418
0.08059226721525192
0.24350906908512115
0.14190375804901123
0.15910400450229645
0.18025556206703186
0.37678104639053345
0.31996288895606995
0.04521779716014862
0.2273120880126953
0.14686085283756256
0.09658732265233994
0.1018277257680893
0.4183097183704376
0.16998833417892456
0.09613408893346786
0.11798588931560516
0.2854483425617218
0.05760692059993744
0.24748572707176208
0.13453708589076996
0.2004130482673645
0.37189510464668274
0.10088396072387695
0.2586723566055298
0.14361926913261414
0.2599603831768036
0.16529321670532227
0.12539042532444
0.37143608927726746
0.27825427055358887
0.1186293512582779
0.18740034103393555
0.09569776803255081
0.056394800543785095
0.09456755965948105
0.27505818009376526
0.27629658579826355
0.18976548314094543
0.15336310863494873
0.1696140021085739
0.19049830734729767
0.14061537384986877
0.2396833300590515
0.16341497004032135
0.17405736446380615
0.22009068727493286
0.1357952505350113
0.15935325622558594
0.16074611246585846
0.08354226499795914
0.32173365354537964
0.11605962365865707
0.03775808960199356
0.11721856147050858
0.10954917967319489
0.10359680652618408
0.26595360040664673
0.19000713527202606
0.20033255219459534
0.13230565190315247
0.12883694469928741
0.06314484775066376
0.1311781108379364
0.16642528772354126
0.32326313853263855
0.07040093094110489
0.33487293124198914
0.03927302733063698
0.18116600811481476
0.13770832121372223
0.13583695888519287
0.1301158219575882
0.1455446183681488
0.158908873796463
0.28782185912132263
0.1417417973279953
0.17083029448986053
0.19330281019210815
0.12936241924762726
0.17940753698349
0.40240898728370667
0.11242450028657913
0.14977559447288513
0.17772513628005981
0.142905130982399
0.21515916287899017
0.07982169836759567
0.09311282634735107
0.4625917077064514
0.1550103724002838
0.13020387291908264
0.12766090035438538
0.1833684742450714
0.19201427698135376
0.18212994933128357
0.1279606968164444
0.1108206957578659
0.2744646370410919
0.3308267295360565
0.16340234875679016
0.17831943929195404
0.06716456264257431
0.19101397693157196
0.07922498881816864
0.20506104826927185
0.15334121882915497
0.1493581235408783
0.5670377612113953
0.16485995054244995
0.2346116304397583
0.20524172484874725
0.1574961394071579
0.06167902797460556
0.08370811492204666
0.21058106422424316
0.16192370653152466
0.147530660033226
0.06533470004796982
0.36745506525039673
0.277424156665802
0.14964324235916138
0.15629979968070984
0.12464700639247894
0.12479199469089508
0.14610937237739563
0.24103663861751556
0.14272217452526093
0.23645426332950592
0.16455981135368347
0.17646990716457367
0.15243439376354218
0.12667572498321533
0.25255972146987915
0.3859480321407318
0.3193672299385071
0.31681984663009644
0.16705359518527985
0.13868772983551025
0.24784992635250092
0.2668062448501587
0.2026243507862091
0.1587601751089096
0.18851304054260254
0.245081827044487
0.2464766949415207
0.28309425711631775
0.18235698342323303
0.15840479731559753
0.11113326251506805
0.07914427667856216
0.17180900275707245
0.1667909473180771
0.2875097095966339
0.17545412480831146
0.13069486618041992
0.20661652088165283
0.08124686032533646
0.18395738303661346
0.15928474068641663
0.1318894624710083
0.24457935988903046
0.06950216740369797
0.18601401150226593
0.2465268224477768
0.21411627531051636
0.08299581706523895
0.33673349022865295
0.20785856246948242
0.08610569685697556
0.13620984554290771
0.1682080626487732
0.15664266049861908
0.24261246621608734
0.2561986446380615
0.22831986844539642
0.14861969649791718
0.17477594316005707
0.1699209362268448
0.18911109864711761
0.19043418765068054
0.1601608246564865
0.19041003286838531
0.14321665465831757
0.160654678940773
0.18587391078472137
0.13879679143428802
0.15426287055015564
0.14882142841815948
0.13572530448436737
0.16849125921726227
0.06869975477457047
0.19610503315925598
0.17525187134742737
0.07646689563989639
0.23379439115524292
0.13343173265457153
0.12081696838140488
0.21884603798389435
0.2637714743614197
0.08885695040225983
0.23199275135993958
0.25222858786582947
0.31283482909202576
0.18580715358257294
0.14017419517040253
0.13117259740829468
0.18410496413707733
0.21342572569847107
0.18438027799129486
0.10297258198261261
0.06778161972761154
0.12654268741607666
0.2091459482908249
0.13651739060878754
0.18668654561042786
0.352875292301178
0.47398674488067627
0.09222500026226044
0.05183513090014458
0.09635990113019943
0.19156020879745483
0.2877543568611145
0.10032689571380615
0.09190061688423157
0.2605132758617401
0.3820283114910126
0.2566986083984375
0.2440614402294159
0.24590064585208893
0.2555524706840515
0.2475813627243042
0.16156825423240662
0.1371806561946869
0.23681533336639404
0.1793563812971115
0.20823055505752563
0.057041388005018234
0.1818358600139618
0.21632669866085052
0.158972829580307
0.2187596559524536
0.1383514404296875
0.1362139880657196
0.1595652848482132
0.2644992470741272
0.14361554384231567
0.2577596604824066
0.2095208317041397
0.1755789965391159
0.1677219569683075
0.12837933003902435
0.19375444948673248
0.21828648447990417
0.19980627298355103
0.0876443088054657
0.14599359035491943
0.23537838459014893
0.09420042484998703
0.16649751365184784
0.11909624934196472
0.24174971878528595
0.15927794575691223
0.255790650844574
0.3354460299015045
0.15622490644454956
0.16056965291500092
0.10238736867904663
0.15111379325389862
0.08729617297649384
0.08075474202632904
0.22370705008506775
0.17663684487342834
0.39453041553497314
0.11198887228965759
0.19394168257713318
0.48434561491012573
0.1575828343629837
0.12394454330205917
0.18538644909858704
0.19615429639816284
0.09288271516561508
0.25604385137557983
0.13799041509628296
0.13786962628364563
0.26057788729667664
0.12300802022218704
0.19301018118858337
0.12525607645511627
0.14229224622249603
0.19107742607593536
0.2050970494747162
0.28261199593544006
0.06474333256483078
0.10826333612203598
0.18175861239433289
0.1488974690437317
0.10750562697649002
0.09973723441362381
0.15516312420368195
0.32533350586891174
0.21040570735931396
0.12639924883842468
0.11648700386285782
0.12539811432361603
0.14479714632034302
0.0778227373957634
0.10386800020933151
0.06619817018508911
0.08565177768468857
0.19449418783187866
0.20080959796905518
0.07463658601045609
0.27312350273132324
0.19557669758796692
0.04333549365401268
0.12092695385217667
0.13123886287212372
0.18047454953193665
0.22993680834770203
0.33219480514526367
0.2900114357471466
0.36784040927886963
0.1120963841676712
0.2625315189361572
0.15900200605392456
0.4964534044265747
0.08495872467756271
0.2486269176006317
0.1826309859752655
0.05348316580057144
0.08671309798955917
0.107227623462677
0.10517039895057678
0.22893647849559784
0.05377110838890076
0.14268063008785248
0.2573105990886688
0.1745101511478424
0.16237451136112213
0.20603708922863007
0.10847991704940796
0.1889544278383255
0.289925754070282
0.21200890839099884
0.16962318122386932
0.09154617786407471
0.08920606225728989
0.13682347536087036
0.1630823165178299
0.2906534671783447
0.1907142698764801
0.26691901683807373
0.0959213376045227
0.13360922038555145
0.22990155220031738
0.101020947098732
0.18904954195022583
0.21357980370521545
0.35529881715774536
0.2886798679828644
0.04647495225071907
0.2268741875886917
0.16612644493579865
0.5549553632736206
0.2739383578300476
0.15478602051734924
0.18499597907066345
0.14398051798343658
0.22078368067741394
0.16209512948989868
0.10603605955839157
0.12270486354827881
0.3682369589805603
0.15718907117843628
0.2111697942018509
0.30515554547309875
0.2039308249950409
0.17150551080703735
0.1916915476322174
0.09018857777118683
0.2106941193342209
0.1425827145576477
0.13126206398010254
0.16230140626430511
0.31501373648643494
0.04840867593884468
0.09919002652168274
0.08460952341556549
0.19709792733192444
0.20775575935840607
0.07614989578723907
0.21019096672534943
0.16162241995334625
0.16278943419456482
0.19137948751449585
0.09349974989891052
0.13401663303375244
0.2718256413936615
0.17061471939086914
0.13788466155529022
0.10837243497371674
0.3895646929740906
0.321152925491333
0.12881407141685486
0.3433702290058136
0.1389835625886917
0.16439323127269745
0.158533975481987
0.17870581150054932
0.3154584467411041
0.1605965495109558
0.14406965672969818
0.19579137861728668
0.2361786961555481
0.15976999700069427
0.26678869128227234
0.25085049867630005
0.1467512995004654
0.287014365196228
0.15823502838611603
0.13199937343597412
0.24428601562976837
0.4024977385997772
0.1154484674334526
0.27700087428092957
0.1379796266555786
0.30126792192459106
0.19566695392131805
0.17182385921478271
0.0949762761592865
0.13845977187156677
0.11328034847974777
0.08810967952013016
0.18553172051906586
0.12988486886024475
0.17369762063026428
0.10668712854385376
0.20726387202739716
0.2530629634857178
0.21346738934516907
0.22309446334838867
0.10671845078468323
0.12524209916591644
0.26467227935791016
0.27456942200660706
0.12708522379398346
0.2603892683982849
0.43165332078933716
0.14099973440170288
0.13978132605552673
0.21550211310386658
0.16841979324817657
0.13685840368270874
0.14122606813907623
0.10192582756280899
0.16162875294685364
0.2090441882610321
0.13112865388393402
0.06465231627225876
0.18334774672985077
0.13586311042308807
0.20507876574993134
0.43829086422920227
0.12841983139514923
0.13780204951763153
0.10635162144899368
0.11095844209194183
0.1896921694278717
0.07766596227884293
0.19345572590827942
0.12317997217178345
0.18831859529018402
0.2356167584657669
0.2606871724128723
0.11517281830310822
0.2722512185573578
0.06615293025970459
0.3091844320297241
0.10636944323778152
0.25066712498664856
0.1474788784980774
0.22614659368991852
0.17842522263526917
0.15493710339069366
0.10199310630559921
0.17102067172527313
0.2410559356212616
0.27941107749938965
0.24153804779052734
0.11356410384178162
0.06416390836238861
0.19601009786128998
0.14156533777713776
0.11637953668832779
0.11651720851659775
0.07936285436153412
0.11307357996702194
0.21463070809841156
0.2117159068584442
0.15184050798416138
0.11489780992269516
0.30249929428100586
0.2007799595594406
0.0826244130730629
0.2101239711046219
0.09109658002853394
0.07171916961669922
0.2125486135482788
0.15402917563915253
0.1922660768032074
0.10668380558490753
0.24097082018852234
0.08011360466480255
0.1752346009016037
0.17001986503601074
0.12309280782938004
0.3493756651878357
0.2767300307750702
0.14434796571731567
0.19222304224967957
0.124221570789814
0.20055833458900452
0.2262282818555832
0.18674418330192566
0.05645022541284561
0.12078956514596939
0.21312537789344788
0.1329021006822586
0.15944883227348328
0.13647425174713135
0.1416434794664383
0.10982052236795425
0.0859583169221878
0.13870960474014282
0.22487735748291016
0.08125972747802734
0.2503112554550171
0.12596705555915833
0.3144035041332245
0.2192332148551941
0.18394805490970612
0.1955927461385727
0.09482786804437637
0.15946651995182037
0.19901493191719055
0.19265250861644745
0.2730417847633362
0.05146181955933571
0.17773981392383575
0.09865415096282959
0.2855026423931122
0.12880723178386688
0.24687953293323517
0.18355287611484528
0.27108699083328247
0.08946655690670013
0.16600558161735535
0.10041589289903641
0.2809264063835144
0.15593375265598297
0.06426707655191422
0.17758479714393616
0.1298857033252716
0.22541818022727966
0.17614923417568207
0.17229627072811127
0.12902383506298065
0.12338832765817642
0.19105543196201324
0.2360931634902954
0.28297334909439087
0.14056986570358276
0.05770762637257576
0.1402759850025177
0.12972180545330048
0.10373899340629578
0.09646089375019073
0.21229147911071777
0.26448115706443787
0.16799084842205048
0.10537800192832947
0.09358710050582886
0.1231023371219635
0.17045854032039642
0.14198468625545502
0.3635810613632202
0.1406795233488083
0.12893064320087433
0.10567912459373474
0.12382977455854416
0.17461036145687103
0.09013974666595459
0.17332908511161804
0.21998021006584167
0.06621165573596954
0.19281314313411713
0.07161757349967957
0.2610107958316803
0.2216896414756775
0.21819576621055603
0.42915380001068115
0.11691627651453018
0.2365887612104416
0.24481827020645142
0.08856809884309769
0.1395462155342102
0.25721368193626404
0.17104077339172363
0.12095829099416733
0.14740625023841858
0.23337243497371674
0.08834044635295868
0.06371603906154633
0.2855793535709381
0.1947174072265625
0.15248461067676544
0.18881860375404358
0.0572013333439827
0.16253651678562164
0.1545337438583374
0.2387925088405609
0.1301148682832718
0.180921271443367
0.13780632615089417
0.09233268350362778
0.12768760323524475
0.10983722656965256
0.07618265599012375
0.1677560657262802
0.07490314543247223
0.11223448812961578
0.21591386198997498
0.07106047868728638
0.10874944180250168
0.18350183963775635
0.19301468133926392
0.23939703404903412
0.1400478631258011
0.14892974495887756
0.1112346351146698
0.1803061068058014
0.06123960763216019
0.3275129795074463
0.21289555728435516
0.2870465815067291
0.1394677609205246
0.19803455471992493
0.23804298043251038
0.14786407351493835
0.21366643905639648
0.09719537943601608
0.0877920389175415
0.17567169666290283
0.2461070567369461
0.2275225967168808
0.12985938787460327
0.05889098718762398
0.18143707513809204
0.06948020309209824
0.11420484632253647
0.14058181643486023
0.16461513936519623
0.07828400284051895
0.10161610692739487
0.16914531588554382
0.08604838699102402
0.09567135572433472
0.06549284607172012
0.17864912748336792
0.05452694371342659
0.12223128974437714
0.20687441527843475
0.12329454720020294
0.1683552861213684
0.19399917125701904
0.08115881681442261
0.3551289737224579
0.301456093788147
