0.08700535446405411
0.17246896028518677
0.21683426201343536
0.18153725564479828
0.13152825832366943
0.143519788980484
0.07270773500204086
0.06158481910824776
0.23029540479183197
0.13408853113651276
0.12759771943092346
0.03734435886144638
0.09105679392814636
0.0423763245344162
0.08172453194856644
0.10584152489900589
0.1338694840669632
0.17595592141151428
0.20038627088069916
0.06376930326223373
0.14422607421875
0.20930378139019012
0.42596933245658875
0.18817636370658875
0.10620138794183731
0.1811266541481018
0.0945982113480568
0.11307888478040695
0.1794094741344452
0.2660866975784302
0.0708175003528595
0.029022544622421265
0.21023888885974884
0.13538002967834473
0.07894320785999298
0.08360446244478226
0.10658519715070724
0.1375204473733902
0.2179637849330902
0.314606249332428
0.11760179698467255
0.11580940335988998
0.1362227499485016
0.17249862849712372
0.10649918764829636
0.0765988752245903
0.16523386538028717
0.11579617112874985
0.07019402831792831
0.06830134242773056
0.15910615026950836
0.16736134886741638
0.2448916882276535
0.1945985108613968
0.2589623034000397
0.23045432567596436
0.0838460698723793
0.17286275327205658
0.14417503774166107
0.08479360491037369
0.13735495507717133
0.24713701009750366
0.12551753222942352
0.24195964634418488
0.16368772089481354
0.1820477396249771
0.17375041544437408
0.16493645310401917
0.16626287996768951
0.13988643884658813
0.20708109438419342
0.07635364681482315
0.10188158601522446
0.2097558081150055
0.06941986083984375
0.1003127470612526
0.22531889379024506
0.17450925707817078
0.10609187185764313
0.12220271676778793
0.3646240532398224
0.11203905940055847
0.1658419668674469
0.24641016125679016
0.1910424679517746
0.13114069402217865
0.18647438287734985
0.10546007007360458
0.04289853572845459
0.12844933569431305
0.1580062061548233
0.03366749733686447
0.09212197363376617
0.052165016531944275
0.3839506506919861
0.18975360691547394
0.16004198789596558
0.14237140119075775
0.1803637593984604
0.18320326507091522
0.3568345308303833
0.2126249372959137
0.058940403163433075
0.14033135771751404
0.11475150287151337
0.1517617553472519
0.0626382902264595
0.16832378506660461
0.1091073602437973
0.10789462178945541
0.08999452739953995
0.13739556074142456
0.20556360483169556
0.15198349952697754
0.17383581399917603
0.24130584299564362
0.31115004420280457
0.08498942852020264
0.3355426490306854
0.22220125794410706
0.2564239203929901
0.09896892309188843
0.234654039144516
0.33471980690956116
0.2138727605342865
0.07900384813547134
0.21813739836215973
0.12107053399085999
0.1907898485660553
0.18146461248397827
0.260433554649353
0.17577072978019714
0.1191873699426651
0.17510317265987396
0.05804403871297836
0.0671127513051033
0.13393113017082214
0.10381599515676498
0.04267757385969162
0.32847365736961365
0.08615395426750183
0.34278520941734314
0.09791634976863861
0.08695285022258759
0.31570082902908325
0.17773528397083282
0.07033451646566391
0.15694136917591095
0.20730085670948029
0.2129477709531784
0.1547953486442566
0.2635992169380188
0.17094120383262634
0.2107940912246704
0.08414112776517868
0.14890284836292267
0.11485108733177185
0.0687471404671669
0.15141379833221436
0.19474123418331146
0.17358192801475525
0.10981282591819763
0.08200403302907944
0.06492417305707932
0.27187076210975647
0.11147908866405487
0.14093855023384094
0.3010321855545044
0.05601068586111069
0.09195677936077118
0.28184765577316284
0.09962532669305801
0.1550934761762619
0.2057509869337082
0.25559622049331665
0.1641646921634674
0.17362873256206512
0.11582840234041214
0.10185042768716812
0.11366891115903854
0.08106449246406555
0.08102123439311981
0.19473804533481598
0.2026282250881195
0.0700627937912941
0.08727601170539856
0.2182791829109192
0.07772048562765121
0.15541259944438934
0.18755711615085602
0.10268699377775192
0.1938193291425705
0.10219723731279373
0.2173612117767334
0.10330791771411896
0.16080453991889954
0.0783097892999649
0.06758323311805725
0.15175966918468475
0.29414576292037964
0.05092594027519226
0.14797791838645935
0.2168056219816208
0.11454997956752777
0.14761760830879211
0.22188040614128113
0.14439427852630615
0.03468504548072815
0.15706117451190948
0.31468746066093445
0.09813456982374191
0.1793496310710907
0.10638990253210068
0.14871180057525635
0.036226365715265274
0.06290378421545029
0.13229112327098846
0.13155998289585114
0.18188151717185974
0.1335711032152176
0.28035563230514526
0.11305195838212967
0.15392321348190308
0.23766960203647614
0.09601027518510818
0.24799862504005432
0.19522912800312042
0.14352920651435852
0.12162882089614868
0.14475461840629578
0.054425179958343506
0.2957034707069397
0.08939767628908157
0.06800784170627594
0.16741886734962463
0.11774712800979614
0.1764417439699173
0.16276255249977112
0.23684659600257874
0.1128295287489891
0.3498011827468872
0.09729675203561783
0.13482846319675446
0.08652270585298538
0.1476079821586609
0.189486563205719
0.08046439290046692
0.07255029678344727
0.11533521860837936
0.3900064527988434
0.23711943626403809
0.0778995230793953
0.1961302012205124
0.08717206120491028
0.17498044669628143
0.09629647433757782
0.1977003812789917
0.09206406772136688
0.22974982857704163
0.12079758197069168
0.11332208663225174
0.33263304829597473
0.3454631567001343
0.3055078387260437
0.07998862862586975
0.10978974401950836
0.16920949518680573
0.32202669978141785
0.11401508003473282
0.17696259915828705
0.27355262637138367
0.1477135419845581
0.08728032559156418
0.24224445223808289
0.28322574496269226
0.3071415424346924
0.05565071105957031
0.131710946559906
0.08998553454875946
0.12422208487987518
0.16505862772464752
0.12219814211130142
0.33058932423591614
0.06766104698181152
0.10085608065128326
0.370512455701828
0.0986194834113121
0.08727706968784332
0.22117023169994354
0.1240692287683487
0.260036826133728
0.15666331350803375
0.14461275935173035
0.24140487611293793
0.12733885645866394
0.07291124016046524
0.06846808642148972
0.2003858983516693
0.06697353720664978
0.22577422857284546
0.10137918591499329
0.1932011991739273
0.1698731929063797
0.18553771078586578
0.12025273591279984
0.09717240184545517
0.038675107061862946
0.20445013046264648
0.20721258223056793
0.25233495235443115
0.06423933058977127
0.10081271082162857
0.14580552279949188
0.1369887739419937
0.14830319583415985
0.21902741491794586
0.08245408535003662
0.1457403600215912
0.15273825824260712
0.09510020166635513
0.18458455801010132
0.15696750581264496
0.1132708489894867
0.21963262557983398
0.10035756230354309
0.19877970218658447
0.15547144412994385
0.14066696166992188
0.1153290793299675
0.18170088529586792
0.1990199238061905
0.07656364142894745
0.2509075999259949
0.09390415251255035
0.10376410186290741
0.13892699778079987
0.23344647884368896
0.1490534096956253
0.16406886279582977
0.15352459251880646
0.0482901856303215
0.14611664414405823
0.16822482645511627
0.1570650190114975
0.08270492404699326
0.09296301752328873
0.14499829709529877
0.11799731850624084
0.22080710530281067
0.06563761830329895
0.12173590809106827
0.1874384731054306
0.08917154371738434
0.24210865795612335
0.18176084756851196
0.12397370487451553
0.22502446174621582
0.13335610926151276
0.1664428561925888
0.11274080723524094
0.4661902189254761
0.09115012735128403
0.07856251299381256
0.13131527602672577
0.13446280360221863
0.2589457333087921
0.13437362015247345
0.10347659885883331
0.11464311927556992
0.09372229874134064
0.140553817152977
0.2950672507286072
0.12085062265396118
0.12025249749422073
0.294127881526947
0.061833515763282776
0.41514888405799866
0.2254433035850525
0.22176001965999603
0.102936290204525
0.13129454851150513
0.14082153141498566
0.14154930412769318
0.2001315802335739
0.1683354377746582
0.08891058713197708
0.25461021065711975
0.08259696513414383
0.13905176520347595
0.35290291905403137
0.17466820776462555
0.11961402744054794
0.108069509267807
0.1827022135257721
0.22005315124988556
0.3222135901451111
0.11184346675872803
0.12620221078395844
0.23911508917808533
0.11926534026861191
0.07702859491109848
0.0676022469997406
0.10464868694543839
0.051968980580568314
0.13869057595729828
0.06982911378145218
0.06383523344993591
0.13459698855876923
0.29297682642936707
0.16308489441871643
0.07806255668401718
0.166029155254364
0.35177934169769287
0.14369118213653564
0.17256951332092285
0.04047822207212448
0.11946777999401093
0.236898273229599
0.11078362166881561
0.19519904255867004
0.06628435105085373
0.10090196132659912
0.09574927389621735
0.06793881952762604
0.14610056579113007
0.1402883529663086
0.11044929921627045
0.13774318993091583
0.08752606064081192
0.10911104828119278
0.10287272930145264
0.08198104053735733
0.1251988410949707
0.32467132806777954
0.07862329483032227
0.17580462992191315
0.20952463150024414
0.09453445672988892
0.10233727097511292
0.1625099778175354
0.05296708643436432
0.16344068944454193
0.09602346271276474
0.28956958651542664
0.12946832180023193
0.3736332952976227
0.13257741928100586
0.20923130214214325
0.10742467641830444
0.1315544992685318
0.289837509393692
0.09741661697626114
0.18541692197322845
0.1566469371318817
0.13779042661190033
0.1036563292145729
0.17892521619796753
0.15819835662841797
0.26418396830558777
0.3027525246143341
0.09270616620779037
0.0526200532913208
0.10377924889326096
0.1311206966638565
0.18393416702747345
0.18572214245796204
0.10921342670917511
0.08117307722568512
0.12378990650177002
0.11646315455436707
0.16733606159687042
0.12486816942691803
0.16140595078468323
0.36413925886154175
0.049523767083883286
0.07302580773830414
0.07236293703317642
0.07231201231479645
0.2509695589542389
0.17093512415885925
0.19614621996879578
0.1999688297510147
0.1257154643535614
0.10703416168689728
0.2561551332473755
0.036414120346307755
0.18500155210494995
0.09245151281356812
0.14189952611923218
0.1546890288591385
0.13558921217918396
0.13141657412052155
0.13429541885852814
0.03691904991865158
0.17257915437221527
0.11854729056358337
0.12208440899848938
0.12149903923273087
0.15932099521160126
0.09353625029325485
0.23290540277957916
0.04705870896577835
0.0786702036857605
0.21419371664524078
0.2738853394985199
0.09755155444145203
0.17922939360141754
0.15155567228794098
0.08078224956989288
0.07293374836444855
0.12610310316085815
0.40664908289909363
0.050928253680467606
0.30370697379112244
0.13832375407218933
0.09123212099075317
0.04091418534517288
0.08825182914733887
0.1152510717511177
0.15957970917224884
0.07664425671100616
0.08209454268217087
0.20295658707618713
0.07062440365552902
0.09107104688882828
0.13047458231449127
0.15904094278812408
0.09885240346193314
0.16670241951942444
0.2333282083272934
0.13945269584655762
0.06547576934099197
0.14823277294635773
0.17667672038078308
0.19946247339248657
0.2198101282119751
0.14474540948867798
0.1278754472732544
0.25939929485321045
0.06123983487486839
0.08390909433364868
0.051931384950876236
0.3055533170700073
0.14452192187309265
0.28316470980644226
0.06997468322515488
0.10879834741353989
0.0793599933385849
0.19313499331474304
0.2269304245710373
0.05225719138979912
0.2314537912607193
0.09329843521118164
0.22105193138122559
0.0919329971075058
0.03219609707593918
0.065343476831913
0.10915116965770721
0.05842122808098793
0.3691970407962799
0.22766834497451782
0.1456683874130249
0.07845798879861832
0.11664952337741852
0.1790468841791153
0.11176528036594391
0.09364495426416397
0.16233186423778534
0.09421103447675705
0.21241682767868042
0.28734761476516724
0.14128008484840393
0.11927799880504608
0.08814578503370285
0.17230360209941864
0.16873621940612793
0.102866530418396
0.13540971279144287
0.08239694684743881
0.1616756021976471
0.10547462105751038
0.22765636444091797
0.048493195325136185
0.08844497799873352
0.13727104663848877
0.13100546598434448
0.06917231529951096
0.12662142515182495
0.3747568130493164
0.06986255943775177
0.09565875679254532
0.22764571011066437
0.1729235053062439
0.15842518210411072
0.14264769852161407
0.09201151132583618
0.11148518323898315
0.12060566246509552
0.069069042801857
0.12227596342563629
0.0800558552145958
0.20791226625442505
0.06653843075037003
0.09505049884319305
0.08927927911281586
0.11515430361032486
0.1527470201253891
0.09808032959699631
0.06431885808706284
0.0925784707069397
0.04577718675136566
0.2752189040184021
0.1084865927696228
0.12859097123146057
0.050959307700395584
0.13504883646965027
0.28531089425086975
0.2688821256160736
0.08504042774438858
0.07265005260705948
0.06917746365070343
0.1285439431667328
0.13273920118808746
0.1727045178413391
0.3457822799682617
0.29723331332206726
0.15186485648155212
0.12224288284778595
0.11775454878807068
0.12077414244413376
0.24553696811199188
0.09960174560546875
0.1149367094039917
0.1491449624300003
0.13817095756530762
0.21933995187282562
0.14061865210533142
0.0682307556271553
0.11285112798213959
0.06864801049232483
0.09259423613548279
0.07471445947885513
0.1852407306432724
0.14661063253879547
0.21955108642578125
0.13987863063812256
0.10810123383998871
0.13169753551483154
0.21909217536449432
0.16921460628509521
0.047697387635707855
0.14277523756027222
0.19866123795509338
0.05839056149125099
0.06904369592666626
0.1256413757801056
0.1596132516860962
0.13838885724544525
0.20261645317077637
0.17188918590545654
0.07807110995054245
0.0920935794711113
0.1594642698764801
0.09619856625795364
0.0719631165266037
0.11264865100383759
0.15030160546302795
0.1935974657535553
0.04302894324064255
0.15553194284439087
0.1063484400510788
0.0813206285238266
0.05877324193716049
0.1058257520198822
0.04257883131504059
0.2080310732126236
0.0975055918097496
0.08751645684242249
0.11897590756416321
0.2573113739490509
0.1628856658935547
0.06003253534436226
0.038445934653282166
0.18233145773410797
0.17366237938404083
0.21197858452796936
0.1560792475938797
0.1645737588405609
0.24410945177078247
0.092595674097538
0.22466593980789185
0.09710515290498734
0.2856263518333435
0.18683728575706482
0.2426498532295227
0.14824466407299042
0.126748725771904
0.13088402152061462
0.15027301013469696
0.17601092159748077
0.04438189044594765
0.10766265541315079
0.11951097846031189
0.13859574496746063
0.11221544444561005
0.13462643325328827
0.12687182426452637
0.07301193475723267
0.11843051016330719
0.10877151787281036
0.13890404999256134
0.15962274372577667
0.17968158423900604
0.17996074259281158
0.07918133586645126
0.10236609727144241
0.11164095252752304
0.13549557328224182
0.06234666705131531
0.12728823721408844
0.04144776239991188
0.1109333336353302
0.20628683269023895
0.1773313730955124
0.0638405978679657
0.20888547599315643
0.13721445202827454
0.042168743908405304
0.15042336285114288
0.08639330416917801
0.04690050333738327
0.17805251479148865
0.11423715949058533
0.09245753288269043
0.11340724676847458
0.18398867547512054
0.07136581838130951
0.18907508254051208
0.17376196384429932
0.12510918080806732
0.17662939429283142
0.12892194092273712
0.1617303490638733
0.12821955978870392
0.14761883020401
0.1782141476869583
0.15777188539505005
0.16138678789138794
0.13872107863426208
0.04012491554021835
0.1120753288269043
0.19452844560146332
0.1279909908771515
0.15670956671237946
0.1448957473039627
0.10497540980577469
0.12548653781414032
0.043830156326293945
0.2301444411277771
0.15752336382865906
0.16267316043376923
0.14964301884174347
0.1272450089454651
0.17650815844535828
0.08922848105430603
0.08805858343839645
0.0434965081512928
0.0926135778427124
0.22145092487335205
0.06206045299768448
0.18270158767700195
0.2641313076019287
0.2208031713962555
0.24949222803115845
0.32079994678497314
0.10585365444421768
0.09434928745031357
0.18045692145824432
0.1387403905391693
0.13654188811779022
0.054174356162548065
0.2576521933078766
0.12056227028369904
0.12763762474060059
0.2902974784374237
0.16475020349025726
0.22200477123260498
0.12767311930656433
0.139266237616539
0.3326858580112457
0.3508709967136383
0.06405406445264816
0.0898234024643898
0.34238800406455994
0.11379552632570267
0.21023696660995483
0.12263580411672592
0.09816955029964447
0.09385257959365845
0.15287360548973083
0.21133948862552643
0.12158063799142838
0.10353869199752808
0.11997058987617493
0.09457877278327942
0.19256022572517395
0.09105557203292847
0.05356667563319206
0.2657044529914856
0.1309787631034851
0.17480432987213135
0.06237393617630005
0.11975110322237015
0.0688500851392746
0.21831123530864716
0.11019235104322433
0.2999548316001892
0.07803305983543396
0.21627792716026306
0.21451011300086975
0.07244035601615906
0.08497296273708344
0.1420975625514984
0.26338139176368713
0.0738750770688057
0.08372800797224045
0.09145531803369522
0.17186254262924194
0.04272408410906792
0.15961521863937378
0.15888576209545135
0.12805764377117157
0.19765928387641907
0.1499958336353302
0.28262823820114136
0.1231827512383461
0.13399489223957062
0.09851286560297012
0.14283166825771332
0.18275848031044006
0.15777483582496643
0.07471168041229248
0.03672831878066063
0.07801564782857895
0.13724899291992188
0.28732386231422424
0.053657159209251404
0.10464826226234436
0.17124135792255402
0.06816910207271576
0.194605752825737
0.09343361854553223
0.11809270828962326
0.04100721329450607
0.23540961742401123
0.06179632246494293
0.18234774470329285
0.13824422657489777
0.061280328780412674
0.13292191922664642
0.07311079651117325
0.21439729630947113
0.12253926694393158
0.1102418452501297
0.07446914166212082
0.25480520725250244
0.06826111674308777
0.11130933463573456
0.10864566266536713
0.19052676856517792
0.14305783808231354
0.049014195799827576
0.05486474186182022
0.055868394672870636
0.22838544845581055
0.031071608886122704
0.09201553463935852
0.19012826681137085
0.11905340850353241
0.08535829931497574
0.08888378739356995
0.08633658289909363
0.14511804282665253
0.03597518801689148
0.11741079390048981
0.14454515278339386
0.7065979242324829
0.1678319126367569
0.06252535432577133
0.0856243148446083
0.13314618170261383
0.2469102293252945
0.1720849722623825
0.0791693851351738
0.12437329441308975
0.12823385000228882
0.06482470035552979
0.09509815275669098
0.1238568052649498
0.2124825268983841
0.09905316680669785
0.06909367442131042
0.2694784104824066
0.07842069119215012
0.07171175628900528
0.15042653679847717
0.0847163125872612
0.12810102105140686
0.11204156279563904
0.19449855387210846
0.2515942454338074
0.07863763719797134
0.16395796835422516
0.09659997373819351
0.2546883821487427
0.09254463016986847
0.05624016001820564
0.09685942530632019
0.19915464520454407
0.11934754252433777
0.15368351340293884
0.09313266724348068
0.14665938913822174
0.08562661707401276
0.12596240639686584
0.2299714982509613
0.22181890904903412
0.13576561212539673
0.17894992232322693
0.04704907536506653
0.2926894426345825
0.1487637311220169
0.1087447851896286
0.11906642466783524
0.06442365050315857
0.1155216321349144
0.09494209289550781
0.31128960847854614
0.22923196852207184
0.11892829835414886
