0.04580308124423027
0.15554501116275787
0.0727258250117302
0.03868774697184563
0.06754001975059509
0.15261442959308624
0.05937623977661133
0.1317998617887497
0.09123248606920242
0.09486347436904907
0.05326665937900543
0.10152580589056015
0.050702665001153946
0.0578702837228775
0.08669378608465195
0.047931794077157974
0.1311316192150116
0.06374168395996094
0.028558460995554924
0.04389756917953491
0.09381090104579926
0.13230206072330475
0.19146239757537842
0.17580434679985046
0.050789471715688705
0.06980304419994354
0.06507660448551178
0.04460957273840904
0.0456046462059021
0.02054273523390293
0.0755065381526947
0.05977613478899002
0.05124502629041672
0.13105739653110504
0.03871312737464905
0.04837426170706749
0.030491704121232033
0.04353904724121094
0.16038450598716736
0.0686020702123642
0.10206960141658783
0.21203789114952087
0.0742209181189537
0.027251411229372025
0.1174893006682396
0.025168322026729584
0.10136060416698456
0.021435201168060303
0.11716090142726898
0.054744355380535126
0.06366166472434998
0.07309003919363022
0.09429619461297989
0.03499381244182587
0.06355895847082138
0.06751095503568649
0.04024059325456619
0.07687702029943466
0.064595527946949
0.06781025230884552
0.07221055030822754
0.06595655530691147
0.07956104725599289
0.15829028189182281
0.03401222452521324
0.041065964847803116
0.06029709801077843
0.11979014426469803
0.12397265434265137
0.08931097388267517
0.11514431983232498
0.1345328986644745
0.22830140590667725
0.017456315457820892
0.06765325367450714
0.025869891047477722
0.07464268058538437
0.0740782618522644
0.053122442215681076
0.058842822909355164
0.04394611716270447
0.03835555911064148
0.050822507590055466
0.05084296688437462
0.07699235528707504
0.009607254527509212
0.2013116031885147
0.05579099431633949
0.05357241630554199
0.16069260239601135
0.14122191071510315
0.023393863812088966
0.01302639301866293
0.06228267401456833
0.1032254621386528
0.03620201721787453
0.028719989582896233
0.05190921574831009
0.057831984013319016
0.19504304230213165
0.07978518307209015
0.07655685395002365
0.14660592377185822
0.09815710783004761
0.14868752658367157
0.09981369972229004
0.05410197377204895
0.01805654913187027
0.05945475026965141
0.022417521104216576
0.03360307961702347
0.01269881334155798
0.07905616611242294
0.16095849871635437
0.08488736301660538
0.035463847219944
0.09170623868703842
0.09281991422176361
0.14848867058753967
0.10176556557416916
0.07247816026210785
0.026766270399093628
0.061456989496946335
0.025349615141749382
0.11607363075017929
0.1234818771481514
0.07735808938741684
0.047511130571365356
0.17515435814857483
0.19945622980594635
0.10683806240558624
0.010298865847289562
0.06822540611028671
0.12943102419376373
0.07496285438537598
0.07545319944620132
0.06904678791761398
0.03907839208841324
0.019510332494974136
0.055650223046541214
0.1601555496454239
0.03814805671572685
0.04552248865365982
0.11232434958219528
0.04897557199001312
0.19718444347381592
0.058245573192834854
0.04159431532025337
0.0639428198337555
0.018207300454378128
0.08713830262422562
0.06208016723394394
0.05896485969424248
0.15316815674304962
0.04816870763897896
0.113983653485775
0.06182969734072685
0.1256283074617386
0.06438011676073074
0.00957009382545948
0.13191626965999603
0.05755141004920006
0.05717005953192711
0.07205971330404282
0.024129431694746017
0.1413452923297882
0.09805796295404434
0.054761387407779694
0.11917993426322937
0.023864999413490295
0.14070956408977509
0.05472160875797272
0.1416279822587967
0.081023670732975
0.07536615431308746
0.03472410514950752
0.02388957515358925
0.11237936466932297
0.03956040367484093
0.15446947515010834
0.04345674812793732
0.04895605146884918
0.06287752836942673
0.023272885009646416
0.04795065149664879
0.04288110509514809
0.10496008396148682
0.07619307935237885
0.09483169764280319
0.023949310183525085
0.08670772612094879
0.27928483486175537
0.05600355938076973
0.0820089802145958
0.10645337402820587
0.16285176575183868
0.16319750249385834
0.04042492061853409
0.028177306056022644
0.09048179537057877
0.15223632752895355
0.11693985015153885
0.11285161972045898
0.0687113031744957
0.013456578366458416
0.020183729007840157
0.06679002940654755
0.0807730108499527
0.04665490239858627
0.03722894936800003
0.07111158967018127
0.08462895452976227
0.03886263072490692
0.0412137508392334
0.19056585431098938
0.029698863625526428
0.06306189298629761
0.08165978640317917
0.061249442398548126
0.08201750367879868
0.01991461031138897
0.06594955921173096
0.06184595823287964
0.10024695098400116
0.13177400827407837
0.03954030200839043
0.1343514621257782
0.04574237018823624
0.07779035717248917
0.14407630264759064
0.09632948786020279
0.06445702910423279
0.06775327771902084
0.1334579885005951
0.06514374911785126
0.06681181490421295
0.017761094495654106
0.07229185849428177
0.07336510717868805
0.05163172259926796
0.06774947047233582
0.0364510677754879
0.017541388049721718
0.1679425686597824
0.0593397356569767
0.13017964363098145
0.05984840169548988
0.04950016364455223
0.1677742302417755
0.0690639317035675
0.08874976634979248
0.06178778409957886
0.0600384958088398
0.024231743067502975
0.11238446831703186
0.08158247172832489
0.104482002556324
0.0823979601264
0.09900598227977753
0.18027231097221375
0.2357984185218811
0.10551805794239044
0.04447690397500992
0.13378269970417023
0.045875921845436096
0.019850974902510643
0.018285539001226425
0.03168798238039017
0.15891499817371368
0.04314406216144562
0.07265283912420273
0.12278272956609726
0.10997806489467621
0.05619049444794655
0.04699799790978432
0.08588709682226181
0.05953509733080864
0.1127920150756836
0.2826780080795288
0.15442577004432678
0.1740397959947586
0.1361456960439682
0.1793941706418991
0.16852878034114838
0.07342620939016342
0.07001635432243347
0.07432392239570618
0.0643777996301651
0.14360350370407104
0.009070823900401592
0.021095190197229385
0.0795111209154129
0.034055013209581375
0.036510225385427475
0.08431483060121536
0.04919043928384781
0.06399837881326675
0.097922682762146
0.08310990780591965
0.034614868462085724
0.02036972902715206
0.16876138746738434
0.06031566485762596
0.10311775654554367
0.04888083040714264
0.040396079421043396
0.06915327906608582
0.02032303251326084
0.09851044416427612
0.07914167642593384
0.030550170689821243
0.1786627173423767
0.057856377214193344
0.20953655242919922
0.17089122533798218
0.07010086625814438
0.2287067174911499
0.06896620988845825
0.05250848829746246
0.19703872501850128
0.03773121535778046
0.12152445316314697
0.0447140634059906
0.006881000939756632
0.051136866211891174
0.07213649153709412
0.059429872781038284
0.08857417851686478
0.02644256316125393
0.14558441936969757
0.05462634935975075
0.047309745103120804
0.1512109786272049
0.03867935389280319
0.06952209025621414
0.014732173644006252
0.10050175338983536
0.02798636071383953
0.06560990959405899
0.05897025391459465
0.1128629669547081
0.22112610936164856
0.08406955748796463
0.07822242379188538
0.1922895312309265
0.093740314245224
0.10817261785268784
0.017744751647114754
0.1791391670703888
0.11591161042451859
0.03603274002671242
0.029406525194644928
0.1085093691945076
0.04799618571996689
0.24190406501293182
0.03258371353149414
0.0707990974187851
0.13010090589523315
0.056008320301771164
0.09887904673814774
0.06181598827242851
0.09586665034294128
0.11124426126480103
0.06446916610002518
0.042168084532022476
0.10411792993545532
0.04391857609152794
0.08336599171161652
0.02116117812693119
0.05914411321282387
0.10873831808567047
0.0835893452167511
0.07441242039203644
0.0408332534134388
0.05866856127977371
0.0854233130812645
0.06526713073253632
0.16899581253528595
0.2862253785133362
0.04083210602402687
0.16260364651679993
0.0398823618888855
0.05287262424826622
0.0887029841542244
0.030287079513072968
0.20367710292339325
0.10830634832382202
0.06882388144731522
0.082425557076931
0.1392097771167755
0.05892881006002426
0.3189406096935272
0.02922576293349266
0.03271062672138214
0.038096584379673004
0.08016187697649002
0.12489894777536392
0.07693890482187271
0.04902597889304161
0.10076941549777985
0.03229120001196861
0.17456524074077606
0.09710151702165604
0.09936130791902542
0.03600933402776718
0.02150200679898262
0.01695968769490719
0.0625879168510437
0.08517706394195557
0.053399574011564255
0.08010770380496979
0.05160488188266754
0.02768034301698208
0.08947215974330902
0.029737792909145355
0.08289342373609543
0.038935255259275436
0.07114070653915405
0.045891162008047104
0.09094197303056717
0.05068661645054817
0.1571638435125351
0.02539501152932644
0.07823079824447632
0.08657322078943253
0.07079032063484192
0.030906381085515022
0.062054023146629333
0.10247781872749329
0.022966746240854263
0.1516769677400589
0.11131393909454346
0.03984761983156204
0.07425800710916519
0.006319773383438587
0.03362521901726723
0.1240420937538147
0.017783137038350105
0.10822340101003647
0.02884814143180847
0.049239035695791245
0.047813087701797485
0.11543720215559006
0.041269730776548386
0.034652337431907654
0.0414850227534771
0.09444515407085419
0.061576876789331436
0.03497467190027237
0.04394005611538887
0.08709722012281418
0.10187286883592606
0.16142314672470093
0.1574220061302185
0.10029491037130356
0.07889338582754135
0.14352840185165405
0.04468299821019173
0.09261344373226166
0.02904118411242962
0.037223197519779205
0.04450404644012451
0.09106999635696411
0.45767858624458313
0.22512903809547424
0.12757261097431183
0.015877719968557358
0.07040485739707947
0.08728918433189392
0.02659107744693756
0.06851885467767715
0.03743983805179596
0.06160840392112732
0.07989883422851563
0.05167488381266594
0.23429015278816223
0.27787214517593384
0.13868984580039978
0.13363666832447052
0.2124943733215332
0.08553536236286163
0.07433100789785385
0.15328481793403625
0.08120687305927277
0.14366817474365234
0.061486292630434036
0.020899927243590355
0.08419560641050339
0.07593349367380142
0.058978334069252014
0.06325413286685944
0.11871475726366043
0.3223884403705597
0.047990646213293076
0.05025582015514374
0.10298395901918411
0.10505732148885727
0.04150484874844551
0.027399994432926178
0.10584932565689087
0.11468980461359024
0.12797747552394867
0.10304289311170578
0.02201526239514351
0.16237613558769226
0.11171448975801468
0.033126987516880035
0.06568329781293869
0.10418369621038437
0.07140606641769409
0.08906124532222748
0.016392672434449196
0.060602836310863495
0.047340091317892075
0.1679069548845291
0.045229263603687286
0.15853843092918396
0.1599714159965515
0.060557931661605835
0.12655867636203766
0.03365449979901314
0.060586750507354736
0.042397622019052505
0.1674128770828247
0.17117901146411896
0.23438014090061188
0.03086216002702713
0.029383080080151558
0.13977062702178955
0.07626863569021225
0.023930925875902176
0.02248104102909565
0.028761228546500206
0.09139090776443481
0.11676447093486786
0.07233685255050659
0.020957160741090775
0.02530464343726635
0.02830023318529129
0.07739835977554321
0.15309149026870728
0.014968953095376492
0.053076889365911484
0.039689801633358
0.06559523940086365
0.0936780646443367
0.06368055939674377
0.06355750560760498
0.07394830882549286
0.015852097421884537
0.04052580147981644
0.04637790471315384
0.09653063118457794
0.0405927412211895
0.041434239596128464
0.05943266302347183
0.028983648866415024
0.07925603538751602
0.13788636028766632
0.12177065014839172
0.05826820060610771
0.05886871740221977
0.04672188684344292
0.09978441148996353
0.03803197667002678
0.13438066840171814
0.11556439101696014
0.17954882979393005
0.08183278888463974
0.0999477207660675
0.0586823932826519
0.19831982254981995
0.1580517441034317
0.0502178817987442
0.06594306230545044
0.10028195381164551
0.027918221428990364
0.05764838680624962
0.01096035074442625
0.1659315526485443
0.036574628204107285
0.038395415991544724
0.02381139062345028
0.06266024708747864
0.09887994825839996
0.014068146236240864
0.15693996846675873
0.11124054342508316
0.04612408205866814
0.13345125317573547
0.10012800991535187
0.041699718683958054
0.1279815286397934
0.0823153629899025
0.11584008485078812
0.010797732509672642
0.08069571852684021
0.05263068154454231
0.02172023430466652
0.029620477929711342
0.052584175020456314
0.04877715930342674
0.17754119634628296
0.018322141841053963
0.09422360360622406
0.03692364692687988
0.10686717927455902
0.04829186573624611
0.07053715735673904
0.0362701453268528
0.1407703161239624
0.07448142766952515
0.0660119280219078
0.08414410054683685
0.1000659391283989
0.03638142719864845
0.053464826196432114
0.03410783410072327
0.08622296154499054
0.05367888882756233
0.1010635644197464
0.13978815078735352
0.09391690790653229
0.042234428226947784
0.05945359915494919
0.09480466693639755
0.1881103813648224
0.012483419850468636
0.059614963829517365
0.04017956927418709
0.0949036255478859
0.06471247971057892
0.21107813715934753
0.20581763982772827
0.03521706536412239
0.0900915339589119
0.06492793560028076
0.12821850180625916
0.13463939726352692
0.061675336211919785
0.09014473110437393
0.05975649505853653
0.030081987380981445
0.13977095484733582
0.05089937895536423
0.020532308146357536
0.04482428729534149
0.07218746840953827
0.094868503510952
0.04734376072883606
0.08918608725070953
0.02154923975467682
0.03150525316596031
0.07623746991157532
0.1334032267332077
0.04391216114163399
0.04219053313136101
0.08042861521244049
0.03978925570845604
0.07499279826879501
0.036448631435632706
0.12137455493211746
0.18039894104003906
0.07540585100650787
0.13481107354164124
0.051440734416246414
0.09638121724128723
0.07028219103813171
0.08297216892242432
0.1380341649055481
0.13457117974758148
0.019431840628385544
0.05705016106367111
0.09386036545038223
0.04073991999030113
0.1806028187274933
0.07306396961212158
0.042787808924913406
0.028281357139348984
0.0850624367594719
0.015807291492819786
0.06466668099164963
0.04439954832196236
0.03357308357954025
0.051685091108083725
0.01679091900587082
0.16476760804653168
0.08124279975891113
0.07953745871782303
0.02631954848766327
0.17332115769386292
0.009089910425245762
0.08949928730726242
0.04360613226890564
0.0820198729634285
0.12266304343938828
0.10939599573612213
0.025076154619455338
0.06306406110525131
0.1343083679676056
0.10956187546253204
0.16455985605716705
0.04051914066076279
0.055087968707084656
0.028758082538843155
0.1588728427886963
0.027974378317594528
0.026455163955688477
0.0953555479645729
0.07629193365573883
0.05498865246772766
0.04798686504364014
0.17847095429897308
0.0915098637342453
0.1787496954202652
0.06453859061002731
0.10096446424722672
0.05592988058924675
0.027418222278356552
0.03992956876754761
0.03473104164004326
0.18898575007915497
0.17768649756908417
0.26394975185394287
0.05799267441034317
0.08697215467691422
0.055783383548259735
0.052854228764772415
0.044361576437950134
0.04538124054670334
0.1056276336312294
0.14064466953277588
0.17017893493175507
0.06198142468929291
0.04346555843949318
0.019750962033867836
0.07952531427145004
0.16445541381835938
0.17481733858585358
0.025539886206388474
0.062472082674503326
0.10058943927288055
0.12016329169273376
0.051854413002729416
0.07608859241008759
0.11585108935832977
0.01671004295349121
0.122733473777771
0.028369780629873276
0.07327325642108917
0.19435667991638184
0.19568601250648499
0.031196070834994316
0.05312255769968033
0.01633911021053791
0.07758695632219315
0.05892481282353401
0.014939405955374241
0.18866391479969025
0.10296013951301575
0.04931444674730301
0.16476672887802124
0.02225280925631523
0.016313696280121803
0.07169198989868164
0.013445591554045677
0.029540114104747772
0.023445965722203255
0.0734618529677391
0.2323949635028839
0.06294974684715271
0.06530057638883591
0.07982683181762695
0.01935877650976181
0.052014827728271484
0.08706411719322205
0.09029645472764969
0.07590411603450775
0.058250684291124344
0.0509880892932415
0.047306425869464874
0.03838574141263962
0.20703424513339996
0.14055967330932617
0.06989958137273788
0.10721925646066666
0.0744456872344017
0.15103507041931152
0.06353530287742615
0.18682220578193665
0.07757637649774551
0.12450852990150452
0.06043924391269684
0.04523658752441406
0.010141069069504738
0.1382831186056137
0.14762020111083984
0.04311108961701393
0.037176236510276794
0.042114224284887314
0.06662757694721222
0.1028735339641571
0.0588783323764801
0.0307778250426054
0.20518766343593597
0.07257019728422165
0.03459269553422928
0.01562200766056776
0.046835530549287796
0.03134428337216377
0.027931293472647667
0.038015253841876984
0.08945959061384201
0.09392168372869492
0.08111640065908432
0.04765668511390686
0.07604784518480301
0.04047800600528717
0.10172887146472931
0.040461596101522446
0.18877890706062317
0.11010688543319702
0.14474131166934967
0.23582279682159424
0.02521243691444397
0.02828768827021122
0.016081638634204865
0.16770349442958832
0.06581737101078033
0.02384817786514759
0.13147364556789398
0.15122586488723755
0.14625152945518494
0.04668060690164566
0.03556778281927109
0.06383755058050156
0.054930925369262695
0.07214976847171783
0.1298305243253708
0.10785016417503357
0.06873784959316254
0.10881921648979187
0.039076946675777435
0.05967377871274948
0.03349565714597702
0.1804659217596054
0.13153454661369324
0.060355983674526215
0.02476373128592968
0.14253269135951996
0.08959271758794785
0.019001098349690437
0.08823225647211075
0.07584257423877716
0.08188524842262268
0.0967613011598587
0.050707004964351654
0.06809981912374496
0.16806791722774506
0.09642559289932251
0.08304537832736969
0.07514054328203201
0.1394300013780594
0.028386065736413002
0.1506490707397461
0.18384705483913422
0.06454287469387054
0.06837940216064453
0.051582373678684235
0.027739204466342926
0.13346178829669952
0.012992190197110176
0.03213035315275192
0.02032902091741562
0.06347011774778366
0.017685160040855408
0.06646315008401871
0.1351967453956604
0.061417654156684875
0.23972852528095245
0.0482659675180912
0.03166493773460388
0.14821140468120575
0.23581095039844513
0.2010524570941925
0.028864054009318352
0.046592265367507935
0.04985829442739487
0.1102641299366951
0.03553894907236099
0.06448234617710114
0.04188419505953789
0.031837865710258484
0.09044136106967926
0.030332384631037712
0.028269723057746887
0.03537745773792267
0.0377228669822216
0.03469356521964073
0.03906521201133728
0.14232978224754333
0.17013610899448395
0.03766908124089241
0.029291868209838867
0.10057377815246582
0.10458233207464218
0.08405647426843643
0.0349593460559845
0.09856908023357391
0.06910059601068497
0.1446506828069687
0.007552877999842167
0.1028415858745575
0.06350194662809372
0.14786742627620697
0.031899839639663696
0.03701440617442131
0.0751136913895607
0.1714978963136673
0.07326863706111908
0.15733084082603455
0.03528188169002533
0.032462138682603836
0.21657180786132813
0.06108162924647331
0.06572256237268448
0.05460447818040848
0.07661300152540207
0.04564668983221054
0.08000865578651428
0.04744022712111473
0.08477267622947693
0.04358550161123276
0.031547583639621735
0.21284881234169006
0.0823453962802887
0.07712560147047043
0.08179685473442078
0.0038692024536430836
0.21089397370815277
