0.13389621675014496
0.1209363341331482
0.11762506514787674
0.20516523718833923
0.09098145365715027
0.07204132527112961
0.06638088077306747
0.17010077834129333
0.040661733597517014
0.027839792892336845
0.14703410863876343
0.16968782246112823
0.1743173897266388
0.07463959604501724
0.12879592180252075
0.12209614366292953
0.07724162936210632
0.14744198322296143
0.11588431894779205
0.042932022362947464
0.0695384219288826
0.03695050999522209
0.0699845626950264
0.17512285709381104
0.04656720533967018
0.06141281872987747
0.2169259935617447
0.05360208824276924
0.1835431009531021
0.1050453782081604
0.17058803141117096
0.09711790084838867
0.09910901635885239
0.2220761477947235
0.12645293772220612
0.057111360132694244
0.1247393935918808
0.09693366289138794
0.07416272163391113
0.03606782108545303
0.08459432423114777
0.1439000964164734
0.030305730178952217
0.07598215341567993
0.12415152043104172
0.11168243736028671
0.061790578067302704
0.11427424103021622
0.06562470644712448
0.08664149045944214
0.13719341158866882
0.13334853947162628
0.21814502775669098
0.14448995888233185
0.04803837090730667
0.07578025758266449
0.05749359726905823
0.19172045588493347
0.09882441908121109
0.08655965328216553
0.12471404671669006
0.07414552569389343
0.4763074815273285
0.22897930443286896
0.04627852141857147
0.06255757808685303
0.14136144518852234
0.0686289370059967
0.07779666781425476
0.16578301787376404
0.0368344783782959
0.043227143585681915
0.10738864541053772
0.2237386256456375
0.08005218952894211
0.11646732687950134
0.1435755342245102
0.10040761530399323
0.03296957537531853
0.09835276007652283
0.020753003656864166
0.06286103278398514
0.043708592653274536
0.12717480957508087
0.0907195582985878
0.1148308590054512
0.11180083453655243
0.04415751248598099
0.20937275886535645
0.11823280155658722
0.11000772565603256
0.1473688781261444
0.049392372369766235
0.061754267662763596
0.24831858277320862
0.0770186185836792
0.2619076669216156
0.11344973742961884
0.05283550173044205
0.04572754725813866
0.3451074957847595
0.08735284209251404
0.05562657117843628
0.060381192713975906
0.06264860183000565
0.052811987698078156
0.16563680768013
0.14418336749076843
0.024904759600758553
0.18354067206382751
0.12901726365089417
0.095672108232975
0.09532646834850311
0.2074788361787796
0.11045132577419281
0.10171394050121307
0.1123097762465477
0.08961819857358932
0.056815747171640396
0.08780384808778763
0.12000512331724167
0.14681874215602875
0.05774816498160362
0.06214937940239906
0.039003197103738785
0.11421730369329453
0.10787995904684067
0.22146961092948914
0.05087989196181297
0.03859621286392212
0.054469894617795944
0.09961322695016861
0.11214275658130646
0.07525604963302612
0.08905855566263199
0.12517982721328735
0.19573241472244263
0.12699314951896667
0.07299988716840744
0.10202057659626007
0.09457255899906158
0.0260122399777174
0.04022591933608055
0.11138685047626495
0.16495327651500702
0.06307952105998993
0.0978698655962944
0.09291675686836243
0.1864708662033081
0.10846340656280518
0.03383755683898926
0.08983300626277924
0.045679401606321335
0.061252154409885406
0.041836969554424286
0.022470714524388313
0.019401710480451584
0.07650312781333923
0.20500685274600983
0.07194960862398148
0.07535488158464432
0.20067670941352844
0.08528345078229904
0.18293674290180206
0.03885210305452347
0.14217284321784973
0.03311613202095032
0.1954118311405182
0.026842458173632622
0.02665580064058304
0.06845614314079285
0.15264996886253357
0.18082170188426971
0.06560112535953522
0.14013640582561493
0.17963676154613495
0.15352196991443634
0.08178843557834625
0.14969296753406525
0.07316139340400696
0.0817100927233696
0.029289841651916504
0.042538173496723175
0.027020977810025215
0.07849220931529999
0.06792129576206207
0.07247394323348999
0.0735819861292839
0.1847670078277588
0.06179455295205116
0.1669306606054306
0.07867233455181122
0.12386942654848099
0.13921117782592773
0.13585259020328522
0.2564847469329834
0.023351244628429413
0.07240605354309082
0.17816297709941864
0.20197318494319916
0.16403286159038544
0.09806033223867416
0.11931632459163666
0.12123408913612366
0.1005670577287674
0.08911269903182983
0.13537530601024628
0.09213822335004807
0.2038365751504898
0.11604810506105423
0.21467803418636322
0.1511034518480301
0.05417301878333092
0.10453934222459793
0.04654436931014061
0.08178180456161499
0.23537376523017883
0.03475392982363701
0.10650696605443954
0.13075077533721924
0.15837091207504272
0.20429524779319763
0.12922535836696625
0.17540457844734192
0.08804446458816528
0.10121333599090576
0.12274479866027832
0.08856551349163055
0.07170778512954712
0.1513696163892746
0.07666007429361343
0.1333276331424713
0.10742538422346115
0.14118149876594543
0.17599323391914368
0.23748788237571716
0.04190815985202789
0.08447405695915222
0.14275920391082764
0.14547528326511383
0.14121666550636292
0.049459125846624374
0.10343866795301437
0.20801618695259094
0.20595866441726685
0.21566130220890045
0.22696338593959808
0.09095973521471024
0.03662363439798355
0.04776504263281822
0.12517616152763367
0.15631112456321716
0.06965528428554535
0.07803463935852051
0.06597811728715897
0.05232175812125206
0.04836359620094299
0.1978425234556198
0.15255989134311676
0.09626303613185883
0.18554310500621796
0.11625967919826508
0.16689607501029968
0.05500561371445656
0.10692398250102997
0.09560514241456985
0.06933529675006866
0.2435358464717865
0.054333947598934174
0.10179081559181213
0.22948408126831055
0.19338029623031616
0.15815752744674683
0.10784450173377991
0.10992754995822906
0.06422977149486542
0.09624636173248291
0.1291244477033615
0.05120202526450157
0.2920040488243103
0.14517048001289368
0.11151916533708572
0.16773265600204468
0.11226217448711395
0.18433302640914917
0.13970603048801422
0.01816132478415966
0.29706472158432007
0.2640748918056488
0.09235341101884842
0.09868734329938889
0.14947128295898438
0.1305997222661972
0.045075759291648865
0.06244242563843727
0.16952387988567352
0.07789250463247299
0.16680799424648285
0.10278040170669556
0.2006412297487259
0.11921397596597672
0.033615048974752426
0.05309465900063515
0.15906989574432373
0.07905927300453186
0.08382571488618851
0.13182885944843292
0.12166442722082138
0.11083020269870758
0.07878836989402771
0.10226677358150482
0.11211425065994263
0.07979926466941833
0.07706522196531296
0.1287422776222229
0.04653262346982956
0.10192269831895828
0.14696887135505676
0.1931207925081253
0.14549358189105988
0.10739700496196747
0.0681411400437355
0.13580377399921417
0.08113201707601547
0.03788594529032707
0.19999918341636658
0.07242821156978607
0.07095597684383392
0.13475468754768372
0.1864757090806961
0.3384318947792053
0.05206602066755295
0.30612170696258545
0.08286608755588531
0.14000701904296875
0.19375579059123993
0.0550512932240963
0.3044344484806061
0.023305334150791168
0.16832315921783447
0.08672913908958435
0.222140371799469
0.056673042476177216
0.04684213548898697
0.13121233880519867
0.05460258945822716
0.022894974797964096
0.16365216672420502
0.1930025815963745
0.06935767829418182
0.02901848778128624
0.06738970428705215
0.03601068630814552
0.03491070121526718
0.06459956616163254
0.09698744118213654
0.03416920825839043
0.11777934432029724
0.06598840653896332
0.06179972365498543
0.07916168868541718
0.16994419693946838
0.1281408816576004
0.0390898771584034
0.06423002481460571
0.13874107599258423
0.11582501977682114
0.0699784979224205
0.06833520531654358
0.09793896973133087
0.09963636100292206
0.1373317986726761
0.055801548063755035
0.05939558520913124
0.033198438584804535
0.189643993973732
0.06972505152225494
0.13342463970184326
0.07899590581655502
0.15703792870044708
0.15611323714256287
0.03607167303562164
0.16378721594810486
0.06622382253408432
0.23918108642101288
0.04065590351819992
0.09409080445766449
0.12679967284202576
0.27508217096328735
0.06783188879489899
0.12150917947292328
0.03462069854140282
0.18475539982318878
0.10568295419216156
0.1765996515750885
0.048884693533182144
0.05367187783122063
0.14763417840003967
0.040160369127988815
0.14369259774684906
0.20213760435581207
0.08675459027290344
0.21302679181098938
0.13029636442661285
0.04744603484869003
0.13909853994846344
0.10151364654302597
0.17775587737560272
0.11359436810016632
0.20781242847442627
0.13651339709758759
0.12055741250514984
0.04543173313140869
0.15272872149944305
0.07127197086811066
0.13877415657043457
0.081418476998806
0.13749313354492188
0.10367733240127563
0.0618588887155056
0.15567952394485474
0.2529151737689972
0.18466468155384064
0.12467125803232193
0.0827745571732521
0.17384180426597595
0.17564235627651215
0.08381108939647675
0.039171501994132996
0.14331984519958496
0.10826919972896576
0.053098853677511215
0.059239745140075684
0.09808811545372009
0.099127396941185
0.1068304255604744
0.18449151515960693
0.17533838748931885
0.25503674149513245
0.05625245347619057
0.09724035859107971
0.08669727295637131
0.09988446533679962
0.1868855059146881
0.2705056667327881
0.07435312122106552
0.1312093883752823
0.21888385713100433
0.06494234502315521
0.0692819207906723
0.18847554922103882
0.07506036758422852
0.11892269551753998
0.4261133074760437
0.08376698940992355
0.06288208812475204
0.11965055763721466
0.053742166608572006
0.11007467657327652
0.03399557247757912
0.03886432945728302
0.06306558102369308
0.1770089566707611
0.1350044459104538
0.0835144892334938
0.1517578363418579
0.07392673194408417
0.07323668152093887
0.13187578320503235
0.032349493354558945
0.04625841975212097
0.023604370653629303
0.04751371964812279
0.02417673170566559
0.17646390199661255
0.02646378055214882
0.13756290078163147
0.06652683764696121
0.2103419005870819
0.14421755075454712
0.03829203546047211
0.16484002768993378
0.03443792834877968
0.08660957217216492
0.18573811650276184
0.14904072880744934
0.11267746239900589
0.044179242104291916
0.09972973167896271
0.049658939242362976
0.10150310397148132
0.22509007155895233
0.09150838106870651
0.15607543289661407
0.16523995995521545
0.23549479246139526
0.13682812452316284
0.0737190842628479
0.1346215158700943
0.045836661010980606
0.09659785777330399
0.0921473577618599
0.08837635070085526
0.1548447459936142
0.1187405064702034
0.14790533483028412
0.1298123300075531
0.11886241286993027
0.01723003201186657
0.03277529403567314
0.07908422499895096
0.08290789276361465
0.1254534125328064
0.09254132956266403
0.05927082896232605
0.12075192481279373
0.33540117740631104
0.04540230333805084
0.09662537276744843
0.16473126411437988
0.02675255388021469
0.06260966509580612
0.06853895634412766
0.06163061410188675
0.10036320239305496
0.06450822204351425
0.13750775158405304
0.12418846786022186
0.14701473712921143
0.1611344963312149
0.08204399794340134
0.03460602089762688
0.130597785115242
0.02862701565027237
0.04671570658683777
0.04494142904877663
0.04956290125846863
0.04775802418589592
0.1406794637441635
0.09775011986494064
0.24813677370548248
0.1363767683506012
0.055415812879800797
0.053140245378017426
0.20066781342029572
0.10527107864618301
0.06371676921844482
0.17500242590904236
0.20219062268733978
0.1649649739265442
0.15161199867725372
0.12887610495090485
0.1772138625383377
0.18506591022014618
0.19568052887916565
0.049131374806165695
0.10872630774974823
0.019606169313192368
0.13570335507392883
0.1272849142551422
0.14509108662605286
0.10485400259494781
0.07337305694818497
0.057401012629270554
0.2588363289833069
0.19141104817390442
0.08981381356716156
0.08246806263923645
0.14048296213150024
0.2067224681377411
0.17071054875850677
0.08256597816944122
0.1081622838973999
0.2828623354434967
0.06681467592716217
0.18176965415477753
0.2133546769618988
0.10335298627614975
0.07921291142702103
0.06300513446331024
0.12806318700313568
0.06766942143440247
0.10703729838132858
0.133322611451149
0.1175929382443428
0.03177749365568161
0.11335866153240204
0.30084434151649475
0.06354821473360062
0.12620072066783905
0.03441428765654564
0.11545570939779282
0.09810458868741989
0.1389559805393219
0.1712857335805893
0.07693356275558472
0.12383188307285309
0.04489877447485924
0.11426347494125366
0.0775621086359024
0.20800916850566864
0.12754857540130615
0.04471326619386673
0.1885938048362732
0.08364284783601761
0.13996371626853943
0.04185265675187111
0.19515986740589142
0.17107929289340973
0.2003219723701477
0.10697959363460541
0.09744103252887726
0.03236221522092819
0.06973220407962799
0.20537929236888885
0.0809730663895607
0.11230847239494324
0.043204743415117264
0.07497899234294891
0.08799996227025986
0.08789414912462234
0.011781499721109867
0.031060101464390755
0.03305100277066231
0.19678723812103271
0.09738016128540039
0.07310203462839127
0.15280236303806305
0.03267395868897438
0.21186195313930511
0.08970616012811661
0.11441881954669952
0.04692517966032028
0.18557414412498474
0.09118258208036423
0.05658143013715744
0.13745208084583282
0.16858747601509094
0.2530488967895508
0.09369747340679169
0.24087855219841003
0.1316891312599182
0.155757874250412
0.05149984359741211
0.11503542959690094
0.06422960758209229
0.17556332051753998
0.09184618294239044
0.1379474699497223
0.04024356231093407
0.020946260541677475
0.07360634207725525
0.11719335615634918
0.08396199345588684
0.03060336410999298
0.11595288664102554
0.22259223461151123
0.0812840536236763
0.11887133866548538
0.1483824998140335
0.0429469458758831
0.1230183020234108
0.06788302958011627
0.2173471748828888
0.154099240899086
0.05834885686635971
0.09779207408428192
0.1274644136428833
0.033088792115449905
0.09491661936044693
0.07729483395814896
0.0576179102063179
0.1513664275407791
0.23839055001735687
0.10235080868005753
0.0726432055234909
0.2904267907142639
0.09943986684083939
0.03781210258603096
0.09418883919715881
0.10760136693716049
0.17344211041927338
0.06250119209289551
0.3797556459903717
0.06456799060106277
0.07776741683483124
0.23082232475280762
0.05548650398850441
0.23075981438159943
0.20184695720672607
0.19853103160858154
0.18821923434734344
0.05095803365111351
0.1804860681295395
0.1335354596376419
0.0866188183426857
0.11221299320459366
0.14295849204063416
0.12285974621772766
0.030487438663840294
0.16820603609085083
0.1009635478258133
0.018085794523358345
0.07964134216308594
0.10846146941184998
0.15209223330020905
0.16090404987335205
0.16098840534687042
0.3001427948474884
0.13868612051010132
0.029068902134895325
0.1008354052901268
0.05229634791612625
0.19580143690109253
0.06589367985725403
0.04446026682853699
0.1569085270166397
0.04968385398387909
0.0603146106004715
0.10020216554403305
0.22430983185768127
0.060271941125392914
0.14980356395244598
0.08257642388343811
0.21279184520244598
0.08824361860752106
0.09443163126707077
0.2938169836997986
0.15261408686637878
0.13624155521392822
0.3543582856655121
0.0892694965004921
0.2559126019477844
0.0955306887626648
0.1640847623348236
0.08052414655685425
0.3033715486526489
0.04700535535812378
0.12430404126644135
0.08640890568494797
0.09991852939128876
0.10720115900039673
0.07959682494401932
0.20253625512123108
0.09854824095964432
0.034564703702926636
0.22435887157917023
0.222708597779274
0.11713207513093948
0.060279481112957
0.1289002001285553
0.022901803255081177
0.06683309376239777
0.17622263729572296
0.05549315735697746
0.06298813223838806
0.12974603474140167
0.05823009833693504
0.1366938203573227
0.068669892847538
0.016206881031394005
0.26325932145118713
0.11658773571252823
0.061977237462997437
0.05830109119415283
0.08087777346372604
0.0303959958255291
0.2554432153701782
0.17577633261680603
0.07897957414388657
0.08852476626634598
0.04590173810720444
0.04541550949215889
0.2031547874212265
0.15026003122329712
0.11685428023338318
0.15067875385284424
0.16804592311382294
0.0997476726770401
0.058520007878541946
0.14753571152687073
0.10482360422611237
0.10989496111869812
0.056317009031772614
0.07553096115589142
0.07333972305059433
0.10209845751523972
0.07971221953630447
0.07102736830711365
0.19986385107040405
0.16541273891925812
0.19887849688529968
0.24449925124645233
0.028399266302585602
0.03306381404399872
0.03907527029514313
0.04127391800284386
0.1807769238948822
0.31539374589920044
0.0885850191116333
0.17693451046943665
0.1020837053656578
0.03838549181818962
0.11223609745502472
0.049880657345056534
0.10947921872138977
0.11613152176141739
0.05449991673231125
0.06449490040540695
0.10410252958536148
0.12195935845375061
0.0683169811964035
0.09342889487743378
0.147085040807724
0.06965464353561401
0.2472330629825592
0.07580988854169846
0.1132609024643898
0.06529925018548965
0.06639242172241211
0.12031923234462738
0.08949024975299835
0.11697371304035187
0.12460419535636902
0.1032077744603157
0.15733768045902252
0.12872149050235748
0.1971118003129959
0.03073025681078434
0.08960177004337311
0.0864446610212326
0.0852455124258995
0.11132112145423889
0.04161326214671135
0.13940587639808655
0.2114311158657074
0.03525831922888756
0.1526763141155243
0.08860781788825989
0.0801987424492836
0.15159639716148376
0.06262204051017761
0.14121092855930328
0.07513698935508728
0.1281711310148239
0.13251706957817078
0.04527531936764717
0.08455212414264679
0.10634858906269073
0.15100637078285217
0.15005645155906677
0.114682637155056
0.29473528265953064
0.07343902438879013
0.12405045330524445
0.14324897527694702
0.06662974506616592
0.06312937289476395
0.07768546789884567
0.03905055299401283
0.12151271104812622
0.051419634371995926
0.2053886204957962
0.08164002001285553
0.11393829435110092
0.018710754811763763
0.08623290061950684
0.13472861051559448
0.08671962469816208
0.0831582322716713
0.1331518143415451
0.09583938866853714
0.10002811253070831
0.04171784594655037
0.07528704404830933
0.07285510003566742
0.07238215208053589
0.15489305555820465
0.08793297410011292
0.07743377238512039
0.05087936297059059
0.14054593443870544
0.12093207985162735
0.05939095839858055
0.09000181406736374
0.18918339908123016
0.08519492298364639
0.033584631979465485
0.10651960223913193
0.18156126141548157
0.06725549697875977
0.07062902301549911
0.09504080563783646
0.03861556947231293
0.042159490287303925
0.1705561876296997
0.1776498556137085
0.07422584295272827
0.15901990234851837
0.09059453755617142
0.05673999711871147
0.16732756793498993
0.06110100820660591
0.09219516813755035
0.09775067865848541
0.03295288234949112
0.04691767692565918
0.04329688102006912
0.050269097089767456
0.06616810709238052
0.1316118836402893
0.1666012406349182
0.02532167360186577
0.043111301958560944
0.08102090656757355
0.017723919823765755
0.1276906430721283
0.07888296991586685
0.1611194759607315
0.03563965857028961
0.11029155552387238
0.06092541292309761
0.10445594042539597
0.035473600029945374
0.10470101982355118
0.1027970016002655
0.10412661731243134
0.09108594805002213
0.14040488004684448
0.2648857831954956
0.06134572625160217
0.09429029375314713
0.019522951915860176
0.20059384405612946
0.17695432901382446
0.034797534346580505
0.012710481882095337
0.041198909282684326
0.2185027003288269
0.06332428753376007
