0.17235834896564484
0.08458546549081802
0.19303444027900696
0.07712554931640625
0.11378073692321777
0.1952485293149948
0.12918303906917572
0.0502970889210701
0.11737807095050812
0.14014555513858795
0.18910816311836243
0.04533382132649422
0.09946741908788681
0.030430715531110764
0.04468949884176254
0.07558821886777878
0.09389303624629974
0.07879655063152313
0.04682398959994316
0.08704199641942978
0.1029106080532074
0.10515152662992477
0.11908203363418579
0.14486181735992432
0.10366525501012802
0.11885956674814224
0.029109209775924683
0.16275732219219208
0.06327690184116364
0.04799896478652954
0.08996434509754181
0.13042926788330078
0.0704488679766655
0.038294099271297455
0.08993902057409286
0.09557418525218964
0.06929761171340942
0.0980340838432312
0.09890878945589066
0.15252165496349335
0.0876963660120964
0.03485617786645889
0.13153204321861267
0.12600716948509216
0.13917069137096405
0.03971303254365921
0.27914899587631226
0.0228960532695055
0.047371380031108856
0.04689616337418556
0.07381822168827057
0.32627207040786743
0.08180417120456696
0.19989421963691711
0.17929647862911224
0.07933603972196579
0.2658820152282715
0.040659867227077484
0.11782392859458923
0.09542549401521683
0.016024049371480942
0.20312106609344482
0.03155594691634178
0.1085892915725708
0.10883977264165878
0.23157434165477753
0.12080641090869904
0.2163790464401245
0.04537210986018181
0.051270511001348495
0.051108088344335556
0.06261179596185684
0.1348831057548523
0.04431138187646866
0.20916856825351715
0.09891346842050552
0.041083451360464096
0.08411206305027008
0.10498664528131485
0.061322178691625595
0.07169126719236374
0.058016978204250336
0.06938304752111435
0.036878328770399094
0.18067066371440887
0.11490783840417862
0.15651781857013702
0.11143632978200912
0.052135538309812546
0.09673168510198593
0.17763403058052063
0.1475561410188675
0.1062350645661354
0.09889756888151169
0.12732434272766113
0.04002956673502922
0.03182585537433624
0.14672784507274628
0.18759065866470337
0.08137255907058716
0.10231367498636246
0.07341927289962769
0.31774625182151794
0.16233159601688385
0.06981305778026581
0.18323150277137756
0.11872834712266922
0.08459646254777908
0.3523193299770355
0.2297171652317047
0.2102460265159607
0.1403382569551468
0.11013234406709671
0.18308472633361816
0.02975846454501152
0.1474221646785736
0.03693053498864174
0.15120725333690643
0.07687865197658539
0.13897089660167694
0.11528882384300232
0.06151072308421135
0.026958558708429337
0.02823544852435589
0.09656480699777603
0.26726779341697693
0.09446125477552414
0.018079791218042374
0.10764872282743454
0.16549183428287506
0.058420609682798386
0.2241957187652588
0.14747191965579987
0.07037021964788437
0.13158656656742096
0.23777684569358826
0.11310213059186935
0.05874223634600639
0.0784435123205185
0.050570081919431686
0.050189852714538574
0.2426561713218689
0.09601524472236633
0.1553284376859665
0.016157353296875954
0.16259591281414032
0.030957970768213272
0.07828079909086227
0.22757858037948608
0.14486390352249146
0.14512674510478973
0.14357048273086548
0.12350902706384659
0.0830858051776886
0.18298813700675964
0.04819069430232048
0.10279273986816406
0.12989142537117004
0.08621109277009964
0.05634436383843422
0.11501547694206238
0.07408999651670456
0.09266936779022217
0.054855652153491974
0.03629137575626373
0.13676075637340546
0.22294218838214874
0.07790116220712662
0.04184980317950249
0.12606611847877502
0.11831154674291611
0.095072902739048
0.08583121746778488
0.11135353147983551
0.1380244642496109
0.1604524850845337
0.07951464504003525
0.20943205058574677
0.07210946083068848
0.12018013745546341
0.06188417226076126
0.07954736053943634
0.11225780844688416
0.03575168177485466
0.17660951614379883
0.07851075381040573
0.059150293469429016
0.09435473382472992
0.15003061294555664
0.16697311401367188
0.1434725522994995
0.0692099779844284
0.051124125719070435
0.1303056925535202
0.0550931841135025
0.03072906658053398
0.1718253642320633
0.029664214700460434
0.14624901115894318
0.08648187667131424
0.0865003913640976
0.02822834998369217
0.19372324645519257
0.09418945759534836
0.043846264481544495
0.13821323215961456
0.03817865997552872
0.1674906611442566
0.05327923968434334
0.14291082322597504
0.08752784132957458
0.04833029955625534
0.08590859174728394
0.0415535531938076
0.07617364823818207
0.06383153796195984
0.033309370279312134
0.08686570078134537
0.09862302988767624
0.1872536838054657
0.0105355279520154
0.08700578659772873
0.12372532486915588
0.06969095021486282
0.059767547994852066
0.033471859991550446
0.05793120339512825
0.07410258799791336
0.11307833343744278
0.04908975213766098
0.1542014628648758
0.1458500772714615
0.14124633371829987
0.10290499776601791
0.03450552746653557
0.05814066901803017
0.13548021018505096
0.09252317249774933
0.037824589759111404
0.08237594366073608
0.13674423098564148
0.14693109691143036
0.1855715662240982
0.12051941454410553
0.048795055598020554
0.26828786730766296
0.2300146520137787
0.15500995516777039
0.23658432066440582
0.08813992142677307
0.06062432378530502
0.12549316883087158
0.07869140803813934
0.19799962639808655
0.11623559147119522
0.020105822011828423
0.07525604218244553
0.04505952447652817
0.054011404514312744
0.12369229644536972
0.08320442587137222
0.24056179821491241
0.04601499065756798
0.14645488560199738
0.07925726473331451
0.1418578177690506
0.038062527775764465
0.15019549429416656
0.032932259142398834
0.022492554038763046
0.09593719989061356
0.1999327391386032
0.2034943699836731
0.11514881253242493
0.10046160221099854
0.19326117634773254
0.07838254421949387
0.13346754014492035
0.08223053812980652
0.1085280030965805
0.12720248103141785
0.073886938393116
0.0313744843006134
0.07835634052753448
0.04962928965687752
0.07135315239429474
0.21735838055610657
0.05538077652454376
0.12204791605472565
0.2442266196012497
0.02752077393233776
0.1870090365409851
0.18721681833267212
0.0990171879529953
0.09384696930646896
0.040937043726444244
0.15336856245994568
0.09749381989240646
0.03345436602830887
0.0678720474243164
0.11149383336305618
0.05855507031083107
0.08095133304595947
0.02547422982752323
0.045689649879932404
0.10340692102909088
0.07523210346698761
0.13777193427085876
0.05033659189939499
0.1472349315881729
0.1483515053987503
0.03299747779965401
0.09249893575906754
0.13283048570156097
0.1858607679605484
0.06028202921152115
0.1926870197057724
0.08066048473119736
0.12878558039665222
0.05919328331947327
0.22839176654815674
0.12575924396514893
0.17781783640384674
0.049000333994627
0.052397701889276505
0.19685326516628265
0.30436214804649353
0.06959635019302368
0.06965865194797516
0.039993952959775925
0.06124964356422424
0.06746828556060791
0.04551972076296806
0.02891862578690052
0.10388943552970886
0.1398436278104782
0.1482393592596054
0.08566833287477493
0.13679064810276031
0.14888793230056763
0.05487620085477829
0.021487761288881302
0.20168280601501465
0.02118184044957161
0.10853195935487747
0.1048312708735466
0.04212509095668793
0.13273413479328156
0.050341326743364334
0.05647377669811249
0.19814236462116241
0.1068297028541565
0.10722016543149948
0.17468902468681335
0.1633937656879425
0.0822082906961441
0.0852254331111908
0.07525957375764847
0.04370775446295738
0.04448661580681801
0.05069251358509064
0.09709839522838593
0.35820427536964417
0.1327490210533142
0.05588719993829727
0.04716533422470093
0.10240323841571808
0.10982666909694672
0.03606361895799637
0.03889419883489609
0.06323105841875076
0.047553859651088715
0.11968424171209335
0.19003982841968536
0.036377932876348495
0.10605137050151825
0.06280305981636047
0.1465485543012619
0.10301473736763
0.07647795230150223
0.15388751029968262
0.2867969572544098
0.09534292668104172
0.2908238470554352
0.16605590283870697
0.03457241877913475
0.039214231073856354
0.060121215879917145
0.05032750964164734
0.14474844932556152
0.08257224410772324
0.05587004870176315
0.02037218026816845
0.13463017344474792
0.11825570464134216
0.041719600558280945
0.10946061462163925
0.031971171498298645
0.043210383504629135
0.20479871332645416
0.061154332011938095
0.08307239413261414
0.11704558879137039
0.038802094757556915
0.07618769258260727
0.10988441854715347
0.10815328359603882
0.19903874397277832
0.04304493963718414
0.23667000234127045
0.06902343034744263
0.06463949382305145
0.06886604428291321
0.12586641311645508
0.14973793923854828
0.17261257767677307
0.06692754477262497
0.1275080144405365
0.1176072359085083
0.1805952787399292
0.1503906399011612
0.08273781836032867
0.08891358971595764
0.04826735332608223
0.07816672325134277
0.08759641647338867
0.07683529704809189
0.12160993367433548
0.025128591805696487
0.18171127140522003
0.22431449592113495
0.2357347458600998
0.06102197617292404
0.03199087083339691
0.056446969509124756
0.03367135673761368
0.04168766364455223
0.10005709528923035
0.19180086255073547
0.08067383617162704
0.04123455658555031
0.0961759015917778
0.025547001510858536
0.16741587221622467
0.07678245007991791
0.06583450734615326
0.021958131343126297
0.3885500729084015
0.17289108037948608
0.05455731227993965
0.038071159273386
0.2079487144947052
0.2183828055858612
0.11401065438985825
0.05993702635169029
0.06710050255060196
0.10081500560045242
0.08796936273574829
0.09121134877204895
0.053638651967048645
0.12826935946941376
0.17054103314876556
0.10877484828233719
0.055690377950668335
0.04211689904332161
0.049180835485458374
0.05416937172412872
0.04303199052810669
0.043958015739917755
0.0940771996974945
0.16700881719589233
0.25778281688690186
0.10320708155632019
0.09213868528604507
0.05241904407739639
0.10976545512676239
0.06324055045843124
0.10906490683555603
0.10098272562026978
0.04420085996389389
0.08090546727180481
0.11506041884422302
0.16600903868675232
0.016536898910999298
0.10944381356239319
0.07607154548168182
0.06199777498841286
0.07802905887365341
0.1684909462928772
0.05235683172941208
0.0902273878455162
0.1355111002922058
0.04342873394489288
0.07776907831430435
0.2013755440711975
0.05096704512834549
0.034963108599185944
0.07104536890983582
0.17630164325237274
0.07632140070199966
0.06982814520597458
0.11489512771368027
0.08179868757724762
0.20105582475662231
0.06777496635913849
0.10851562023162842
0.17767862975597382
0.15128087997436523
0.08766249567270279
0.16039389371871948
0.06965668499469757
0.1226770281791687
0.19405841827392578
0.038195133209228516
0.11087840795516968
0.06117001920938492
0.09775909781455994
0.042494431138038635
0.08209837228059769
0.11659438908100128
0.3234296441078186
0.03382205218076706
0.14933612942695618
0.08025576919317245
0.05303112789988518
0.11819462478160858
0.08245961368083954
0.036617908626794815
0.11053266376256943
0.1561611294746399
0.05846714228391647
0.15261562168598175
0.0588238425552845
0.03607555106282234
0.029097896069288254
0.028050241991877556
0.09435110539197922
0.03948551043868065
0.05659443885087967
0.10222490131855011
0.19326375424861908
0.14826203882694244
0.1459641307592392
0.2043839991092682
0.08460423350334167
0.0881369411945343
0.05442994832992554
0.03669200837612152
0.05451134964823723
0.11700891703367233
0.147380992770195
0.06265100091695786
0.036123886704444885
0.09924694895744324
0.06247609481215477
0.03605891391634941
0.21809233725070953
0.13074937462806702
0.08524157106876373
0.2356109768152237
0.03402369096875191
0.1217600405216217
0.08417483419179916
0.06228690966963768
0.09780406951904297
0.09360040724277496
0.045173436403274536
0.166330024600029
0.11550312489271164
0.16804563999176025
0.1327911615371704
0.09301259368658066
0.07223623245954514
0.11065507680177689
0.046640995889902115
0.06575658172369003
0.05322391912341118
0.07506459206342697
0.06377606093883514
0.20011384785175323
0.045958131551742554
0.11247530579566956
0.07836698740720749
0.03548847883939743
0.1687670201063156
0.04017005115747452
0.05045698210597038
0.06318127363920212
0.0347311832010746
0.14398664236068726
0.05163564905524254
0.057247038930654526
0.105122871696949
0.07224307954311371
0.09003222733736038
0.14849892258644104
0.12418250739574432
0.039733219891786575
0.12448754161596298
0.08721500635147095
0.11897680163383484
0.09237052500247955
0.11296943575143814
0.03499235212802887
0.2708960175514221
0.020535940304398537
0.09473665803670883
0.20472922921180725
0.06210359185934067
0.10650010406970978
0.0738501325249672
0.03342237323522568
0.12043105810880661
0.12188820540904999
0.12867167592048645
0.2271789014339447
0.13953866064548492
0.09599052369594574
0.16135968267917633
0.09947275370359421
0.05743885040283203
0.03193807601928711
0.05793660506606102
0.09434139728546143
0.032702114433050156
0.0666477158665657
0.05321970954537392
0.09094041585922241
0.1475258618593216
0.042399898171424866
0.1366477757692337
0.15410348773002625
0.03290555253624916
0.016427986323833466
0.0827038437128067
0.1433756947517395
0.058843862265348434
0.11558396369218826
0.10584947466850281
0.07510077953338623
0.07462871819734573
0.09691707789897919
0.1287394016981125
0.08463301509618759
0.1600198745727539
0.1063162162899971
0.19667962193489075
0.09573802351951599
0.06122652068734169
0.0960099995136261
0.21119381487369537
0.0163104310631752
0.03846533223986626
0.0608498640358448
0.02699047513306141
0.1474994271993637
0.24871987104415894
0.11054691672325134
0.05101589858531952
0.15129020810127258
0.11618662625551224
0.10073616355657578
0.18080037832260132
0.06831707805395126
0.0962488204240799
0.10787395387887955
0.10278027504682541
0.08890185505151749
0.04164266213774681
0.10630618035793304
0.0943187028169632
0.13753226399421692
0.07540826499462128
0.0844375416636467
0.02894825115799904
0.05384296923875809
0.07005881518125534
0.018967531621456146
0.1857287585735321
0.10584054887294769
0.08452999591827393
0.10852134972810745
0.07818805426359177
0.07999574393033981
0.0839618593454361
0.026630939915776253
0.22060836851596832
0.13288293778896332
0.06632289290428162
0.06440270692110062
0.10003621131181717
0.053827330470085144
0.1408090442419052
0.012891676276922226
0.04451389238238335
0.14892669022083282
0.028815973550081253
0.11256397515535355
0.14883092045783997
0.021803241223096848
0.15401795506477356
0.05107486620545387
0.11178787797689438
0.06314888596534729
0.084566630423069
0.1154007688164711
0.08684137463569641
0.02874290756881237
0.03404780849814415
0.12293842434883118
0.06700648367404938
0.05893930047750473
0.11709914356470108
0.04036962613463402
0.06861564517021179
0.03617185726761818
0.19132056832313538
0.19277551770210266
0.09741989523172379
0.12009397149085999
0.13044597208499908
0.11031434684991837
0.0639582946896553
0.09946978092193604
0.023481477051973343
0.07104811072349548
0.23041492700576782
0.051383938640356064
0.09466729313135147
0.04848239943385124
0.06182565912604332
0.12386217713356018
0.11185327917337418
0.03498181700706482
0.05704151839017868
0.1324867457151413
0.0906628891825676
0.04562489688396454
0.06370808929204941
0.08865450322628021
0.1157768964767456
0.11643371731042862
0.1552198827266693
0.09652303159236908
0.06019856780767441
0.12294948101043701
0.11305669695138931
0.09040714055299759
0.1862434595823288
0.13274599611759186
0.17321276664733887
0.12551558017730713
0.07688730955123901
0.03703552111983299
0.05776122584939003
0.025580499321222305
0.27836287021636963
0.13903990387916565
0.12467511743307114
0.05892924591898918
0.02749904990196228
0.09042711555957794
0.032383475452661514
0.10192058980464935
0.13277894258499146
0.036444082856178284
0.12738215923309326
0.10737834125757217
0.036130163818597794
0.07508999854326248
0.07781879603862762
0.3864579200744629
0.0382879376411438
0.15157902240753174
0.1560431867837906
0.05680578202009201
0.1836145520210266
0.027863210067152977
0.11978624761104584
0.07328120619058609
0.05924629792571068
0.026414668187499046
0.20885145664215088
0.14140160381793976
0.08747169375419617
0.104336678981781
0.0643497034907341
0.07964363694190979
0.14437945187091827
0.12955816090106964
0.19096271693706512
0.06938369572162628
0.2782190442085266
0.15827840566635132
0.17160113155841827
0.12251625210046768
0.09088888019323349
0.0901959240436554
0.07112867385149002
0.03912137821316719
0.1416863203048706
0.07394230365753174
0.13720086216926575
0.09268011897802353
0.039762116968631744
0.049449656158685684
0.04713241010904312
0.20467227697372437
0.04545868560671806
0.08322540670633316
0.1414715200662613
0.07309047877788544
0.03248978406190872
0.11971821635961533
0.04756639152765274
0.02879207208752632
0.07333111763000488
0.10619101673364639
0.12217507511377335
0.05500420555472374
0.27522554993629456
0.0732574462890625
0.09126830846071243
0.04188063368201256
0.1894008070230484
0.1541656255722046
0.040701642632484436
0.2074003368616104
0.08189008384943008
0.054531894624233246
0.09705427289009094
0.07492589950561523
0.09221328794956207
0.10561369359493256
0.0723525881767273
0.0992971658706665
0.09308920800685883
0.034141454845666885
0.06977630406618118
0.14984411001205444
0.19351138174533844
0.07927180826663971
0.08110444247722626
0.0379958413541317
0.09391968697309494
0.15675437450408936
0.03285272419452667
0.17439594864845276
0.06927206367254257
0.14758026599884033
0.1204124316573143
0.02940450794994831
0.029877645894885063
0.045301202684640884
0.04881046339869499
0.12729769945144653
0.13639019429683685
0.01688545010983944
0.1563037633895874
0.06028412654995918
0.10547009110450745
0.04133753478527069
0.1672009974718094
0.07375889271497726
0.19506587088108063
0.19139647483825684
0.1844022274017334
0.14129044115543365
0.1493382751941681
0.053311172872781754
0.19305245578289032
0.0305172186344862
0.08174030482769012
0.06102801486849785
0.06381388753652573
0.042999040335416794
0.15988275408744812
0.129603311419487
0.13429629802703857
0.15358546376228333
0.044554200023412704
0.01627618633210659
0.029363352805376053
0.053628452122211456
0.13248375058174133
0.2805963456630707
0.07274380326271057
0.050640352070331573
0.04185912385582924
0.03996662795543671
0.04622318223118782
0.07720080018043518
0.2638363242149353
0.05566656216979027
0.24439477920532227
0.03967989236116409
0.04608027637004852
0.029606057330965996
0.04611200466752052
0.08396153897047043
0.09332815557718277
0.056195322424173355
0.03623383492231369
0.11827558279037476
0.07033944129943848
0.11803313344717026
0.0483035147190094
0.11052457243204117
0.12630070745944977
0.05031074211001396
0.03934593126177788
0.2501967251300812
0.22782555222511292
0.053753193467855453
0.09130877256393433
0.12324840575456619
0.12908832728862762
0.19832950830459595
0.03712809830904007
0.10236995667219162
0.04640243574976921
0.12954366207122803
0.13464407622814178
0.053208086639642715
0.0775577574968338
0.10282426327466965
0.08673105388879776
0.2436177134513855
0.08174862712621689
0.054817765951156616
0.04702834039926529
0.13889701664447784
0.04615243896842003
0.1306201070547104
0.02354832924902439
0.23614731431007385
0.05791723355650902
0.25888240337371826
0.2056555598974228
0.11810290813446045
