0.12034872174263
0.20419330894947052
0.27143245935440063
0.10493145883083344
0.07807427644729614
0.09988734871149063
0.060940515249967575
0.08144988119602203
0.08529018610715866
0.03752398118376732
0.04854126647114754
0.15124410390853882
0.14626005291938782
0.1175852119922638
0.2117435783147812
0.07996275275945663
0.03817760944366455
0.3139895498752594
0.07229754328727722
0.17663714289665222
0.07240268588066101
0.132880300283432
0.1614546775817871
0.1544923335313797
0.2298547923564911
0.07521800696849823
0.07071497291326523
0.23107685148715973
0.12455682456493378
0.11452185362577438
0.24012722074985504
0.10710166394710541
0.13374947011470795
0.08372396230697632
0.059726979583501816
0.07685698568820953
0.09918095916509628
0.07206963002681732
0.111420176923275
0.0968092605471611
0.08472883701324463
0.05147506296634674
0.15736651420593262
0.22421398758888245
0.09639844298362732
0.13939028978347778
0.14444248378276825
0.18052533268928528
0.17475047707557678
0.23488777875900269
0.21736319363117218
0.09690988063812256
0.3226819932460785
0.03891368582844734
0.07948170602321625
0.11811044067144394
0.10437943041324615
0.16231469810009003
0.23411166667938232
0.11499354988336563
0.10911306738853455
0.046823058277368546
0.10506811738014221
0.08991926908493042
0.1354709267616272
0.1365959346294403
0.14021074771881104
0.06310579180717468
0.09483952075242996
0.12151497602462769
0.15421517193317413
0.14803385734558105
0.03850957751274109
0.04613899812102318
0.044172435998916626
0.17273487150669098
0.10588204860687256
0.18476124107837677
0.1263514757156372
0.1946604996919632
0.04323714226484299
0.14476920664310455
0.0951751247048378
0.3301112651824951
0.027996890246868134
0.23958316445350647
0.07925437390804291
0.15943890810012817
0.1028037816286087
0.30671727657318115
0.18333090841770172
0.10597511380910873
0.1291937232017517
0.1740553081035614
0.061143361032009125
0.11963697522878647
0.053005486726760864
0.1056889221072197
0.0810866728425026
0.05072704330086708
0.027481570839881897
0.1060243621468544
0.1753310114145279
0.2478838711977005
0.057081177830696106
0.06012081354856491
0.11841177940368652
0.053491439670324326
0.15535473823547363
0.12705762684345245
0.03411676734685898
0.4746355712413788
0.12982620298862457
0.06173904985189438
0.11112522333860397
0.0891069695353508
0.12766005098819733
0.17222267389297485
0.05346202477812767
0.10137470811605453
0.09340840578079224
0.08963046967983246
0.13727128505706787
0.06902192533016205
0.20365813374519348
0.039681512862443924
0.12491903454065323
0.11368299275636673
0.08329549431800842
0.23076820373535156
0.09483083337545395
0.1221277192234993
0.13603849709033966
0.17235755920410156
0.08060948550701141
0.154078871011734
0.14284628629684448
0.14384391903877258
0.07380521297454834
0.15511412918567657
0.09567788243293762
0.1125221848487854
0.13498914241790771
0.07882951945066452
0.21930234134197235
0.08215825259685516
0.06540711969137192
0.09805282950401306
0.10459176450967789
0.05602148547768593
0.19392700493335724
0.061559658497571945
0.10285113751888275
0.060614295303821564
0.1805781126022339
0.07853393256664276
0.31172460317611694
0.24822284281253815
0.12391387671232224
0.24780583381652832
0.18907515704631805
0.18574996292591095
0.27191317081451416
0.11954254657030106
0.04708899185061455
0.0889396145939827
0.05934102088212967
0.10417324304580688
0.05412376672029495
0.11098960041999817
0.20601649582386017
0.16825278103351593
0.062301985919475555
0.22097523510456085
0.19002431631088257
0.05742616578936577
0.1817258596420288
0.07043299823999405
0.21931156516075134
0.10581403970718384
0.19037671387195587
0.14394287765026093
0.13652023673057556
0.09744058549404144
0.16119743883609772
0.25478872656822205
0.07624991238117218
0.1875152289867401
0.17193683981895447
0.16914354264736176
0.10434716194868088
0.0333847813308239
0.09130813181400299
0.13957785069942474
0.2103991061449051
0.12277280539274216
0.10550253093242645
0.11632511764764786
0.08407304435968399
0.054325513541698456
0.32758772373199463
0.15713976323604584
0.05068296939134598
0.15841253101825714
0.06325327605009079
0.10965550690889359
0.035465218126773834
0.1152053102850914
0.10634595900774002
0.07896268367767334
0.21670378744602203
0.08718542009592056
0.16086553037166595
0.08997706323862076
0.15500697493553162
0.11561601608991623
0.15862208604812622
0.15265420079231262
0.08685681223869324
0.22388671338558197
0.1042325422167778
0.020693033933639526
0.253166139125824
0.09072167426347733
0.11336763203144073
0.0994003638625145
0.03602864220738411
0.33263829350471497
0.07917943596839905
0.1498693823814392
0.14054878056049347
0.09535951912403107
0.1533925086259842
0.22378739714622498
0.10177899897098541
0.03732491657137871
0.0988411158323288
0.23554007709026337
0.11346296966075897
0.12803669273853302
0.1528300791978836
0.09695183485746384
0.11056826263666153
0.0612262524664402
0.4669826626777649
0.1804012656211853
0.12547338008880615
0.18666860461235046
0.05133358761668205
0.04926478490233421
0.13540562987327576
0.23276907205581665
0.10342937707901001
0.22323814034461975
0.056699804961681366
0.05146022140979767
0.12606339156627655
0.0453520193696022
0.2616508901119232
0.09466903656721115
0.063142791390419
0.08255551010370255
0.1268715113401413
0.14686590433120728
0.1456442028284073
0.08587724715471268
0.11158159375190735
0.07566846907138824
0.039473772048950195
0.23077479004859924
0.10990815609693527
0.14297251403331757
0.2439773827791214
0.18775925040245056
0.05969825014472008
0.09543422609567642
0.11821158230304718
0.15114039182662964
0.10387644171714783
0.12132281810045242
0.0517289899289608
0.10395991057157516
0.11554904282093048
0.1254250556230545
0.05911332741379738
0.14804339408874512
0.24711133539676666
0.1541418433189392
0.10510856658220291
0.09123680740594864
0.06983429193496704
0.06882590800523758
0.07406056672334671
0.1481703221797943
0.1288524717092514
0.07547424733638763
0.14708909392356873
0.12787257134914398
0.18925291299819946
0.10221239179372787
0.14398634433746338
0.05749872699379921
0.030049007385969162
0.13563092052936554
0.09599072486162186
0.46889567375183105
0.24117182195186615
0.06020189821720123
0.17536547780036926
0.11384706944227219
0.21568746864795685
0.09726142883300781
0.21446408331394196
0.07076078653335571
0.03951604291796684
0.11138343811035156
0.1811974048614502
0.1178952232003212
0.10403082519769669
0.11082381755113602
0.06958920508623123
0.15001040697097778
0.10052479058504105
0.06938224285840988
0.1928626149892807
0.08318860828876495
0.09211614727973938
0.10637741535902023
0.17691399157047272
0.1377461552619934
0.19816580414772034
0.12193536013364792
0.06129841506481171
0.12581360340118408
0.1118403971195221
0.20620670914649963
0.0981130301952362
0.0985700786113739
0.06283976882696152
0.09107119590044022
0.06550735980272293
0.20207075774669647
0.05270256847143173
0.15878331661224365
0.20946870744228363
0.1290697604417801
0.24647831916809082
0.036789268255233765
0.17849497497081757
0.06057457625865936
0.1319325566291809
0.08132712543010712
0.19568932056427002
0.10751733928918839
0.054770275950431824
0.10486233234405518
0.21650001406669617
0.0545407272875309
0.03824765235185623
0.06635511666536331
0.1331908255815506
0.060363367199897766
0.14235839247703552
0.102307990193367
0.03463511914014816
0.08506681770086288
0.0684252455830574
0.24495463073253632
0.15344218909740448
0.09783656895160675
0.12363298237323761
0.14735360443592072
0.15559901297092438
0.07307790964841843
0.07028187811374664
0.08163517713546753
0.15011437237262726
0.03164082393050194
0.04715645685791969
0.045358262956142426
0.14976492524147034
0.17078085243701935
0.09587682783603668
0.08497003465890884
0.16215048730373383
0.12301873415708542
0.08856848627328873
0.08921551704406738
0.22798293828964233
0.13393817842006683
0.18273212015628815
0.21882431209087372
0.09586583077907562
0.039887748658657074
0.08300478011369705
0.1632532775402069
0.11392375081777573
0.07270403951406479
0.07505276054143906
0.11167602241039276
0.17808713018894196
0.1570512056350708
0.06914371252059937
0.2148018330335617
0.15047959983348846
0.1304914653301239
0.1385560929775238
0.1513538658618927
0.3351610600948334
0.08241764456033707
0.15907463431358337
0.015761809423565865
0.13634955883026123
0.09961317479610443
0.04541543498635292
0.23645038902759552
0.10644078999757767
0.05042686313390732
0.07692140340805054
0.11893852055072784
0.09623628109693527
0.12838450074195862
0.07435302436351776
0.11205968260765076
0.21454636752605438
0.06540825217962265
0.09685023128986359
0.06423722207546234
0.08585060387849808
0.05054905265569687
0.11096068471670151
0.10934366285800934
0.20267124474048615
0.14060497283935547
0.08885606378316879
0.25301817059516907
0.18217536807060242
0.19357047975063324
0.03435983881354332
0.09020863473415375
0.02703597955405712
0.0949183776974678
0.05295063182711601
0.15677346289157867
0.12123247236013412
0.020300989970564842
0.2519296407699585
0.20316830277442932
0.0677870437502861
0.05298013612627983
0.15500247478485107
0.2742545008659363
0.10147146135568619
0.1153448149561882
0.10651231557130814
0.12972210347652435
0.07749037444591522
0.0544000044465065
0.11445765197277069
0.041831064969301224
0.23302161693572998
0.04143720492720604
0.2114664912223816
0.03322939947247505
0.1228475421667099
0.07180747389793396
0.1017846092581749
0.08470427989959717
0.10109221190214157
0.09626822173595428
0.026101581752300262
0.0912836566567421
0.0390213280916214
0.13140346109867096
0.14193415641784668
0.06547186523675919
0.0332605205476284
0.10667520761489868
0.1673269420862198
0.08601517975330353
0.10617010295391083
0.17418719828128815
0.08077573031187057
0.05643705651164055
0.10422751307487488
0.05075785890221596
0.07217936962842941
0.1065213605761528
0.17800064384937286
0.2717890739440918
0.0950397476553917
0.15907470881938934
0.1856309175491333
0.05277702584862709
0.06559163331985474
0.07782444357872009
0.03134654834866524
0.2803868055343628
0.13462576270103455
0.155872642993927
0.13571137189865112
0.07967798411846161
0.10041771829128265
0.06810807436704636
0.10121385753154755
0.1069430410861969
0.04072117060422897
0.16611891984939575
0.05154957249760628
0.2979011833667755
0.03652476891875267
0.16933253407478333
0.19133783876895905
0.028468098491430283
0.04808633401989937
0.08081810921430588
0.1964915245771408
0.17237935960292816
0.06627258658409119
0.06533589214086533
0.05197317525744438
0.15986932814121246
0.1277717500925064
0.1323348581790924
0.08269637823104858
0.06835950911045074
0.053625959903001785
0.1923021823167801
0.09271135181188583
0.14903807640075684
0.07877378165721893
0.10405492037534714
0.04617181792855263
0.11740902066230774
0.06083130091428757
0.09184000641107559
0.18044956028461456
0.045740704983472824
0.03340038284659386
0.19030122458934784
0.17427222430706024
0.09480388462543488
0.12924565374851227
0.10427843034267426
0.05033058300614357
0.13422973453998566
0.05445777252316475
0.06516027450561523
0.25787219405174255
0.12419528514146805
0.17264986038208008
0.03293399512767792
0.11102215200662613
0.10216955840587616
0.12948517501354218
0.13852210342884064
0.10165418684482574
0.1356116086244583
0.18391960859298706
0.25299587845802307
0.10701077431440353
0.20625261962413788
0.1673624962568283
0.2595893144607544
0.11576259136199951
0.10799194127321243
0.16044041514396667
0.11961929500102997
0.34130749106407166
0.12160345166921616
0.22787564992904663
0.04845546558499336
0.0997958853840828
0.10351663082838058
0.1606590747833252
0.26513516902923584
0.08183780312538147
0.1568787693977356
0.1491347700357437
0.06264065206050873
0.08653854578733444
0.040964603424072266
0.14771755039691925
0.07634652405977249
0.2778332531452179
0.13372687995433807
0.036942094564437866
0.2138904482126236
0.19821536540985107
0.14439226686954498
0.11638934910297394
0.4128206670284271
0.09464260190725327
0.1343129575252533
0.20495867729187012
0.10329769551753998
0.18869610130786896
0.12470944225788116
0.13518130779266357
0.09498514980077744
0.08423828333616257
0.10045474767684937
0.32026803493499756
0.06684447079896927
0.14811193943023682
0.13144320249557495
0.0872209444642067
0.1433325558900833
0.1322324424982071
0.035119518637657166
0.13533173501491547
0.17108018696308136
0.11049884557723999
0.13631488382816315
0.10998991876840591
0.14598388969898224
0.1389511227607727
0.0886487066745758
0.23902404308319092
0.2503550052642822
0.07196582853794098
0.08327001333236694
0.07246138900518417
0.38496771454811096
0.28432202339172363
0.09483274817466736
0.1352338194847107
0.1033627837896347
0.28680557012557983
0.1386319249868393
0.11302097886800766
0.11666136980056763
0.09494313597679138
0.19401204586029053
0.16792461276054382
0.06659074872732162
0.12969957292079926
0.055091992020606995
0.21028098464012146
0.09111616760492325
0.10532614588737488
0.1681738942861557
0.17882463335990906
0.025572868064045906
0.26522886753082275
0.1284174621105194
0.044369619339704514
0.16363033652305603
0.19375048577785492
0.03937606140971184
0.15481653809547424
0.1660120040178299
0.055520199239254
0.10962141305208206
0.08950863778591156
0.10371149331331253
0.33381083607673645
0.17851383984088898
0.10049019753932953
0.05658373236656189
0.12960390746593475
0.04079580679535866
0.11854475736618042
0.05444717034697533
0.08871375769376755
0.19311684370040894
0.14286357164382935
0.24040763080120087
0.18916375935077667
0.052938252687454224
0.14309270679950714
0.023521173745393753
0.10724272578954697
0.12615074217319489
0.05956698954105377
0.1813320368528366
0.18134307861328125
0.12008263170719147
0.08742232620716095
0.11498391628265381
0.2019948661327362
0.12735310196876526
0.1591804325580597
0.11065339297056198
0.17865334451198578
0.16170889139175415
0.09733714908361435
0.10581225901842117
0.20257295668125153
0.11199389398097992
0.11865154653787613
0.10609181970357895
0.1574823558330536
0.027168311178684235
0.11482173204421997
0.15344040095806122
0.042189933359622955
0.12896530330181122
0.08765142410993576
0.15694789588451385
0.18254151940345764
0.09383225440979004
0.09581730514764786
0.04849211871623993
0.06571152061223984
0.04031748324632645
0.08217959105968475
0.1859603375196457
0.05870215594768524
0.10597489774227142
0.1454930454492569
0.14802080392837524
0.1387491226196289
0.22600007057189941
0.07864804565906525
0.08192786574363708
0.14701169729232788
0.06445538252592087
0.15949329733848572
0.13908371329307556
0.08250754326581955
0.19198663532733917
0.10024907439947128
0.1380893737077713
0.04915015399456024
0.11836767941713333
0.07786698639392853
0.06163526326417923
0.05798789858818054
0.19176088273525238
0.11627533286809921
0.18863259255886078
0.1571006029844284
0.10686914622783661
0.12005390971899033
0.08886591345071793
0.06612717360258102
0.060145303606987
0.12692847847938538
0.034459538757801056
0.14360369741916656
0.06620302051305771
0.08256300538778305
0.1773551106452942
0.14429540932178497
0.07543639093637466
0.09183596074581146
0.16219404339790344
0.03950827568769455
0.052900515496730804
0.0806487575173378
0.0947917252779007
0.0974583774805069
0.1812887042760849
0.15068984031677246
0.12183886021375656
0.08356186747550964
0.05454355850815773
0.18852634727954865
0.12309300899505615
0.18560737371444702
0.12430812418460846
0.1355019211769104
0.09682124853134155
0.053967706859111786
0.1256418377161026
0.23549538850784302
0.14216697216033936
0.13667213916778564
0.06261536478996277
0.16509008407592773
0.0917164534330368
0.05246872082352638
0.024295620620250702
0.12196067720651627
0.06890234351158142
0.20405696332454681
0.04580584913492203
0.12048584967851639
0.18001429736614227
0.22441592812538147
0.13751782476902008
0.1102486178278923
0.1650250256061554
0.05424092337489128
0.093112513422966
0.21497848629951477
0.21133999526500702
0.20816603302955627
0.05806031823158264
0.24209323525428772
0.18957358598709106
0.07976377010345459
0.3686918020248413
0.08553857356309891
0.09021525830030441
0.14699497818946838
0.08980698138475418
0.173171728849411
0.14574383199214935
0.023963088169693947
0.1638590544462204
0.07436218857765198
0.18146087229251862
0.13933362066745758
0.3254503607749939
0.04466715827584267
0.08565802127122879
0.15717707574367523
0.19706152379512787
0.09166146069765091
0.14180736243724823
0.058341674506664276
0.11264397948980331
0.16553904116153717
0.17156316339969635
0.16755296289920807
0.1491505205631256
0.07044138014316559
0.05830943211913109
0.08513472229242325
0.09718046337366104
0.1302379071712494
0.0891248881816864
0.136714369058609
0.2317691147327423
0.05932699888944626
0.14296668767929077
0.1247582659125328
0.13488036394119263
0.04734596610069275
0.09428121149539948
0.15227030217647552
0.13962134718894958
0.26668718457221985
0.06805140525102615
0.20850546658039093
0.06979839503765106
0.18908502161502838
0.06427223235368729
0.09590985625982285
0.03240802884101868
0.09111595898866653
0.10799981653690338
0.19412565231323242
0.23948559165000916
0.06493137776851654
0.18244853615760803
0.16742274165153503
0.11216117441654205
0.09222434461116791
0.1512928456068039
0.04341527447104454
0.21858839690685272
0.08701563626527786
0.03364098444581032
0.07318937033414841
0.039899345487356186
0.11475305259227753
0.08362870663404465
0.13494575023651123
0.146987184882164
0.09452783316373825
0.09457716345787048
0.06202809885144234
0.03951593488454819
0.12489068508148193
0.21320603787899017
0.14607590436935425
0.16518428921699524
0.09147493541240692
0.08154638111591339
0.16802583634853363
0.052718568593263626
0.0787905752658844
0.2047269344329834
0.11389899998903275
0.13479769229888916
0.20009422302246094
0.06938107311725616
0.17570079863071442
0.18998365104198456
0.09795470535755157
0.04597179591655731
0.20986171066761017
0.14260703325271606
0.160338893532753
0.11499521881341934
0.04477790370583534
0.07272598147392273
0.14177221059799194
0.07247982919216156
0.05563298612833023
0.11384933441877365
0.18570052087306976
0.22348587214946747
0.08156508207321167
0.20060928165912628
0.029302118346095085
0.0730247050523758
0.2408578097820282
0.1593279391527176
0.09838584065437317
0.10994017124176025
0.09711768478155136
0.0986088216304779
0.1577388048171997
0.1833600401878357
0.05240371450781822
0.21487292647361755
0.12906038761138916
0.10892713814973831
0.14848609268665314
0.03693167865276337
0.08359412103891373
0.294118732213974
0.01983017288148403
0.07091506570577621
0.256405770778656
0.13782234489917755
0.12188582867383957
0.0985020101070404
0.17665310204029083
0.19997796416282654
0.0713360533118248
0.0632321760058403
0.23828260600566864
0.08792782574892044
0.04887179285287857
0.08001111447811127
0.15841524302959442
0.0646389052271843
0.03253701329231262
0.06196889281272888
0.08876033127307892
0.03559035435318947
0.03377384692430496
0.03648780658841133
0.08585742115974426
0.08239619433879852
