12.5
10.9375
14.0625
10.9375
10.9375
18.75
18.75
20.3125
12.5
10.9375
20.3125
21.875
14.0625
21.875
29.6875
25
28.125
35.9375
34.375
29.6875
34.375
35.9375
46.875
37.5
34.375
50
29.6875
35.9375
45.3125
35.9375
48.4375
51.5625
48.4375
46.875
35.9375
46.875
54.6875
56.25
45.3125
43.75
62.5
56.25
60.9375
62.5
50
40.625
60.9375
46.875
59.375
57.8125
64.0625
62.5
57.8125
60.9375
54.6875
78.125
70.3125
54.6875
54.6875
59.375
54.6875
54.6875
64.0625
60.9375
64.0625
57.8125
70.3125
62.5
73.4375
64.0625
50
60.9375
59.375
67.1875
65.625
67.1875
60.9375
67.1875
65.625
60.9375
65.625
62.5
60.9375
73.4375
78.125
60.9375
71.875
64.0625
75
70.3125
65.625
70.3125
76.5625
70.3125
67.1875
60.9375
59.375
67.1875
70.3125
70.3125
71.875
73.4375
76.5625
68.75
68.75
75
71.875
68.75
68.75
65.625
68.75
71.875
71.875
71.875
82.8125
78.125
68.75
76.5625
68.75
70.3125
70.3125
81.25
73.4375
81.25
82.8125
92.1875
73.4375
85.9375
78.125
85.9375
75
67.1875
73.4375
76.5625
75
76.5625
73.4375
68.75
76.5625
78.125
81.25
75
71.875
82.8125
76.5625
78.125
70.3125
71.875
71.875
81.25
75
76.5625
85.9375
73.4375
78.125
62.5
73.4375
79.6875
78.125
87.5
73.4375
75
75
82.8125
71.875
81.25
78.125
68.75
78.125
82.8125
82.8125
79.6875
82.8125
84.375
82.8125
75
78.125
85.9375
75
79.6875
82.8125
81.25
81.25
84.375
78.125
79.6875
93.75
81.25
76.5625
81.25
76.5625
85.9375
82.8125
78.125
76.5625
79.6875
78.125
85.9375
75
79.6875
87.5
78.125
79.6875
90.625
84.375
87.5
82.8125
78.125
75
82.8125
79.6875
87.5
75
90.625
78.125
78.125
84.375
84.375
85.9375
84.375
90.625
84.375
81.25
79.6875
84.375
82.8125
85.9375
82.8125
73.4375
78.125
85.9375
82.8125
78.125
81.25
79.6875
79.6875
82.8125
87.5
90.625
89.0625
79.6875
84.375
81.25
81.25
87.5
85.9375
79.6875
89.0625
87.5
89.0625
92.1875
85.9375
82.8125
84.375
89.0625
82.8125
84.375
87.5
84.375
90.625
79.6875
82.8125
90.625
84.375
84.375
89.0625
84.375
87.5
81.25
90.625
81.25
85.9375
79.6875
85.9375
81.25
89.0625
79.6875
85.9375
85.9375
98.4375
84.375
76.5625
95.3125
90.625
84.375
85.9375
79.6875
90.625
84.375
85.9375
89.0625
87.5
87.5
78.125
82.8125
85.9375
84.375
79.6875
93.75
87.5
79.6875
92.1875
89.0625
90.625
81.25
85.9375
84.375
85.9375
82.8125
81.25
81.25
87.5
76.5625
84.375
92.1875
87.5
81.25
78.125
84.375
76.5625
87.5
89.0625
89.0625
76.5625
85.9375
95.3125
76.5625
90.625
85.9375
85.9375
81.25
87.5
79.6875
89.0625
90.625
85.9375
78.125
87.5
82.8125
82.8125
85.9375
87.5
82.8125
85.9375
76.5625
87.5
87.5
87.5
95.3125
84.375
89.0625
87.5
89.0625
92.1875
82.8125
85.9375
82.8125
85.9375
84.375
87.5
82.8125
89.0625
84.375
87.5
89.0625
81.25
84.375
82.8125
89.0625
96.875
89.0625
84.375
81.25
85.9375
84.375
90.625
82.8125
85.9375
93.75
81.25
87.5
84.375
89.0625
93.75
82.8125
79.6875
82.8125
82.8125
89.0625
89.0625
89.0625
87.5
89.0625
85.9375
90.625
85.9375
89.0625
92.1875
85.9375
90.625
82.8125
90.625
85.9375
82.8125
76.5625
90.625
82.8125
87.5
82.8125
90.625
90.625
85.9375
92.1875
85.9375
89.0625
92.1875
79.6875
87.5
87.5
84.375
89.0625
84.375
87.5
85.9375
87.5
87.5
93.75
85.9375
92.1875
82.8125
92.1875
82.8125
85.9375
87.5
93.75
87.5
82.8125
85.9375
89.0625
95.3125
87.5
84.375
90.625
92.1875
85.9375
89.0625
82.8125
84.375
95.3125
89.0625
87.5
95.3125
84.375
90.625
84.375
73.4375
90.625
82.8125
90.625
87.5
92.1875
87.5
85.9375
90.625
90.625
84.375
89.0625
85.9375
84.375
87.5
85.9375
90.625
82.8125
85.9375
93.75
89.0625
89.0625
93.75
84.375
92.1875
89.0625
90.625
90.625
82.8125
90.625
89.0625
89.0625
93.75
87.5
84.375
92.1875
81.25
93.75
87.5
84.375
84.375
96.875
79.6875
84.375
87.5
85.9375
89.0625
82.8125
84.375
84.375
90.625
92.1875
90.625
87.5
95.3125
81.25
92.1875
84.375
89.0625
78.125
79.6875
90.625
81.25
90.625
92.1875
81.25
89.0625
79.6875
93.75
90.625
92.1875
85.9375
89.0625
87.5
82.8125
90.625
93.75
89.0625
81.25
92.1875
89.0625
82.8125
95.3125
93.75
90.625
85.9375
90.625
89.0625
87.5
89.0625
84.375
85.9375
90.625
82.8125
85.9375
84.375
93.75
89.0625
90.625
95.3125
85.9375
87.5
92.1875
85.9375
95.3125
85.9375
85.9375
92.1875
92.1875
89.0625
87.5
84.375
89.0625
93.75
85.9375
90.625
87.5
82.8125
87.5
85.9375
82.8125
84.375
84.375
85.9375
92.1875
90.625
90.625
85.9375
89.0625
84.375
85.9375
92.1875
90.625
89.0625
82.8125
90.625
90.625
82.8125
90.625
87.5
85.9375
90.625
89.0625
79.6875
89.0625
92.1875
93.75
90.625
89.0625
85.9375
84.375
90.625
92.1875
89.0625
96.875
92.1875
85.9375
85.9375
89.0625
89.0625
92.1875
92.1875
90.625
89.0625
89.0625
92.1875
84.375
82.8125
93.75
93.75
81.25
87.5
87.5
82.8125
90.625
89.0625
89.0625
89.0625
89.0625
92.1875
89.0625
96.875
87.5
92.1875
85.9375
84.375
87.5
93.75
85.9375
92.1875
90.625
87.5
95.3125
95.3125
90.625
89.0625
90.625
89.0625
90.625
89.0625
92.1875
84.375
87.5
84.375
87.5
87.5
90.625
84.375
89.0625
90.625
85.9375
89.0625
87.5
89.0625
78.125
92.1875
92.1875
90.625
93.75
84.375
93.75
89.0625
90.625
87.5
84.375
90.625
87.5
93.75
92.1875
85.9375
81.25
84.375
92.1875
85.9375
84.375
89.0625
90.625
87.5
92.1875
85.9375
93.75
87.5
95.3125
90.625
92.1875
93.75
93.75
87.5
82.8125
95.3125
84.375
93.75
92.1875
89.0625
87.5
92.1875
95.3125
92.1875
89.0625
85.9375
92.1875
85.9375
92.1875
79.6875
90.625
90.625
90.625
95.3125
92.1875
87.5
84.375
90.625
90.625
89.0625
92.1875
89.0625
96.875
89.0625
92.1875
90.625
92.1875
92.1875
92.1875
93.75
90.625
93.75
89.0625
96.875
89.0625
92.1875
92.1875
89.0625
90.625
89.0625
95.3125
92.1875
84.375
87.5
92.1875
92.1875
95.3125
81.25
87.5
89.0625
79.6875
89.0625
93.75
81.25
90.625
90.625
89.0625
82.8125
87.5
87.5
87.5
89.0625
82.8125
84.375
96.875
90.625
89.0625
87.5
93.75
92.1875
81.25
92.1875
95.3125
84.375
84.375
85.9375
90.625
95.3125
89.0625
95.3125
89.0625
92.1875
92.1875
90.625
90.625
87.5
92.1875
95.3125
93.75
92.1875
95.3125
89.0625
82.8125
100
90.625
92.1875
92.1875
90.625
87.5
85.9375
82.8125
93.75
90.625
85.9375
89.0625
92.1875
90.625
96.875
89.0625
90.625
95.3125
85.9375
89.0625
93.75
90.625
84.375
82.8125
93.75
89.0625
90.625
90.625
84.375
92.1875
90.625
92.1875
90.625
90.625
95.3125
87.5
93.75
93.75
90.625
90.625
92.1875
92.1875
87.5
87.5
87.5
90.625
93.75
85.9375
89.0625
90.625
90.625
92.1875
89.0625
90.625
82.8125
89.0625
87.5
90.625
90.625
87.5
89.0625
92.1875
85.9375
93.75
92.1875
98.4375
93.75
84.375
92.1875
89.0625
92.1875
92.1875
93.75
93.75
84.375
93.75
90.625
92.1875
95.3125
92.1875
89.0625
92.1875
87.5
87.5
84.375
87.5
89.0625
87.5
90.625
96.875
92.1875
89.0625
92.1875
89.0625
96.875
85.9375
92.1875
90.625
92.1875
90.625
90.625
96.875
84.375
93.75
93.75
81.25
90.625
93.75
85.9375
90.625
92.1875
92.1875
84.375
93.75
93.75
89.0625
89.0625
85.9375
79.6875
87.5
87.5
95.3125
85.9375
89.0625
95.3125
93.75
95.3125
90.625
90.625
87.5
92.1875
95.3125
91.66666666666666
90.625
90.625
100
95.83333333333334
100
