2.2917873859405518
2.307145595550537
2.291234254837036
2.2814457416534424
2.2945125102996826
2.2604730129241943
2.2674026489257813
2.258877992630005
2.271989107131958
2.2663064002990723
2.24601149559021
2.249716281890869
2.265380382537842
2.233426332473755
2.2334513664245605
2.2018721103668213
2.218489170074463
2.183532953262329
2.18770694732666
2.1761972904205322
2.1928040981292725
2.19742751121521
2.1660544872283936
2.1858463287353516
2.1563780307769775
2.1522443294525146
2.17113995552063
2.167755603790283
2.1282882690429688
2.151257038116455
2.112067937850952
2.0971951484680176
2.138658285140991
2.0848515033721924
2.108281135559082
2.097264289855957
2.047307014465332
2.028486967086792
2.050650119781494
2.0835957527160645
1.9942125082015991
2.011300563812256
1.9500865936279297
1.9755200147628784
2.0183539390563965
2.030383348464966
1.9536603689193726
1.9836369752883911
1.9449208974838257
1.9262325763702393
1.9234758615493774
1.9161744117736816
1.9028185606002808
1.861515998840332
1.9108456373214722
1.7751679420471191
1.7863026857376099
1.8788537979125977
1.8202235698699951
1.8454866409301758
1.8168320655822754
1.8165509700775146
1.7824339866638184
1.773037075996399
1.7341771125793457
1.8141613006591797
1.694058895111084
1.7111005783081055
1.5734186172485352
1.6590124368667603
1.7881683111190796
1.6700623035430908
1.6968395709991455
1.540631890296936
1.6325260400772095
1.485020399093628
1.6235284805297852
1.5077767372131348
1.6075254678726196
1.586234450340271
1.506450891494751
1.5513478517532349
1.6318415403366089
1.4522920846939087
1.3781321048736572
1.5552029609680176
1.3062386512756348
1.4479660987854004
1.3604450225830078
1.401738166809082
1.359597086906433
1.2760752439498901
1.2651584148406982
1.347205400466919
1.3280235528945923
1.4062817096710205
1.4212193489074707
1.299996256828308
1.2546123266220093
1.227895975112915
1.1450823545455933
1.2528051137924194
1.1663391590118408
1.1504615545272827
1.1576595306396484
1.139926791191101
1.1607626676559448
1.28311026096344
1.1405971050262451
1.1808221340179443
1.155095100402832
1.1103440523147583
1.1840893030166626
1.0851064920425415
0.9481459856033325
1.0024088621139526
1.109576940536499
1.0161982774734497
1.1667249202728271
0.9677325487136841
0.997096836566925
1.0009806156158447
1.059977650642395
0.9883532524108887
0.8896448612213135
0.7981754541397095
1.02686607837677
0.787505567073822
0.9231594800949097
0.827177107334137
0.9640310406684875
1.0663896799087524
0.9210618138313293
0.8593835234642029
0.8485140800476074
1.0022774934768677
0.8367757797241211
0.9845632910728455
0.9118859767913818
0.8775718212127686
0.8579859733581543
0.8490512371063232
0.8770847320556641
0.7373541593551636
0.8038884997367859
0.7249430418014526
0.957349419593811
0.9856473207473755
0.866369366645813
0.6788219213485718
0.7775920629501343
0.8723642826080322
0.6764684915542603
0.7864838242530823
0.7534610629081726
1.022192120552063
0.8582137227058411
0.6537160277366638
0.7140171527862549
0.5636175870895386
0.8494253754615784
0.9866613745689392
0.7949028611183167
0.834936797618866
0.832381010055542
0.720487654209137
0.750605583190918
0.9222623109817505
0.7148619294166565
0.6978925466537476
0.5975651741027832
0.7181091904640198
0.6664997935295105
0.6344779133796692
0.6715949773788452
0.7236025333404541
0.7602817416191101
0.5444356799125671
0.7915101647377014
0.6526010632514954
0.6544031500816345
0.6261807680130005
0.6048445105552673
0.6219657063484192
0.6566887497901917
0.7130252122879028
0.36913755536079407
0.5805405378341675
0.8880377411842346
0.627865195274353
0.6734427809715271
0.5430031418800354
0.7271994948387146
0.6717222332954407
0.7913655638694763
0.7034834027290344
0.6093843579292297
0.6669405102729797
0.629775881767273
0.7101765275001526
0.5768434405326843
0.6210616827011108
0.5868516564369202
0.4319951832294464
0.585486114025116
0.47314178943634033
0.598035991191864
0.6131753325462341
0.7245648503303528
0.5413536429405212
0.6317881941795349
0.5532711148262024
0.5833136439323425
0.56354820728302
0.5442075133323669
0.6648852825164795
0.5756998062133789
0.5758240818977356
0.506956160068512
0.5843602418899536
0.5782929062843323
0.6367217302322388
0.5306670665740967
0.6151674389839172
0.5147916078567505
0.5240653157234192
0.5178990364074707
0.6859075427055359
0.6059681177139282
0.7138561606407166
0.4741543233394623
0.6816004514694214
0.5653479695320129
0.6237686276435852
0.4849313795566559
0.6322380900382996
0.5057011246681213
0.4323508143424988
0.45857101678848267
0.4672091603279114
0.6660853028297424
0.4755600690841675
0.5649238228797913
0.5267155170440674
0.4155912697315216
0.47541654109954834
0.6677663922309875
0.44319257140159607
0.4453781843185425
0.48211023211479187
0.4563124179840088
0.47548601031303406
0.5853785872459412
0.5102406740188599
0.5404773950576782
0.5426158905029297
0.5331727862358093
0.6363394260406494
0.6254506707191467
0.42739495635032654
0.6391149759292603
0.43965649604797363
0.4242497980594635
0.49272194504737854
0.7825228571891785
0.44285592436790466
0.5540199279785156
0.482015460729599
0.5623303651809692
0.32474446296691895
0.624742865562439
0.49717774987220764
0.5341477990150452
0.4991602897644043
0.5374143719673157
0.35886940360069275
0.5165349245071411
0.4902147650718689
0.44147971272468567
0.27758222818374634
0.5253055095672607
0.5630746483802795
0.368584543466568
0.34775492548942566
0.5068201422691345
0.5035275816917419
0.6708312630653381
0.31043338775634766
0.5079331398010254
0.61503005027771
0.35697492957115173
0.46697932481765747
0.572674572467804
0.7064875364303589
0.5327538847923279
0.4152805507183075
0.4070606529712677
0.7275505065917969
0.3461318612098694
0.4018174409866333
0.5319979786872864
0.2743443548679352
0.44858184456825256
0.34005799889564514
0.5402097702026367
0.46400168538093567
0.6292144060134888
0.4649588465690613
0.4124996066093445
0.5561854839324951
0.6168357133865356
0.41734227538108826
0.5999904870986938
0.3877132534980774
0.3439667820930481
0.4711679518222809
0.5664590001106262
0.7541340589523315
0.5833435654640198
0.6907661557197571
0.36101412773132324
0.34680232405662537
0.46879956126213074
0.7663561105728149
0.5858885645866394
0.38372474908828735
0.6153663992881775
0.34357935190200806
0.4027543365955353
0.553230881690979
0.5571557283401489
0.43545830249786377
0.5505052208900452
0.41379082202911377
0.4722837507724762
0.4795703589916229
0.5757213234901428
0.4383266270160675
0.6607034802436829
0.4471145272254944
0.5011860728263855
0.4351734519004822
0.5902349948883057
0.47036945819854736
0.6304866671562195
0.4126363694667816
0.471378892660141
0.4369703233242035
0.24261844158172607
0.47631338238716125
0.40701279044151306
0.4084944725036621
0.4105629324913025
0.3430272340774536
0.49272820353507996
0.5251802802085876
0.5901849865913391
0.5298932194709778
0.58270663022995
0.49652427434921265
0.5734744668006897
0.3934275507926941
0.5348191857337952
0.34832504391670227
0.43349364399909973
0.5620788335800171
0.4509581923484802
0.5634568333625793
0.5078523755073547
0.23633921146392822
0.41677185893058777
0.37931200861930847
0.704836368560791
0.5572550892829895
0.41698452830314636
0.3684289753437042
0.5590496063232422
0.49381616711616516
0.3786894381046295
0.6167526245117188
0.44360825419425964
0.6368005275726318
0.38942885398864746
0.2748711407184601
0.4760918617248535
0.7191634178161621
0.4388595223426819
0.5477498173713684
0.30481427907943726
0.5688266158103943
0.3797972500324249
0.38727450370788574
0.6029757261276245
0.45003974437713623
0.32725492119789124
0.4422260820865631
0.5572859644889832
0.3478783071041107
0.4529220759868622
0.4550619125366211
0.5506225824356079
0.3388073444366455
0.3529195785522461
0.4044496715068817
0.6598849892616272
0.30542081594467163
0.5066520571708679
0.4590820074081421
0.47825196385383606
0.3459598124027252
0.37485992908477783
0.49611711502075195
0.3357158899307251
0.4231850802898407
0.3936314880847931
0.3040395975112915
0.655331015586853
0.35981759428977966
0.3887062668800354
0.4622161388397217
0.3520629107952118
0.4789639115333557
0.34755173325538635
0.461254358291626
0.5049888491630554
0.3286716938018799
0.22721926867961884
0.31957095861434937
0.2646244168281555
0.6586930155754089
0.3058652877807617
0.4147583842277527
0.34531813859939575
0.5157327055931091
0.2919797897338867
0.38394373655319214
0.5694859027862549
0.540763258934021
0.39289647340774536
0.2286497801542282
0.5103477239608765
0.43838006258010864
0.41461631655693054
0.22163905203342438
0.4716477394104004
0.40207186341285706
0.48057320713996887
0.4430990517139435
0.3027164936065674
0.3789202868938446
0.4800390601158142
0.23020292818546295
0.50150465965271
0.3131294548511505
0.6426990628242493
0.5200176239013672
0.35902804136276245
0.4623122811317444
0.3232744038105011
0.4192231297492981
0.24775688350200653
0.4105318784713745
0.37855657935142517
0.3353220224380493
0.3464466333389282
0.7506570219993591
0.32449591159820557
0.41585400700569153
0.5671592950820923
0.3781266212463379
0.513589084148407
0.25708189606666565
0.5601609945297241
0.28657108545303345
0.25385165214538574
0.34342697262763977
0.3801422119140625
0.37164613604545593
0.423364520072937
0.35229891538619995
0.3830961287021637
0.3003605008125305
0.32328736782073975
0.48409798741340637
0.28641778230667114
0.34922125935554504
0.3171921670436859
0.27318015694618225
0.365950345993042
0.4013698995113373
0.29337963461875916
0.42919421195983887
0.2597028911113739
0.43072983622550964
0.5963227152824402
0.3825015127658844
0.20475605130195618
0.5061277747154236
0.5408859252929688
0.37224119901657104
0.40024885535240173
0.4370991885662079
0.607059895992279
0.39518359303474426
0.38920071721076965
0.25937774777412415
0.3656456470489502
0.33875805139541626
0.39472126960754395
0.32804080843925476
0.6180660128593445
0.27021604776382446
0.44725310802459717
0.4486042261123657
0.5316178202629089
0.5879910588264465
0.3482954800128937
0.5683122277259827
0.32426321506500244
0.4107488691806793
0.49311700463294983
0.2993387281894684
0.6579445004463196
0.230294331908226
0.3652347922325134
0.2624564468860626
0.34488797187805176
0.3394075632095337
0.3657820522785187
0.3796846270561218
0.2738950848579407
0.2905097007751465
0.3939681947231293
0.5681049227714539
0.336526095867157
0.4123879075050354
0.4850035309791565
0.23367957770824432
0.2691269814968109
0.2638489603996277
0.515041172504425
0.29914912581443787
0.5208271741867065
0.3732919692993164
0.5203495621681213
0.5444939732551575
0.48051512241363525
0.47150135040283203
0.6240766644477844
0.5405511856079102
0.4982900321483612
0.28149574995040894
0.4062650501728058
0.2719462215900421
0.1528014987707138
0.3888477385044098
0.40648728609085083
0.31482797861099243
0.4914080798625946
0.2445855736732483
0.3892464339733124
0.4921419620513916
0.32563716173171997
0.3463052809238434
0.3241922855377197
0.4430229961872101
0.4064789116382599
0.29664579033851624
0.20241177082061768
0.28063830733299255
0.2894716262817383
0.34599459171295166
0.4970185160636902
0.31861379742622375
0.39311397075653076
0.71931391954422
0.40519049763679504
0.46930602192878723
0.370485782623291
0.26207175850868225
0.35437434911727905
0.39878565073013306
0.3143702745437622
0.29104530811309814
0.466888427734375
0.5847221612930298
0.3108498752117157
0.3205362558364868
0.4918802082538605
0.46535733342170715
0.33299559354782104
0.33291563391685486
0.511444091796875
0.3262394368648529
0.43954622745513916
0.33751893043518066
0.24646566808223724
0.3587377071380615
0.5442333221435547
0.3585554361343384
0.3168469965457916
0.2359088808298111
0.45707544684410095
0.5279363393783569
0.4849145710468292
0.45324745774269104
0.33138415217399597
0.4161241352558136
0.3511282503604889
0.18827760219573975
0.2944447100162506
0.43423235416412354
0.44784507155418396
0.3483183681964874
0.4063740372657776
0.31062015891075134
0.3200846016407013
0.43079882860183716
0.3216701149940491
0.27442118525505066
0.24588754773139954
0.3722195029258728
0.4700223505496979
0.25333401560783386
0.27111077308654785
0.5686081051826477
0.5356360673904419
0.3584045171737671
0.5779935717582703
0.30328255891799927
0.41422325372695923
0.2977767288684845
0.42877793312072754
0.36844077706336975
0.22288797795772552
0.27382662892341614
0.26742789149284363
0.30475908517837524
0.28222718834877014
0.5726595520973206
0.524539053440094
0.397288978099823
0.24324166774749756
0.4012259840965271
0.24158191680908203
0.3062513470649719
0.32384899258613586
0.2181406319141388
0.16787558794021606
0.28362300992012024
0.29275479912757874
0.29223179817199707
0.2706652879714966
0.33425652980804443
0.5429754853248596
0.2317955195903778
0.5294172763824463
0.34733453392982483
0.5838739275932312
0.37243348360061646
0.3470251262187958
0.24862025678157806
0.4248015880584717
0.3875817060470581
0.3579055666923523
0.6301071047782898
0.2931162714958191
0.4038454294204712
0.2835894525051117
0.8078897595405579
0.3767370283603668
0.3451252281665802
0.2971009314060211
0.3226833641529083
0.479604035615921
0.1900203377008438
0.3422924876213074
0.3387652337551117
0.41492438316345215
0.46120670437812805
0.3405745327472687
0.39280834794044495
0.26337113976478577
0.33795419335365295
0.5196619629859924
0.4266667366027832
0.44068655371665955
0.353513240814209
0.42398950457572937
0.4198768734931946
0.3069189786911011
0.29751116037368774
0.37850168347358704
0.2800956070423126
0.484758585691452
0.2779862582683563
0.42299026250839233
0.2573024034500122
0.4793420135974884
0.34520459175109863
0.3552550673484802
0.3323083221912384
0.2745974361896515
0.45367467403411865
0.19530276954174042
0.4877864420413971
0.20823250710964203
0.2797105610370636
0.33400943875312805
0.44912582635879517
0.3056168556213379
0.16689631342887878
0.3869457542896271
0.3454594016075134
0.46658939123153687
0.23715871572494507
0.4579695165157318
0.2223258912563324
0.650009274482727
0.2988077700138092
0.35966119170188904
0.30798056721687317
0.24309459328651428
0.2861024737358093
0.44890353083610535
0.3397868275642395
0.4071074426174164
0.3369705080986023
0.44412291049957275
0.271102637052536
0.37833771109580994
0.17907898128032684
0.3292088806629181
0.22253340482711792
0.3134720027446747
0.25076425075531006
0.2950778603553772
0.33109050989151
0.2558650076389313
0.4243900179862976
0.3072931468486786
0.27233731746673584
0.23004411160945892
0.32161208987236023
0.21846459805965424
0.22374968230724335
0.312632292509079
0.3019811511039734
0.3714211881160736
0.1846051663160324
0.2515634298324585
0.4535001516342163
0.4603906273841858
0.2025914341211319
0.4840053915977478
0.18525981903076172
0.459543913602829
0.2977708578109741
0.4694940745830536
0.5924845933914185
0.3354804813861847
0.2576727271080017
0.5171378254890442
0.4516989588737488
0.30380845069885254
0.28131890296936035
0.43913254141807556
0.2973776161670685
0.37760594487190247
0.45773303508758545
0.441760390996933
0.4916416108608246
0.3589250147342682
0.16119755804538727
0.2757006585597992
0.45948708057403564
0.41197019815444946
0.20491757988929749
0.27281704545021057
0.3564678728580475
0.2847793698310852
0.21977949142456055
0.39930206537246704
0.4792364835739136
0.49135687947273254
0.39707210659980774
0.18061287701129913
0.3331637382507324
0.23903346061706543
0.3326067328453064
0.36872100830078125
0.2633160650730133
0.3248700797557831
0.2752417325973511
0.3555211126804352
0.2848878800868988
0.23177160322666168
0.3124535083770752
0.313076913356781
0.25512468814849854
0.2805025279521942
0.4046187400817871
0.05280864238739014
0.290741503238678
0.34087514877319336
0.2426656186580658
0.3021462559700012
0.31151360273361206
0.4306407570838928
0.4809364676475525
0.2633683383464813
0.46935194730758667
0.3663611114025116
0.30508750677108765
0.3226795494556427
0.2997947335243225
0.20387330651283264
0.33309856057167053
0.366581529378891
0.23298223316669464
0.4209870994091034
0.2783527076244354
0.29214322566986084
0.30644845962524414
0.3965221643447876
0.7110843658447266
0.19677090644836426
0.32537075877189636
0.3513191342353821
0.5312153100967407
0.39810866117477417
0.31656157970428467
0.4118685722351074
0.19344037771224976
0.36246344447135925
0.3042510747909546
0.25876736640930176
0.3616674840450287
0.28513282537460327
0.20811672508716583
0.3481789827346802
0.3279922604560852
0.2779073119163513
0.2708117365837097
0.36718302965164185
0.34863337874412537
0.49364861845970154
0.23888693749904633
0.22737838327884674
0.4360366463661194
0.3325285315513611
0.46919605135917664
0.269015908241272
0.2530366778373718
0.3261164128780365
0.28313183784484863
0.5232049226760864
0.4427835941314697
0.37922555208206177
0.2817075550556183
0.2594259977340698
0.33383601903915405
0.42105424404144287
0.24700938165187836
0.4068910777568817
0.19807161390781403
0.5027534365653992
0.16142065823078156
0.2273148149251938
0.4353947341442108
0.23983442783355713
0.3006901443004608
0.20378614962100983
0.26154354214668274
0.4733613133430481
0.3069040775299072
0.4115404486656189
0.18109996616840363
0.253789484500885
0.30240902304649353
0.2026345431804657
0.2542416453361511
0.3333759903907776
0.16577328741550446
0.4191243350505829
0.4438910186290741
0.38764235377311707
0.5442724823951721
0.48386847972869873
0.3537674844264984
0.2595413625240326
0.277448445558548
0.3465602397918701
0.40202194452285767
0.34773507714271545
0.35849055647850037
0.14940480887889862
0.3220863938331604
0.2569514513015747
0.24334819614887238
0.3259807527065277
0.34831616282463074
0.36429712176322937
0.15286359190940857
0.5853835940361023
0.19041451811790466
0.2511601448059082
0.6102533340454102
0.2834874093532562
0.2882367968559265
0.42782044410705566
0.24738191068172455
0.22131314873695374
0.35681673884391785
0.3534335792064667
0.27822089195251465
0.23290416598320007
0.3817861080169678
0.2835688591003418
0.45627325773239136
0.6262011528015137
0.32466381788253784
0.30643534660339355
0.2566137909889221
0.304678350687027
0.2656392753124237
0.21441665291786194
0.18412010371685028
0.190846785902977
0.3370603024959564
0.2113446146249771
0.3011682629585266
0.3236134350299835
0.17499494552612305
0.139397993683815
0.328360915184021
0.2470581829547882
0.15845297276973724
0.17997728288173676
0.06581716239452362
