0.0557410754263401
0.13569459319114685
0.1956506371498108
0.07299703359603882
0.03315117210149765
0.14921019971370697
0.15356050431728363
0.20788946747779846
0.14732646942138672
0.23557767271995544
0.08565233647823334
0.0702744871377945
0.02858983911573887
0.05809270590543747
0.11204470694065094
0.05551944673061371
0.07117237895727158
0.12101845443248749
0.08577975630760193
0.04622746631503105
0.14472095668315887
0.060128387063741684
0.1628410369157791
0.12734335660934448
0.056724898517131805
0.06068899855017662
0.21393448114395142
0.10517618805170059
0.08559556305408478
0.13366961479187012
0.11964244395494461
0.010590040124952793
0.06033928692340851
0.02239597961306572
0.0685187503695488
0.15720808506011963
0.09933727234601974
0.06711868941783905
0.14226257801055908
0.10816946625709534
0.17484773695468903
0.13566870987415314
0.041720930486917496
0.03891759738326073
0.10432348400354385
0.11854332685470581
0.051892008632421494
0.058622509241104126
0.09102626144886017
0.09269988536834717
0.037844184786081314
0.11794373393058777
0.18808187544345856
0.04790040850639343
0.0363374799489975
0.06318805366754532
0.09427911043167114
0.04383932426571846
0.1208600252866745
0.026720263063907623
0.056047387421131134
0.26975780725479126
0.11434686183929443
0.06943558156490326
0.10633084923028946
0.11630649864673615
0.2071322798728943
0.05786171555519104
0.08568821102380753
0.06285540759563446
0.1590389460325241
0.09660869091749191
0.12210793793201447
0.1747201681137085
0.03885529562830925
0.07286842912435532
0.15461286902427673
0.1519670933485031
0.04886574298143387
0.09303078055381775
0.11158201843500137
0.11222025752067566
0.026644624769687653
0.2007891982793808
0.09762796759605408
0.010450800880789757
0.08603176474571228
0.08150578290224075
0.051481734961271286
0.1749120056629181
0.13759374618530273
0.11225628852844238
0.11490832269191742
0.0465979129076004
0.171702042222023
0.135245218873024
0.018012529239058495
0.04070204496383667
0.04435524344444275
0.05377284437417984
0.04202881455421448
0.09052544087171555
0.020282942801713943
0.11748672276735306
0.11741629987955093
0.10063714534044266
0.09740333259105682
0.04259667918086052
0.092954620718956
0.0839952602982521
0.12071122229099274
0.07479622960090637
0.08570224791765213
0.053755853325128555
0.05741899460554123
0.1645844727754593
0.21500164270401
0.06919215619564056
0.09078504890203476
0.08530645072460175
0.07595113664865494
0.046774722635746
0.1527279168367386
0.046213530004024506
0.025517012923955917
0.08455628901720047
0.08314615488052368
0.017451200634241104
0.0853380411863327
0.026616912335157394
0.11250822991132736
0.11098279803991318
0.06797309964895248
0.2104618400335312
0.04032820090651512
0.05330516770482063
0.20908573269844055
0.01812288723886013
0.11725658923387527
0.08677709847688675
0.02476515620946884
0.16699185967445374
0.034154996275901794
0.11400642991065979
0.03024524450302124
0.012492846697568893
0.10013319551944733
0.05378461256623268
0.08705275505781174
0.022731145843863487
0.19257405400276184
0.14560192823410034
0.053794216364622116
0.08791029453277588
0.07476868480443954
0.19278867542743683
0.16551756858825684
0.13153205811977386
0.08039949834346771
0.2572576701641083
0.14554181694984436
0.07010159641504288
0.017868757247924805
0.03902076557278633
0.1273915022611618
0.04970165342092514
0.10358162224292755
0.08942796289920807
0.051889631897211075
0.18646186590194702
0.05407415330410004
0.04754013940691948
0.01612568087875843
0.10754361748695374
0.124287910759449
0.011936906725168228
0.06490587443113327
0.1152239441871643
0.128761425614357
0.01963505707681179
0.0993172749876976
0.16996890306472778
0.105145663022995
0.10470804572105408
0.07426600903272629
0.06302465498447418
0.15382710099220276
0.2001344859600067
0.05604994297027588
0.05883665755391121
0.05230053886771202
0.013699546456336975
0.19993849098682404
0.05222659930586815
0.054569557309150696
0.0959969162940979
0.17276471853256226
0.035831354558467865
0.09116360545158386
0.0412849560379982
0.08877493441104889
0.0748923271894455
0.07656139135360718
0.2251787632703781
0.08366310596466064
0.011207443661987782
0.07031219452619553
0.03931505233049393
0.13463500142097473
0.02893701381981373
0.07873363047838211
0.03310060501098633
0.056064728647470474
0.0694684088230133
0.06484426558017731
0.11442084610462189
0.033956971019506454
0.10542149841785431
0.0714111328125
0.08123431354761124
0.10846468061208725
0.13454219698905945
0.057045094668865204
0.05701955780386925
0.10442439466714859
0.0510406568646431
0.04821326211094856
0.134123757481575
0.11621113121509552
0.05122799053788185
0.07668281346559525
0.05759245157241821
0.10784155130386353
0.035483453422784805
0.05807913839817047
0.0790361762046814
0.0295368954539299
0.07270702719688416
0.11209478974342346
0.08222001045942307
0.14790663123130798
0.06175341457128525
0.14828068017959595
0.10444987565279007
0.03173210099339485
0.024638725444674492
0.12193700671195984
0.08147017657756805
0.11082962155342102
0.0852057933807373
0.10802896320819855
0.07439260184764862
0.19653163850307465
0.08021867275238037
0.15473996102809906
0.20805028080940247
0.17814478278160095
0.03608405217528343
0.0818665623664856
0.12702447175979614
0.15601995587348938
0.10628968477249146
0.04389052465558052
0.06764671951532364
0.0884830430150032
0.044948380440473557
0.07194715738296509
0.21777844429016113
0.05710888281464577
0.02480597235262394
0.17949551343917847
0.053590595722198486
0.20025590062141418
0.07242134213447571
0.15720613300800323
0.10608990490436554
0.09761665761470795
0.21546776592731476
0.16336555778980255
0.07345399260520935
0.06066843494772911
0.20180639624595642
0.068467877805233
0.09166443347930908
0.23646076023578644
0.14955617487430573
0.019450785592198372
0.11387334018945694
0.01393584068864584
0.21718207001686096
0.04514409601688385
0.041602399200201035
0.07055503875017166
0.17132213711738586
0.11479450017213821
0.14670494198799133
0.055107977241277695
0.06459607928991318
0.034836526960134506
0.07959163188934326
0.23319460451602936
0.11946707218885422
0.06692904233932495
0.2694856822490692
0.05190548673272133
0.07238814979791641
0.26746460795402527
0.1172095537185669
0.08392349630594254
0.12176823616027832
0.06850621849298477
0.2062937170267105
0.20581786334514618
0.08569436520338058
0.043746717274188995
0.04920602962374687
0.07833091169595718
0.057694077491760254
0.04905088245868683
0.07589693367481232
0.1274220198392868
0.07665620744228363
0.02589452639222145
0.06924191862344742
0.06542490422725677
0.09651098400354385
0.038691967725753784
0.14804111421108246
0.15631449222564697
0.19458067417144775
0.03609716147184372
0.10434029996395111
0.0586160384118557
0.13348877429962158
0.13608191907405853
0.18635092675685883
0.04109282046556473
0.08156603574752808
0.024784596636891365
0.11281237006187439
0.10330436378717422
0.1129293367266655
0.032607775181531906
0.1891254484653473
0.053760167211294174
0.2134396880865097
0.023990992456674576
0.0564916767179966
0.10279585421085358
0.1122923269867897
0.06566642969846725
0.1017797589302063
0.043910857290029526
0.17085036635398865
0.12447329610586166
0.09482099115848541
0.18965788185596466
0.025017723441123962
0.07570215314626694
0.07380998879671097
0.21851390600204468
0.049579981714487076
0.05626099929213524
0.09177591651678085
0.1648961901664734
0.15082693099975586
0.09883376210927963
0.05806567147374153
0.08541109412908554
0.08981519937515259
0.07161973416805267
0.05775239318609238
0.1421172320842743
0.17739807069301605
0.13029132783412933
0.09612023830413818
0.014762543141841888
0.09440001845359802
0.09555711597204208
0.021077513694763184
0.09247835725545883
0.0531044527888298
0.0533047653734684
0.08832691609859467
0.10756222158670425
0.10658664256334305
0.11790584772825241
0.13683286309242249
0.2138730138540268
0.07831232249736786
0.0226875152438879
0.02634425461292267
0.04846558719873428
0.02781093120574951
0.0599839873611927
0.080849289894104
0.20700715482234955
0.029880430549383163
0.16279950737953186
0.028862275183200836
0.1104251891374588
0.041448142379522324
0.02491597831249237
0.22493095695972443
0.06974764913320541
0.09141045808792114
0.045274682343006134
0.06707077473402023
0.06230207160115242
0.03938720375299454
0.1015031486749649
0.06665567308664322
0.08530191332101822
0.2946915626525879
0.04016929119825363
0.1014024168252945
0.1578412503004074
0.01635039411485195
0.06695506721735
0.10808458179235458
0.12036822736263275
0.03831794857978821
0.13113924860954285
0.2036513239145279
0.09547241777181625
0.10874634981155396
0.07377369701862335
0.06217265501618385
0.09238842874765396
0.07600554823875427
0.20386967062950134
0.0721447765827179
0.08612710982561111
0.010148311033844948
0.04460245370864868
0.020587436854839325
0.09241624176502228
0.0636802464723587
0.07443619519472122
0.026747774332761765
0.09926722943782806
0.08065974712371826
0.23147067427635193
0.05921177566051483
0.09035398066043854
0.040081750601530075
0.1567447930574417
0.10664662718772888
0.014621366746723652
0.1394025832414627
0.0757070779800415
0.06518121808767319
0.09511030465364456
0.04151778668165207
0.08638688176870346
0.144770547747612
0.09752267599105835
0.030181115493178368
0.08091514557600021
0.03718241676688194
0.10082195699214935
0.0732041597366333
0.08776898682117462
0.0730627253651619
0.08713385462760925
0.06910673528909683
0.0431954525411129
0.08011724799871445
0.05824833735823631
0.11416896432638168
0.04922625795006752
0.06589915603399277
0.06011500582098961
0.01806752197444439
0.08129119873046875
0.07507940381765366
0.07935202866792679
0.0941743552684784
0.06533238291740417
0.06329143047332764
0.16067713499069214
0.0446377657353878
0.037149578332901
0.10673364251852036
0.08124452829360962
0.08828476816415787
0.04402897134423256
0.034700289368629456
0.0898042693734169
0.04530429467558861
0.017827115952968597
0.028422456234693527
0.034353818744421005
0.03995993733406067
0.0641249567270279
0.04856172949075699
0.06535080820322037
0.05005362257361412
0.2109961360692978
0.14884589612483978
0.10463380813598633
0.11144211888313293
0.039541687816381454
0.172014519572258
0.026558903977274895
0.13366056978702545
0.03705175966024399
0.015792546793818474
0.18478091061115265
0.11458706855773926
0.04849153012037277
0.20958943665027618
0.020744698122143745
0.10921355336904526
0.01905493065714836
0.08593872934579849
0.031726956367492676
0.009924556128680706
0.09089382737874985
0.024346565827727318
0.05009611323475838
0.04040398448705673
0.10762850195169449
0.043439317494630814
0.11958543211221695
0.10320207476615906
0.007730280049145222
0.13707083463668823
0.07538418471813202
0.11222850531339645
0.06501331180334091
0.16894030570983887
0.17700409889221191
0.06559604406356812
0.25648966431617737
0.11285537481307983
0.06601736694574356
0.06659006327390671
0.07980235666036606
0.26164713501930237
0.07105731964111328
0.10319007188081741
0.14551027119159698
0.031375702470541
0.0357712060213089
0.14247502386569977
0.03633411228656769
0.032701097428798676
0.16711248457431793
0.045820415019989014
0.10968685150146484
0.02252081409096718
0.033552926033735275
0.19444894790649414
0.13150815665721893
0.08554518967866898
0.1357552409172058
0.11254600435495377
0.06702962517738342
0.06906300783157349
0.23513676226139069
0.13893838226795197
0.08239098638296127
0.03898216038942337
0.06379987299442291
0.143110454082489
0.2517402172088623
0.03938092663884163
0.2220035195350647
0.10971308499574661
0.060404472053050995
0.2870945632457733
0.05565379187464714
0.0568176694214344
0.14924749732017517
0.03204450011253357
0.10122895985841751
0.16699393093585968
0.041707154363393784
0.055096082389354706
0.07829844206571579
0.05123208835721016
0.023962872102856636
0.10970178991556168
0.09778910875320435
0.041479792445898056
0.07377392053604126
0.13792486488819122
0.10928689688444138
0.0673656091094017
0.08890123665332794
0.02655090019106865
0.17045855522155762
0.18344315886497498
0.06443075835704803
0.09882774204015732
0.08489486575126648
0.1528749018907547
0.04907045513391495
0.04067417234182358
0.06426999717950821
0.1455255150794983
0.15264096856117249
0.15999607741832733
0.10204552859067917
0.10616722702980042
0.1097182109951973
0.12892401218414307
0.09667756408452988
0.08934040367603302
0.09805437177419662
0.0814037024974823
0.2300674021244049
0.08052279055118561
0.06625870615243912
0.12992028892040253
0.1880723237991333
0.13261456787586212
0.032877761870622635
0.041280459612607956
0.12858229875564575
0.03240417689085007
0.0981379970908165
0.1722940057516098
0.11959651857614517
0.1458711475133896
0.33422067761421204
0.03753119707107544
0.1442287564277649
0.060177192091941833
0.08433359861373901
0.106910839676857
0.06577345728874207
0.16901366412639618
0.05786469578742981
0.04733603447675705
0.26583078503608704
0.09445199370384216
0.08293762803077698
0.050364382565021515
0.10583162307739258
0.08322194218635559
0.10023508965969086
0.029678288847208023
0.08797992765903473
0.1262645274400711
0.0994735136628151
0.060112737119197845
0.19388805329799652
0.06839079409837723
0.08537023514509201
0.17577114701271057
0.06753681600093842
0.13277019560337067
0.19010137021541595
0.1337067037820816
0.029818041250109673
0.07670974731445313
0.04977541044354439
0.0556747242808342
0.12712624669075012
0.09572826325893402
0.11741340905427933
0.12620964646339417
0.047514308243989944
0.091957226395607
0.22613127529621124
0.09851052612066269
0.19904308021068573
0.08352036029100418
0.09649691730737686
0.11877807229757309
0.11850645393133163
0.33338820934295654
0.12748736143112183
0.06394016742706299
0.035899240523576736
0.14099082350730896
0.1308537721633911
0.0779997780919075
0.058115314692258835
0.054871395230293274
0.13054287433624268
0.12155874073505402
0.08122020959854126
0.136163130402565
0.11125899851322174
0.019352413713932037
0.057015977799892426
0.06309664249420166
0.07002586871385574
0.21807610988616943
0.09365526586771011
0.04134775698184967
0.06603506207466125
0.10117579251527786
0.0888291448354721
0.06902829557657242
0.08852742612361908
0.07010499387979507
0.05267832428216934
0.04829585924744606
0.03810156136751175
0.09186261892318726
0.08548809587955475
0.21802584826946259
0.19332844018936157
0.030456125736236572
0.07939787954092026
0.06793595105409622
0.04572664201259613
0.21524542570114136
0.060278285294771194
0.07152584940195084
0.051594797521829605
0.139253169298172
0.01450315397232771
0.13233311474323273
0.07776817679405212
0.10443224012851715
0.09159600734710693
0.11621659994125366
0.14783450961112976
0.09370945394039154
0.13157956302165985
0.06978704780340195
0.16435453295707703
0.31835365295410156
0.1814844310283661
0.08375830203294754
0.10343434661626816
0.09327565878629684
0.10809598118066788
0.07062605768442154
0.14133843779563904
0.061851147562265396
0.06341901421546936
0.05733198672533035
0.044453214854002
0.052495744079351425
0.08980635553598404
0.029366469010710716
0.14928968250751495
0.1475752592086792
0.0490105003118515
0.12611712515354156
0.07459717243909836
0.22574885189533234
0.034301210194826126
0.03166233003139496
0.17057591676712036
0.13623999059200287
0.1778092235326767
0.1643173098564148
0.11756646633148193
0.031727612018585205
0.09699070453643799
0.06629084795713425
0.043046824634075165
0.12965507805347443
0.1697959303855896
0.05386698246002197
0.20995797216892242
0.06124652177095413
0.09006474167108536
0.07864957302808762
0.10027916729450226
0.14157524704933167
0.08398804813623428
0.10506251454353333
0.022557981312274933
0.08492925018072128
0.09496383368968964
0.05553344264626503
0.154759481549263
0.0764741376042366
0.08013356477022171
0.05821758881211281
0.05152430385351181
0.08145902305841446
0.14463970065116882
0.09527644515037537
0.09058187901973724
0.024096237495541573
0.24815912544727325
0.0854661613702774
0.07509802281856537
0.08904934674501419
0.10002614557743073
0.050691068172454834
0.06926035135984421
0.04642669856548309
0.12103234976530075
0.08194949477910995
0.1688319593667984
0.07383647561073303
0.05887583643198013
0.04371705651283264
0.1003546193242073
0.15143582224845886
0.030172159895300865
0.10796767473220825
0.14749470353126526
0.045841284096241
0.04923686012625694
0.0810195729136467
0.11109562963247299
0.1580900251865387
0.10720960050821304
0.01100887916982174
0.18592749536037445
0.03283587843179703
0.0572647862136364
0.06308215856552124
0.04356081411242485
0.040219418704509735
0.02052375301718712
0.22434130311012268
0.05834575369954109
0.1459137350320816
0.1521034836769104
0.17641805112361908
0.11172740906476974
0.12866823375225067
0.25915056467056274
0.08493764698505402
0.09312838315963745
0.09540298581123352
0.10166621208190918
0.093111053109169
0.09042460471391678
0.0071564470417797565
0.01886034570634365
0.1371365338563919
0.22952769696712494
0.04582827538251877
0.05278550460934639
0.0833897739648819
0.10297878831624985
0.04212120920419693
0.18278737366199493
0.03656408190727234
0.04611645266413689
0.05264103412628174
0.08474760502576828
0.051878947764635086
0.16192999482154846
0.037852440029382706
0.04901938512921333
0.05669095739722252
0.0518290176987648
0.06325820088386536
0.08356639742851257
0.14285266399383545
0.1759576052427292
0.012788606807589531
0.1137915775179863
0.10660628229379654
0.18430198729038239
0.06595978885889053
0.16782961785793304
0.05884992703795433
0.10668662935495377
0.16760946810245514
0.07210557907819748
0.06718099862337112
0.03966359421610832
0.0834297314286232
0.09557116776704788
0.039057403802871704
0.04259972646832466
0.05868831276893616
0.09840329736471176
0.06564632058143616
0.10053671896457672
0.05701358616352081
0.0369379036128521
0.18825070559978485
0.03611075505614281
0.055268626660108566
0.0630546510219574
0.13724933564662933
0.23177188634872437
0.0885734036564827
0.10269255936145782
0.03579741716384888
0.03926951810717583
0.02045677974820137
0.04205410182476044
0.06458761543035507
0.05830740928649902
0.07200086116790771
0.04711601138114929
0.1313217431306839
0.14204643666744232
0.03362627699971199
0.08358792960643768
0.03329286351799965
0.12966902554035187
0.06807887554168701
0.13960303366184235
0.07382328808307648
0.1831260770559311
0.05003329738974571
0.04661000892519951
0.14688640832901
0.09343719482421875
0.11569388955831528
0.09893707931041718
0.027153272181749344
0.06171225383877754
0.08807353675365448
0.15691402554512024
0.0486181378364563
0.2052748203277588
0.09360940754413605
0.08292663842439651
0.06302636116743088
0.06722576171159744
0.05434071272611618
0.012924476526677608
0.10219699144363403
0.010953045450150967
0.05274698883295059
0.1638028770685196
0.09142467379570007
0.044737499207258224
0.14486069977283478
0.11209654062986374
0.07096956670284271
0.0712912306189537
0.22854000329971313
0.06125813350081444
0.16882571578025818
0.11315032839775085
0.02647002972662449
0.0507284477353096
0.10518161207437515
0.255825936794281
0.015599682927131653
