0.08966709673404694
0.10427400469779968
0.09705867618322372
0.02430390752851963
0.15215705335140228
0.0922093316912651
0.18372221291065216
0.1188623234629631
0.06817404925823212
0.14181074500083923
0.07987469434738159
0.04670717194676399
0.100149966776371
0.13960042595863342
0.10199323296546936
0.11196079105138779
0.029141876846551895
0.04987413063645363
0.08782612532377243
0.03589044138789177
0.018528953194618225
0.162964329123497
0.14767149090766907
0.08587522059679031
0.09525445848703384
0.018869437277317047
0.0656110942363739
0.2600465416908264
0.08444063365459442
0.1466415375471115
0.034415245056152344
0.12463189661502838
0.07597171515226364
0.05857212841510773
0.044249147176742554
0.08698081970214844
0.06745106726884842
0.10279887169599533
0.038514915853738785
0.07566503435373306
0.13040493428707123
0.03765489533543587
0.03958585485816002
0.09427891671657562
0.06683681160211563
0.2144135683774948
0.048016875982284546
0.0493524931371212
0.13528412580490112
0.12135282903909683
0.09006622433662415
0.04050806537270546
0.08531089127063751
0.020425131544470787
0.09123484790325165
0.17206375300884247
0.09153763204813004
0.09506674855947495
0.036210913211107254
0.13603954017162323
0.13646171987056732
0.04747527837753296
0.11586534231901169
0.014849263243377209
0.050762839615345
0.02178301103413105
0.06159708648920059
0.1723138839006424
0.10028151422739029
0.04059119150042534
0.09651502221822739
0.03618631884455681
0.06668735295534134
0.102252297103405
0.021327901631593704
0.02393019013106823
0.12530390918254852
0.22103893756866455
0.10120503604412079
0.0410115122795105
0.015008067712187767
0.11656998842954636
0.14192086458206177
0.27619460225105286
0.07058610767126083
0.03713276609778404
0.1041695773601532
0.06273715943098068
0.13650305569171906
0.0230230875313282
0.05635760724544525
0.04584532976150513
0.14621581137180328
0.04567667841911316
0.0702722892165184
0.1649019420146942
0.029230577871203423
0.10281048715114594
0.04357417672872543
0.060507532209157944
0.08548147231340408
0.02159205451607704
0.052736878395080566
0.22004219889640808
0.11003413051366806
0.06518277525901794
0.04332900792360306
0.08501271903514862
0.1268732100725174
0.10479843616485596
0.011692249216139317
0.05942266061902046
0.13458234071731567
0.0491144098341465
0.0693042203783989
0.1021551564335823
0.0517837256193161
0.06460873037576675
0.08672970533370972
0.055183012038469315
0.24644817411899567
0.09335586428642273
0.23669558763504028
0.04625461623072624
0.20264248549938202
0.046818606555461884
0.1598263531923294
0.04463106766343117
0.0358087420463562
0.12907810509204865
0.04893537983298302
0.07855336368083954
0.10722575336694717
0.10002606362104416
0.021699510514736176
0.1336277723312378
0.1221422404050827
0.13156528770923615
0.025811946019530296
0.14750699698925018
0.06622938811779022
0.16444452106952667
0.09206417202949524
0.07736992835998535
0.045537013560533524
0.06931846588850021
0.23212413489818573
0.03443095088005066
0.03791716322302818
0.02471519634127617
0.07097572833299637
0.016710355877876282
0.11413542926311493
0.0769604817032814
0.1169658824801445
0.047252409160137177
0.12942266464233398
0.05773196369409561
0.08952976018190384
0.068010613322258
0.09001773595809937
0.04370243847370148
0.04183392971754074
0.0335976742208004
0.03552604839205742
0.14941655099391937
0.03627784922719002
0.1302608847618103
0.04485071823000908
0.035775672644376755
0.09854954481124878
0.01028374396264553
0.025197608396410942
0.07619842886924744
0.1073448657989502
0.08351032435894012
0.0649251788854599
0.14247584342956543
0.10796264559030533
0.06140517815947533
0.10606087744235992
0.09953884780406952
0.111554816365242
0.01938687264919281
0.059451501816511154
0.12723243236541748
0.20743057131767273
0.09321928024291992
0.15803663432598114
0.012478312477469444
0.10673432797193527
0.1287427544593811
0.08384421467781067
0.14349333941936493
0.11173969507217407
0.12587179243564606
0.007353781256824732
0.08515278249979019
0.05016631633043289
0.1483539640903473
0.025432126596570015
0.018568934872746468
0.03495196998119354
0.060257166624069214
0.16326265037059784
0.2328832447528839
0.021129537373781204
0.180744469165802
0.13855208456516266
0.0813668742775917
0.07454551756381989
0.055335573852062225
0.39272451400756836
0.1419832557439804
0.064851313829422
0.07842927426099777
0.03812703862786293
0.07103165984153748
0.06158653646707535
0.13299080729484558
0.05743420869112015
0.02500355802476406
0.223635733127594
0.08732853084802628
0.043261319398880005
0.21388091146945953
0.027931885793805122
0.011709379963576794
0.02560630813241005
0.10641028732061386
0.266713410615921
0.059131916612386703
0.07753860950469971
0.2253243327140808
0.04947153478860855
0.09017642587423325
0.04992155730724335
0.04469256475567818
0.0771636813879013
0.06982004642486572
0.29095906019210815
0.15054821968078613
0.04948723688721657
0.03162092715501785
0.2231156975030899
0.02910877764225006
0.04934341460466385
0.1892148107290268
0.12312684953212738
0.09216518700122833
0.21851176023483276
0.10871679335832596
0.11447393149137497
0.07605083286762238
0.14833608269691467
0.07170366495847702
0.16866032779216766
0.05903670936822891
0.0988079085946083
0.045295290648937225
0.06612031906843185
0.08294453471899033
0.107127346098423
0.10090126842260361
0.10647056251764297
0.10105154663324356
0.2598879635334015
0.031226571649312973
0.09122299402952194
0.17354032397270203
0.11405715346336365
0.0341608040034771
0.056240424513816833
0.0818532258272171
0.07308118045330048
0.05326071381568909
0.030760381370782852
0.04938409477472305
0.023750511929392815
0.0429510660469532
0.1614450365304947
0.07228794693946838
0.09256994724273682
0.028374018147587776
0.05322800204157829
0.06159544363617897
0.054240114986896515
0.05318450927734375
0.15591561794281006
0.06699532270431519
0.2525496482849121
0.12445883452892303
0.018556712195277214
0.05252097547054291
0.08830288052558899
0.05747125297784805
0.05174717679619789
0.0514601431787014
0.11432535201311111
0.1427427977323532
0.057570651173591614
0.27293992042541504
0.05390472337603569
0.07957755774259567
0.0767713412642479
0.06823838502168655
0.034237876534461975
0.090361088514328
0.06560096144676208
0.10613519698381424
0.07074689120054245
0.12499943375587463
0.13183172047138214
0.050914499908685684
0.014629910700023174
0.09867581725120544
0.043326485902071
0.10360325127840042
0.07046928256750107
0.0951712355017662
0.05826691538095474
0.12745487689971924
0.026716958731412888
0.043662313371896744
0.11519412696361542
0.1662921905517578
0.0566985197365284
0.05868824943900108
0.05711444839835167
0.07748816907405853
0.06231541931629181
0.10022562742233276
0.11574625968933105
0.08179725706577301
0.2135964035987854
0.10701915621757507
0.05042356997728348
0.043917857110500336
0.024851227179169655
0.0700836181640625
0.0808706060051918
0.14135736227035522
0.04479940980672836
0.05036155879497528
0.019020605832338333
0.010578930377960205
0.0513489805161953
0.04323962703347206
0.1387878954410553
0.1327914148569107
0.19317469000816345
0.08149729669094086
0.08220543712377548
0.008069788105785847
0.06489451229572296
0.05861509591341019
0.1614404171705246
0.29452741146087646
0.0781385526061058
0.08578905463218689
0.06894762814044952
0.016737068071961403
0.02854275144636631
0.011661057360470295
0.007578644901514053
0.06943997740745544
0.14477704465389252
0.10571646690368652
0.1181877925992012
0.13313978910446167
0.08913052082061768
0.060372330248355865
0.09455007314682007
0.05578088015317917
0.07016424089670181
0.0700506865978241
0.02963918074965477
0.09336645156145096
0.04966050013899803
0.13656090199947357
0.26503705978393555
0.07238670438528061
0.05551494285464287
0.10541485995054245
0.015081272460520267
0.06801480054855347
0.03444289043545723
0.06983456015586853
0.04558078199625015
0.021220076829195023
0.0985308289527893
0.020606879144906998
0.23883160948753357
0.07577654719352722
0.0635419711470604
0.1309732347726822
0.03333255648612976
0.09895260632038116
0.0711384266614914
0.04009278491139412
0.0824674591422081
0.09145962446928024
0.06685637682676315
0.029611878097057343
0.06501292437314987
0.010769052430987358
0.08285805583000183
0.07883760333061218
0.018494075164198875
0.05822251737117767
0.1083289235830307
0.048229657113552094
0.03253815695643425
0.053013380616903305
0.14387178421020508
0.07665175199508667
0.10253817588090897
0.08887964487075806
0.029696667566895485
0.10893093049526215
0.08291279524564743
0.04125361889600754
0.06217336654663086
0.03673670440912247
0.05557561665773392
0.18734677135944366
0.15834608674049377
0.03658679500222206
0.061137378215789795
0.0520084984600544
0.02635178156197071
0.06355688720941544
0.032188624143600464
0.04085436463356018
0.1986107975244522
0.028198087587952614
0.026313086971640587
0.14993566274642944
0.0831339955329895
0.1770697683095932
0.042341865599155426
0.03601827472448349
0.18475274741649628
0.1334836184978485
0.062911257147789
0.048791851848363876
0.19176235795021057
0.039715010672807693
0.12551753222942352
0.0859154686331749
0.07126173377037048
0.22074736654758453
0.07237201184034348
0.01889568567276001
0.13674700260162354
0.028790650889277458
0.02137371525168419
0.1500682234764099
0.025532560423016548
0.054025739431381226
0.13108403980731964
0.04473009333014488
0.06998072564601898
0.05207007750868797
0.11749117821455002
0.06432610005140305
0.11580798774957657
0.023601867258548737
0.12204653769731522
0.05887874960899353
0.13313354551792145
0.073087178170681
0.12852981686592102
0.06826215982437134
0.09875182062387466
0.06178392097353935
0.07166723161935806
0.23271149396896362
0.06345323473215103
0.08184842765331268
0.03590480610728264
0.03011414036154747
0.02391376718878746
0.12631796300411224
0.05563671886920929
0.1273251324892044
0.09380529075860977
0.08329078555107117
0.03268374130129814
0.031161610037088394
0.03699994832277298
0.10844756662845612
0.08226709067821503
0.16705703735351563
0.024496886879205704
0.02480454184114933
0.07895142585039139
0.024533787742257118
0.05741746723651886
0.09499189257621765
0.09078457206487656
0.05272426828742027
0.4653279781341553
0.09989818930625916
0.17956973612308502
0.05602650344371796
0.06635813415050507
0.07005416601896286
0.07975433021783829
0.14848048985004425
0.05365816131234169
0.17662037909030914
0.15380020439624786
0.11057565361261368
0.05936296284198761
0.11514212936162949
0.060550834983587265
0.044791463762521744
0.05020279437303543
0.2547978162765503
0.04257844015955925
0.04900011420249939
0.01919648051261902
0.08990637212991714
0.03236783295869827
0.07194894552230835
0.06052152439951897
0.09262910485267639
0.043754834681749344
0.030726920813322067
0.12343549728393555
0.08905210345983505
0.12482880800962448
0.14263901114463806
0.04430559650063515
0.14256390929222107
0.12345774471759796
0.20700933039188385
0.06038938835263252
0.1298026144504547
0.12640610337257385
0.041124965995550156
0.041342929005622864
0.1104334145784378
0.09613674879074097
0.05448923259973526
0.026396481320261955
0.02679036185145378
0.04886883497238159
0.039285097271203995
0.1787024885416031
0.06854184716939926
0.027822984382510185
0.028156649321317673
0.048498496413230896
0.04036880284547806
0.03210461139678955
0.03273727372288704
0.12543074786663055
0.14562809467315674
0.04144125431776047
0.0813070759177208
0.1038283035159111
0.20110096037387848
0.04933822154998779
0.09236478805541992
0.06676056981086731
0.04143783450126648
0.09593044966459274
0.07291310280561447
0.21994146704673767
0.06156264990568161
0.11370587348937988
0.04888926073908806
0.044491879642009735
0.07110918313264847
0.08661115169525146
0.017956901341676712
0.1197066679596901
0.026428479701280594
0.0145597318187356
0.12426455318927765
0.15371373295783997
0.19681845605373383
0.10779712349176407
0.1642342060804367
0.1656356155872345
0.09901730716228485
0.06115530803799629
0.048151157796382904
0.10945060849189758
0.03886113315820694
0.19771526753902435
0.04787939041852951
0.04347817227244377
0.2162933200597763
0.04379662498831749
0.11690815538167953
0.11535275727510452
0.20493505895137787
0.312183678150177
0.056624699383974075
0.15848146378993988
0.1924726516008377
0.11226332932710648
0.12911328673362732
0.0629502460360527
0.008232046850025654
0.06290047615766525
0.15815229713916779
0.1758471429347992
0.03756918013095856
0.09391823410987854
0.08551736176013947
0.2309703528881073
0.01412343978881836
0.04385622963309288
0.0221354179084301
0.10779601335525513
0.026099490001797676
0.040801167488098145
0.031288992613554
0.10107174515724182
0.03893275931477547
0.0828852429986
0.02338404767215252
0.06529074162244797
0.04445981979370117
0.0754433423280716
0.1118384301662445
0.11602143943309784
0.09363610297441483
0.18114949762821198
0.04098675772547722
0.08498562127351761
0.05343826115131378
0.09215161949396133
0.05694114416837692
0.06365595757961273
0.12601876258850098
0.06811445206403732
0.02360648103058338
0.025493981316685677
0.09202346950769424
0.024633677676320076
0.033470820635557175
0.09515047818422318
0.162883922457695
0.0740390196442604
0.11933299154043198
0.1494777500629425
0.06463926285505295
0.04747641831636429
0.022145476192235947
0.15758951008319855
0.29930728673934937
0.044459037482738495
0.030420972034335136
0.08411307632923126
0.045051127672195435
0.04701794311404228
0.07028873264789581
0.08294221758842468
0.15194660425186157
0.04368077591061592
0.20995712280273438
0.23141543567180634
0.24537552893161774
0.016338825225830078
0.08868718892335892
0.08059658855199814
0.10014218091964722
0.049266982823610306
0.10262935608625412
0.1841125637292862
0.11604468524456024
0.06599155068397522
0.05943572148680687
0.18386948108673096
0.061258915811777115
0.07980971783399582
0.022260554134845734
0.17223447561264038
0.2514645755290985
0.10173370689153671
0.059517521411180496
0.21660491824150085
0.061547182500362396
0.043383240699768066
0.03810134157538414
0.12461089342832565
0.14530900120735168
0.03340490162372589
0.034889522939920425
0.09288503229618073
0.04798553138971329
0.04494170844554901
0.08163510262966156
0.07648010551929474
0.11870936304330826
0.08136021345853806
0.13079719245433807
0.066838838160038
0.10430486500263214
0.06758011877536774
0.06854758411645889
0.08110058307647705
0.1323803961277008
0.04305622726678848
0.16134873032569885
0.1742176115512848
0.12813636660575867
0.03878115490078926
0.20682920515537262
0.04348498210310936
0.11107589304447174
0.09040611982345581
0.02187500335276127
0.10928556323051453
0.15167021751403809
0.09459899365901947
0.020287062972784042
0.02297293394804001
0.015641730278730392
0.12706755101680756
0.19042246043682098
0.0617218054831028
0.06577403098344803
0.07352345436811447
0.08575406670570374
0.10741261392831802
0.15387368202209473
0.01684582233428955
0.06065315380692482
0.10268071293830872
0.06299781054258347
0.09182052314281464
0.09991677850484848
0.12062427401542664
0.07708943635225296
0.056356605142354965
0.05343654751777649
0.06417421996593475
0.03706069663167
0.10035258531570435
0.15192188322544098
0.04225143417716026
0.017155537381768227
0.03300626948475838
0.010955587960779667
0.025869345292448997
0.08750555664300919
0.039717573672533035
0.09683149307966232
0.02990269660949707
0.09406321495771408
0.01979181356728077
0.12386089563369751
0.02693365141749382
0.06226309388875961
0.03792692348361015
0.020743075758218765
0.08399523794651031
0.07653725147247314
0.19705434143543243
0.006901985500007868
0.16894662380218506
0.03986106812953949
0.054438456892967224
0.08994124829769135
0.07912737131118774
0.2659509778022766
0.03815104067325592
0.08123355358839035
0.08691331744194031
0.07769875973463058
0.13692766427993774
0.08410926908254623
0.10024474561214447
0.10352696478366852
0.15418055653572083
0.01872469112277031
0.08854622393846512
0.07517228275537491
0.10841493308544159
0.03132057562470436
0.08906233310699463
0.13131308555603027
0.05045254901051521
0.011381003074347973
0.03677811101078987
0.12634484469890594
0.025282008573412895
0.07681635022163391
0.08580441772937775
0.09944093227386475
0.1741994023323059
0.07387332618236542
0.01341304648667574
0.1220649778842926
0.09240029752254486
0.05267021432518959
0.10801753401756287
0.16536979377269745
0.08032965660095215
0.03223898261785507
0.035180237144231796
0.06383820623159409
0.03222793713212013
0.15569795668125153
0.0837942436337471
0.1457655280828476
0.01356956735253334
0.05860644578933716
0.126530259847641
0.14467474818229675
0.1816156804561615
0.050561223179101944
0.06440813094377518
0.10158615559339523
0.0735715702176094
0.0910622775554657
0.08577143400907516
0.023961640894412994
0.1508076786994934
0.03713617101311684
0.042325809597969055
0.20288972556591034
0.08168404549360275
0.07136061787605286
0.11954454332590103
0.013152612373232841
0.04479164257645607
0.13899081945419312
0.04055727273225784
0.04223671182990074
0.13722848892211914
0.05395364388823509
0.0736921951174736
0.0425732359290123
0.1448957622051239
0.15258610248565674
0.15738625824451447
0.0680682510137558
0.06882045418024063
0.20501084625720978
0.21782632172107697
0.14101245999336243
0.026133328676223755
0.13120976090431213
0.046481870114803314
0.062195803970098495
0.03741466999053955
0.06555812805891037
0.1775965541601181
0.05891580879688263
0.10231251269578934
0.1416887789964676
0.21266070008277893
0.070897176861763
0.02434966340661049
0.2463998943567276
0.09564615786075592
0.08987463265657425
0.025652388110756874
0.10823953151702881
0.0450032614171505
0.07160984724760056
0.084355428814888
0.27006882429122925
0.15648482739925385
0.16108357906341553
0.2043766975402832
0.20461419224739075
0.009727262891829014
0.09618350118398666
0.12651203572750092
0.05239741504192352
0.08556941896677017
0.05666004493832588
0.023336797952651978
0.03805271536111832
0.015571791678667068
0.06153962388634682
0.0943402573466301
0.1252644807100296
0.04240270331501961
0.07246799021959305
0.1551126390695572
0.12648451328277588
0.06899552792310715
0.06965271383523941
0.12369848042726517
0.1831466108560562
0.1227937713265419
0.10091446340084076
0.037032030522823334
0.055606596171855927
0.04383321478962898
0.06447261571884155
0.09558816999197006
0.011139851994812489
0.18255218863487244
0.06129039078950882
0.17324545979499817
0.05167374014854431
0.10142464935779572
0.11222781240940094
0.3156402111053467
0.08472141623497009
0.07468751817941666
0.0964873656630516
0.09039103984832764
0.13732528686523438
0.1672157198190689
0.08193804323673248
0.15046362578868866
0.22185489535331726
0.1855562925338745
0.12634937465190887
0.07395115494728088
0.17701055109500885
0.25125643610954285
0.056603629142045975
0.01345853041857481
0.04568285122513771
0.10677329450845718
0.039752304553985596
0.04337482154369354
0.13960884511470795
0.04403262212872505
0.05125158652663231
0.05609254166483879
0.13866034150123596
0.08910731971263885
0.09428849071264267
0.01693139038980007
0.059811532497406006
0.04072537273168564
0.11587055772542953
